[0.803s] Invoking command in '/home/sakuto/ros2_ws/src/mypkg': PYTHONPATH=/home/sakuto/ros2_ws/build/mypkg/prefix_override:/home/sakuto/ros2_ws/install/mypkg/lib/python3.10/site-packages:${PYTHONPATH} /usr/bin/python3 setup.py egg_info --egg-base ../../build/mypkg build --build-base /home/sakuto/ros2_ws/build/mypkg/build install --record /home/sakuto/ros2_ws/build/mypkg/install.log --single-version-externally-managed
[1.304s] running egg_info
[1.305s] writing ../../build/mypkg/mypkg.egg-info/PKG-INFO
[1.306s] writing dependency_links to ../../build/mypkg/mypkg.egg-info/dependency_links.txt
[1.306s] writing entry points to ../../build/mypkg/mypkg.egg-info/entry_points.txt
[1.306s] writing requirements to ../../build/mypkg/mypkg.egg-info/requires.txt
[1.307s] writing top-level names to ../../build/mypkg/mypkg.egg-info/top_level.txt
[1.310s] reading manifest file '../../build/mypkg/mypkg.egg-info/SOURCES.txt'
[1.312s] writing manifest file '../../build/mypkg/mypkg.egg-info/SOURCES.txt'
[1.313s] running build
[1.313s] running build_py
[1.313s] copying mypkg/listener.py -> /home/sakuto/ros2_ws/build/mypkg/build/lib/mypkg
[1.314s] running install
[1.314s] /usr/lib/python3/dist-packages/setuptools/command/install.py:34: SetuptoolsDeprecationWarning: setup.py install is deprecated. Use build and pip and other standards-based tools.
[1.314s]   warnings.warn(
[1.315s] running install_lib
[1.317s] copying /home/sakuto/ros2_ws/build/mypkg/build/lib/mypkg/listener.py -> /home/sakuto/ros2_ws/install/mypkg/lib/python3.10/site-packages/mypkg
[1.318s] byte-compiling /home/sakuto/ros2_ws/install/mypkg/lib/python3.10/site-packages/mypkg/listener.py to listener.cpython-310.pyc
[1.319s] running install_data
[1.321s] running install_egg_info
[1.324s] removing '/home/sakuto/ros2_ws/install/mypkg/lib/python3.10/site-packages/mypkg-0.0.0-py3.10.egg-info' (and everything under it)
[1.324s] Copying ../../build/mypkg/mypkg.egg-info to /home/sakuto/ros2_ws/install/mypkg/lib/python3.10/site-packages/mypkg-0.0.0-py3.10.egg-info
[1.326s] running install_scripts
[1.376s] Installing listener script to /home/sakuto/ros2_ws/install/mypkg/lib/mypkg
[1.377s] Installing talker script to /home/sakuto/ros2_ws/install/mypkg/lib/mypkg
[1.377s] writing list of installed files to '/home/sakuto/ros2_ws/build/mypkg/install.log'
[1.406s] Invoked command in '/home/sakuto/ros2_ws/src/mypkg' returned '0': PYTHONPATH=/home/sakuto/ros2_ws/build/mypkg/prefix_override:/home/sakuto/ros2_ws/install/mypkg/lib/python3.10/site-packages:${PYTHONPATH} /usr/bin/python3 setup.py egg_info --egg-base ../../build/mypkg build --build-base /home/sakuto/ros2_ws/build/mypkg/build install --record /home/sakuto/ros2_ws/build/mypkg/install.log --single-version-externally-managed
