[0.347s] Invoking command in '/home/sakuto/ros2_ws/src/mypkg': PYTHONPATH=/home/sakuto/ros2_ws/build/mypkg/prefix_override:/home/sakuto/ros2_ws/install/mypkg/lib/python3.10/site-packages:${PYTHONPATH} /usr/bin/python3 setup.py egg_info --egg-base ../../build/mypkg build --build-base /home/sakuto/ros2_ws/build/mypkg/build install --record /home/sakuto/ros2_ws/build/mypkg/install.log --single-version-externally-managed
[0.470s] running egg_info
[0.470s] creating ../../build/mypkg/mypkg.egg-info
[0.470s] writing ../../build/mypkg/mypkg.egg-info/PKG-INFO
[0.470s] writing dependency_links to ../../build/mypkg/mypkg.egg-info/dependency_links.txt
[0.470s] writing entry points to ../../build/mypkg/mypkg.egg-info/entry_points.txt
[0.470s] writing requirements to ../../build/mypkg/mypkg.egg-info/requires.txt
[0.470s] writing top-level names to ../../build/mypkg/mypkg.egg-info/top_level.txt
[0.471s] writing manifest file '../../build/mypkg/mypkg.egg-info/SOURCES.txt'
[0.471s] reading manifest file '../../build/mypkg/mypkg.egg-info/SOURCES.txt'
[0.472s] writing manifest file '../../build/mypkg/mypkg.egg-info/SOURCES.txt'
[0.472s] running build
[0.472s] running build_py
[0.472s] creating /home/sakuto/ros2_ws/build/mypkg/build
[0.472s] creating /home/sakuto/ros2_ws/build/mypkg/build/lib
[0.473s] creating /home/sakuto/ros2_ws/build/mypkg/build/lib/mypkg
[0.473s] /usr/lib/python3/dist-packages/setuptools/command/install.py:34: SetuptoolsDeprecationWarning: setup.py install is deprecated. Use build and pip and other standards-based tools.
[0.473s]   warnings.warn(
[0.473s] copying mypkg/__init__.py -> /home/sakuto/ros2_ws/build/mypkg/build/lib/mypkg
[0.473s] running install
[0.473s] running install_lib
[0.473s] creating /home/sakuto/ros2_ws/install/mypkg/lib/python3.10/site-packages/mypkg
[0.473s] copying /home/sakuto/ros2_ws/build/mypkg/build/lib/mypkg/__init__.py -> /home/sakuto/ros2_ws/install/mypkg/lib/python3.10/site-packages/mypkg
[0.473s] byte-compiling /home/sakuto/ros2_ws/install/mypkg/lib/python3.10/site-packages/mypkg/__init__.py to __init__.cpython-310.pyc
[0.474s] running install_data
[0.474s] creating /home/sakuto/ros2_ws/install/mypkg/share/ament_index
[0.474s] creating /home/sakuto/ros2_ws/install/mypkg/share/ament_index/resource_index
[0.474s] creating /home/sakuto/ros2_ws/install/mypkg/share/ament_index/resource_index/packages
[0.474s] copying resource/mypkg -> /home/sakuto/ros2_ws/install/mypkg/share/ament_index/resource_index/packages
[0.474s] copying package.xml -> /home/sakuto/ros2_ws/install/mypkg/share/mypkg
[0.474s] running install_egg_info
[0.475s] Copying ../../build/mypkg/mypkg.egg-info to /home/sakuto/ros2_ws/install/mypkg/lib/python3.10/site-packages/mypkg-0.0.0-py3.10.egg-info
[0.478s] running install_scripts
[0.491s] writing list of installed files to '/home/sakuto/ros2_ws/build/mypkg/install.log'
[0.507s] Invoked command in '/home/sakuto/ros2_ws/src/mypkg' returned '0': PYTHONPATH=/home/sakuto/ros2_ws/build/mypkg/prefix_override:/home/sakuto/ros2_ws/install/mypkg/lib/python3.10/site-packages:${PYTHONPATH} /usr/bin/python3 setup.py egg_info --egg-base ../../build/mypkg build --build-base /home/sakuto/ros2_ws/build/mypkg/build install --record /home/sakuto/ros2_ws/build/mypkg/install.log --single-version-externally-managed
