[0.252s] Invoking command in '/home/sakuto/ros2_ws/build/person_msgs': CMAKE_PREFIX_PATH=${CMAKE_PREFIX_PATH}:/home/sakuto/ros2_ws/install/mypkg:/opt/ros/humble /usr/bin/cmake --build /home/sakuto/ros2_ws/build/person_msgs -- -j8 -l8
[0.287s] [35m[1mConsolidate compiler generated dependencies of target person_msgs__rosidl_generator_c[0m
[0.296s] [  2%] Built target person_msgs__cpp
[0.296s] [ 12%] Built target person_msgs__rosidl_generator_c
[0.305s] [ 12%] Built target ament_cmake_python_copy_person_msgs
[0.305s] [35m[1mConsolidate compiler generated dependencies of target person_msgs__rosidl_typesupport_introspection_c[0m
[0.305s] [35m[1mConsolidate compiler generated dependencies of target person_msgs__rosidl_typesupport_introspection_cpp[0m
[0.306s] [35m[1mConsolidate compiler generated dependencies of target person_msgs__rosidl_typesupport_fastrtps_cpp[0m
[0.309s] [35m[1mConsolidate compiler generated dependencies of target person_msgs__rosidl_typesupport_fastrtps_c[0m
[0.313s] [35m[1mConsolidate compiler generated dependencies of target person_msgs__rosidl_typesupport_cpp[0m
[0.316s] [35m[1mConsolidate compiler generated dependencies of target person_msgs__rosidl_typesupport_c[0m
[0.317s] [ 23%] Built target person_msgs__rosidl_typesupport_introspection_c
[0.321s] [ 33%] Built target person_msgs__rosidl_typesupport_introspection_cpp
[0.324s] [ 43%] Built target person_msgs__rosidl_typesupport_fastrtps_cpp
[0.324s] [ 53%] Built target person_msgs__rosidl_typesupport_fastrtps_c
[0.328s] [ 64%] Built target person_msgs__rosidl_typesupport_cpp
[0.328s] [ 74%] Built target person_msgs__rosidl_typesupport_c
[0.347s] [ 74%] Built target person_msgs
[0.369s] [ 76%] Built target person_msgs__py
[0.379s] [35m[1mConsolidate compiler generated dependencies of target person_msgs__rosidl_generator_py[0m
[0.393s] [ 84%] Built target person_msgs__rosidl_generator_py
[0.405s] [35m[1mConsolidate compiler generated dependencies of target person_msgs__rosidl_typesupport_introspection_c__pyext[0m
[0.405s] [35m[1mConsolidate compiler generated dependencies of target person_msgs__rosidl_typesupport_c__pyext[0m
[0.405s] [35m[1mConsolidate compiler generated dependencies of target person_msgs__rosidl_typesupport_fastrtps_c__pyext[0m
[0.416s] [ 89%] Built target person_msgs__rosidl_typesupport_introspection_c__pyext
[0.417s] [ 94%] Built target person_msgs__rosidl_typesupport_fastrtps_c__pyext
[0.417s] [100%] Built target person_msgs__rosidl_typesupport_c__pyext
[0.580s] running egg_info
[0.582s] writing person_msgs.egg-info/PKG-INFO
[0.582s] writing dependency_links to person_msgs.egg-info/dependency_links.txt
[0.582s] writing top-level names to person_msgs.egg-info/top_level.txt
[0.585s] reading manifest file 'person_msgs.egg-info/SOURCES.txt'
[0.585s] writing manifest file 'person_msgs.egg-info/SOURCES.txt'
[0.613s] [100%] Built target ament_cmake_python_build_person_msgs_egg
[0.622s] Invoked command in '/home/sakuto/ros2_ws/build/person_msgs' returned '0': CMAKE_PREFIX_PATH=${CMAKE_PREFIX_PATH}:/home/sakuto/ros2_ws/install/mypkg:/opt/ros/humble /usr/bin/cmake --build /home/sakuto/ros2_ws/build/person_msgs -- -j8 -l8
[0.688s] Invoking command in '/home/sakuto/ros2_ws/build/person_msgs': CMAKE_PREFIX_PATH=${CMAKE_PREFIX_PATH}:/home/sakuto/ros2_ws/install/mypkg:/opt/ros/humble /usr/bin/cmake --install /home/sakuto/ros2_ws/build/person_msgs
[0.694s] -- Install configuration: ""
[0.694s] -- Up-to-date: /home/sakuto/ros2_ws/install/person_msgs/share/ament_index/resource_index/rosidl_interfaces/person_msgs
[0.695s] -- Up-to-date: /home/sakuto/ros2_ws/install/person_msgs/include/person_msgs/person_msgs
[0.695s] -- Up-to-date: /home/sakuto/ros2_ws/install/person_msgs/include/person_msgs/person_msgs/srv
[0.695s] -- Up-to-date: /home/sakuto/ros2_ws/install/person_msgs/include/person_msgs/person_msgs/srv/query.h
[0.695s] -- Up-to-date: /home/sakuto/ros2_ws/install/person_msgs/include/person_msgs/person_msgs/srv/detail
[0.695s] -- Up-to-date: /home/sakuto/ros2_ws/install/person_msgs/include/person_msgs/person_msgs/srv/detail/query__functions.c
[0.696s] -- Up-to-date: /home/sakuto/ros2_ws/install/person_msgs/include/person_msgs/person_msgs/srv/detail/query__type_support.h
[0.696s] -- Up-to-date: /home/sakuto/ros2_ws/install/person_msgs/include/person_msgs/person_msgs/srv/detail/query__functions.h
[0.696s] -- Up-to-date: /home/sakuto/ros2_ws/install/person_msgs/include/person_msgs/person_msgs/srv/detail/query__struct.h
[0.696s] -- Up-to-date: /home/sakuto/ros2_ws/install/person_msgs/include/person_msgs/person_msgs/msg
[0.697s] -- Up-to-date: /home/sakuto/ros2_ws/install/person_msgs/include/person_msgs/person_msgs/msg/person.h
[0.697s] -- Up-to-date: /home/sakuto/ros2_ws/install/person_msgs/include/person_msgs/person_msgs/msg/rosidl_generator_c__visibility_control.h
[0.697s] -- Up-to-date: /home/sakuto/ros2_ws/install/person_msgs/include/person_msgs/person_msgs/msg/detail
[0.697s] -- Up-to-date: /home/sakuto/ros2_ws/install/person_msgs/include/person_msgs/person_msgs/msg/detail/person__functions.c
[0.698s] -- Up-to-date: /home/sakuto/ros2_ws/install/person_msgs/include/person_msgs/person_msgs/msg/detail/person__type_support.h
[0.698s] -- Up-to-date: /home/sakuto/ros2_ws/install/person_msgs/include/person_msgs/person_msgs/msg/detail/person__functions.h
[0.698s] -- Up-to-date: /home/sakuto/ros2_ws/install/person_msgs/include/person_msgs/person_msgs/msg/detail/person__struct.h
[0.699s] -- Up-to-date: /home/sakuto/ros2_ws/install/person_msgs/share/person_msgs/environment/library_path.sh
[0.699s] -- Up-to-date: /home/sakuto/ros2_ws/install/person_msgs/share/person_msgs/environment/library_path.dsv
[0.699s] -- Up-to-date: /home/sakuto/ros2_ws/install/person_msgs/lib/libperson_msgs__rosidl_generator_c.so
[0.699s] -- Up-to-date: /home/sakuto/ros2_ws/install/person_msgs/include/person_msgs/person_msgs
[0.699s] -- Up-to-date: /home/sakuto/ros2_ws/install/person_msgs/include/person_msgs/person_msgs/srv
[0.700s] -- Up-to-date: /home/sakuto/ros2_ws/install/person_msgs/include/person_msgs/person_msgs/srv/detail
[0.700s] -- Up-to-date: /home/sakuto/ros2_ws/install/person_msgs/include/person_msgs/person_msgs/srv/detail/query__rosidl_typesupport_fastrtps_c.h
[0.700s] -- Up-to-date: /home/sakuto/ros2_ws/install/person_msgs/include/person_msgs/person_msgs/msg
[0.700s] -- Up-to-date: /home/sakuto/ros2_ws/install/person_msgs/include/person_msgs/person_msgs/msg/rosidl_typesupport_fastrtps_c__visibility_control.h
[0.700s] -- Up-to-date: /home/sakuto/ros2_ws/install/person_msgs/include/person_msgs/person_msgs/msg/detail
[0.700s] -- Up-to-date: /home/sakuto/ros2_ws/install/person_msgs/include/person_msgs/person_msgs/msg/detail/person__rosidl_typesupport_fastrtps_c.h
[0.701s] -- Up-to-date: /home/sakuto/ros2_ws/install/person_msgs/lib/libperson_msgs__rosidl_typesupport_fastrtps_c.so
[0.701s] -- Up-to-date: /home/sakuto/ros2_ws/install/person_msgs/include/person_msgs/person_msgs
[0.701s] -- Up-to-date: /home/sakuto/ros2_ws/install/person_msgs/include/person_msgs/person_msgs/srv
[0.701s] -- Up-to-date: /home/sakuto/ros2_ws/install/person_msgs/include/person_msgs/person_msgs/srv/detail
[0.701s] -- Up-to-date: /home/sakuto/ros2_ws/install/person_msgs/include/person_msgs/person_msgs/srv/detail/query__type_support.c
[0.701s] -- Up-to-date: /home/sakuto/ros2_ws/install/person_msgs/include/person_msgs/person_msgs/srv/detail/query__rosidl_typesupport_introspection_c.h
[0.702s] -- Up-to-date: /home/sakuto/ros2_ws/install/person_msgs/include/person_msgs/person_msgs/msg
[0.702s] -- Up-to-date: /home/sakuto/ros2_ws/install/person_msgs/include/person_msgs/person_msgs/msg/rosidl_typesupport_introspection_c__visibility_control.h
[0.702s] -- Up-to-date: /home/sakuto/ros2_ws/install/person_msgs/include/person_msgs/person_msgs/msg/detail
[0.702s] -- Up-to-date: /home/sakuto/ros2_ws/install/person_msgs/include/person_msgs/person_msgs/msg/detail/person__type_support.c
[0.702s] -- Up-to-date: /home/sakuto/ros2_ws/install/person_msgs/include/person_msgs/person_msgs/msg/detail/person__rosidl_typesupport_introspection_c.h
[0.702s] -- Up-to-date: /home/sakuto/ros2_ws/install/person_msgs/lib/libperson_msgs__rosidl_typesupport_introspection_c.so
[0.702s] -- Up-to-date: /home/sakuto/ros2_ws/install/person_msgs/lib/libperson_msgs__rosidl_typesupport_c.so
[0.703s] -- Up-to-date: /home/sakuto/ros2_ws/install/person_msgs/include/person_msgs/person_msgs
[0.703s] -- Up-to-date: /home/sakuto/ros2_ws/install/person_msgs/include/person_msgs/person_msgs/srv
[0.703s] -- Up-to-date: /home/sakuto/ros2_ws/install/person_msgs/include/person_msgs/person_msgs/srv/query.hpp
[0.703s] -- Up-to-date: /home/sakuto/ros2_ws/install/person_msgs/include/person_msgs/person_msgs/srv/detail
[0.703s] -- Up-to-date: /home/sakuto/ros2_ws/install/person_msgs/include/person_msgs/person_msgs/srv/detail/query__builder.hpp
[0.703s] -- Up-to-date: /home/sakuto/ros2_ws/install/person_msgs/include/person_msgs/person_msgs/srv/detail/query__struct.hpp
[0.703s] -- Up-to-date: /home/sakuto/ros2_ws/install/person_msgs/include/person_msgs/person_msgs/srv/detail/query__traits.hpp
[0.703s] -- Up-to-date: /home/sakuto/ros2_ws/install/person_msgs/include/person_msgs/person_msgs/msg
[0.703s] -- Up-to-date: /home/sakuto/ros2_ws/install/person_msgs/include/person_msgs/person_msgs/msg/person.hpp
[0.703s] -- Up-to-date: /home/sakuto/ros2_ws/install/person_msgs/include/person_msgs/person_msgs/msg/detail
[0.703s] -- Up-to-date: /home/sakuto/ros2_ws/install/person_msgs/include/person_msgs/person_msgs/msg/detail/person__builder.hpp
[0.703s] -- Up-to-date: /home/sakuto/ros2_ws/install/person_msgs/include/person_msgs/person_msgs/msg/detail/person__traits.hpp
[0.703s] -- Up-to-date: /home/sakuto/ros2_ws/install/person_msgs/include/person_msgs/person_msgs/msg/detail/person__struct.hpp
[0.703s] -- Up-to-date: /home/sakuto/ros2_ws/install/person_msgs/include/person_msgs/person_msgs
[0.703s] -- Up-to-date: /home/sakuto/ros2_ws/install/person_msgs/include/person_msgs/person_msgs/srv
[0.703s] -- Up-to-date: /home/sakuto/ros2_ws/install/person_msgs/include/person_msgs/person_msgs/srv/detail
[0.704s] -- Up-to-date: /home/sakuto/ros2_ws/install/person_msgs/include/person_msgs/person_msgs/srv/detail/dds_fastrtps
[0.704s] -- Up-to-date: /home/sakuto/ros2_ws/install/person_msgs/include/person_msgs/person_msgs/srv/detail/query__rosidl_typesupport_fastrtps_cpp.hpp
[0.704s] -- Up-to-date: /home/sakuto/ros2_ws/install/person_msgs/include/person_msgs/person_msgs/msg
[0.704s] -- Up-to-date: /home/sakuto/ros2_ws/install/person_msgs/include/person_msgs/person_msgs/msg/rosidl_typesupport_fastrtps_cpp__visibility_control.h
[0.704s] -- Up-to-date: /home/sakuto/ros2_ws/install/person_msgs/include/person_msgs/person_msgs/msg/detail
[0.704s] -- Up-to-date: /home/sakuto/ros2_ws/install/person_msgs/include/person_msgs/person_msgs/msg/detail/dds_fastrtps
[0.704s] -- Up-to-date: /home/sakuto/ros2_ws/install/person_msgs/include/person_msgs/person_msgs/msg/detail/person__rosidl_typesupport_fastrtps_cpp.hpp
[0.704s] -- Up-to-date: /home/sakuto/ros2_ws/install/person_msgs/lib/libperson_msgs__rosidl_typesupport_fastrtps_cpp.so
[0.704s] -- Up-to-date: /home/sakuto/ros2_ws/install/person_msgs/include/person_msgs/person_msgs
[0.704s] -- Up-to-date: /home/sakuto/ros2_ws/install/person_msgs/include/person_msgs/person_msgs/srv
[0.704s] -- Up-to-date: /home/sakuto/ros2_ws/install/person_msgs/include/person_msgs/person_msgs/srv/detail
[0.704s] -- Up-to-date: /home/sakuto/ros2_ws/install/person_msgs/include/person_msgs/person_msgs/srv/detail/query__type_support.cpp
[0.704s] -- Up-to-date: /home/sakuto/ros2_ws/install/person_msgs/include/person_msgs/person_msgs/srv/detail/query__rosidl_typesupport_introspection_cpp.hpp
[0.704s] -- Up-to-date: /home/sakuto/ros2_ws/install/person_msgs/include/person_msgs/person_msgs/msg
[0.704s] -- Up-to-date: /home/sakuto/ros2_ws/install/person_msgs/include/person_msgs/person_msgs/msg/detail
[0.704s] -- Up-to-date: /home/sakuto/ros2_ws/install/person_msgs/include/person_msgs/person_msgs/msg/detail/person__rosidl_typesupport_introspection_cpp.hpp
[0.704s] -- Up-to-date: /home/sakuto/ros2_ws/install/person_msgs/include/person_msgs/person_msgs/msg/detail/person__type_support.cpp
[0.704s] -- Up-to-date: /home/sakuto/ros2_ws/install/person_msgs/lib/libperson_msgs__rosidl_typesupport_introspection_cpp.so
[0.705s] -- Up-to-date: /home/sakuto/ros2_ws/install/person_msgs/lib/libperson_msgs__rosidl_typesupport_cpp.so
[0.705s] -- Up-to-date: /home/sakuto/ros2_ws/install/person_msgs/share/person_msgs/environment/pythonpath.sh
[0.705s] -- Up-to-date: /home/sakuto/ros2_ws/install/person_msgs/share/person_msgs/environment/pythonpath.dsv
[0.705s] -- Up-to-date: /home/sakuto/ros2_ws/install/person_msgs/local/lib/python3.10/dist-packages/person_msgs-0.0.0-py3.10.egg-info
[0.705s] -- Installing: /home/sakuto/ros2_ws/install/person_msgs/local/lib/python3.10/dist-packages/person_msgs-0.0.0-py3.10.egg-info/top_level.txt
[0.705s] -- Installing: /home/sakuto/ros2_ws/install/person_msgs/local/lib/python3.10/dist-packages/person_msgs-0.0.0-py3.10.egg-info/dependency_links.txt
[0.705s] -- Installing: /home/sakuto/ros2_ws/install/person_msgs/local/lib/python3.10/dist-packages/person_msgs-0.0.0-py3.10.egg-info/SOURCES.txt
[0.705s] -- Installing: /home/sakuto/ros2_ws/install/person_msgs/local/lib/python3.10/dist-packages/person_msgs-0.0.0-py3.10.egg-info/PKG-INFO
[0.705s] -- Up-to-date: /home/sakuto/ros2_ws/install/person_msgs/local/lib/python3.10/dist-packages/person_msgs
[0.705s] -- Up-to-date: /home/sakuto/ros2_ws/install/person_msgs/local/lib/python3.10/dist-packages/person_msgs/srv
[0.705s] -- Up-to-date: /home/sakuto/ros2_ws/install/person_msgs/local/lib/python3.10/dist-packages/person_msgs/srv/_query_s.c
[0.705s] -- Up-to-date: /home/sakuto/ros2_ws/install/person_msgs/local/lib/python3.10/dist-packages/person_msgs/srv/_query.py
[0.705s] -- Up-to-date: /home/sakuto/ros2_ws/install/person_msgs/local/lib/python3.10/dist-packages/person_msgs/srv/__init__.py
[0.705s] -- Up-to-date: /home/sakuto/ros2_ws/install/person_msgs/local/lib/python3.10/dist-packages/person_msgs/libperson_msgs__rosidl_generator_py.so
[0.705s] -- Up-to-date: /home/sakuto/ros2_ws/install/person_msgs/local/lib/python3.10/dist-packages/person_msgs/_person_msgs_s.ep.rosidl_typesupport_introspection_c.c
[0.705s] -- Up-to-date: /home/sakuto/ros2_ws/install/person_msgs/local/lib/python3.10/dist-packages/person_msgs/_person_msgs_s.ep.rosidl_typesupport_c.c
[0.705s] -- Up-to-date: /home/sakuto/ros2_ws/install/person_msgs/local/lib/python3.10/dist-packages/person_msgs/person_msgs_s__rosidl_typesupport_fastrtps_c.cpython-310-x86_64-linux-gnu.so
[0.705s] -- Up-to-date: /home/sakuto/ros2_ws/install/person_msgs/local/lib/python3.10/dist-packages/person_msgs/msg
[0.705s] -- Up-to-date: /home/sakuto/ros2_ws/install/person_msgs/local/lib/python3.10/dist-packages/person_msgs/msg/_person.py
[0.705s] -- Up-to-date: /home/sakuto/ros2_ws/install/person_msgs/local/lib/python3.10/dist-packages/person_msgs/msg/_person_s.c
[0.705s] -- Up-to-date: /home/sakuto/ros2_ws/install/person_msgs/local/lib/python3.10/dist-packages/person_msgs/msg/__init__.py
[0.706s] -- Up-to-date: /home/sakuto/ros2_ws/install/person_msgs/local/lib/python3.10/dist-packages/person_msgs/person_msgs_s__rosidl_typesupport_introspection_c.cpython-310-x86_64-linux-gnu.so
[0.706s] -- Up-to-date: /home/sakuto/ros2_ws/install/person_msgs/local/lib/python3.10/dist-packages/person_msgs/person_msgs_s__rosidl_typesupport_c.cpython-310-x86_64-linux-gnu.so
[0.706s] -- Up-to-date: /home/sakuto/ros2_ws/install/person_msgs/local/lib/python3.10/dist-packages/person_msgs/_person_msgs_s.ep.rosidl_typesupport_fastrtps_c.c
[0.706s] -- Up-to-date: /home/sakuto/ros2_ws/install/person_msgs/local/lib/python3.10/dist-packages/person_msgs/__init__.py
[0.731s] Listing '/home/sakuto/ros2_ws/install/person_msgs/local/lib/python3.10/dist-packages/person_msgs'...
[0.731s] Listing '/home/sakuto/ros2_ws/install/person_msgs/local/lib/python3.10/dist-packages/person_msgs/msg'...
[0.731s] Listing '/home/sakuto/ros2_ws/install/person_msgs/local/lib/python3.10/dist-packages/person_msgs/srv'...
[0.736s] -- Up-to-date: /home/sakuto/ros2_ws/install/person_msgs/local/lib/python3.10/dist-packages/person_msgs/person_msgs_s__rosidl_typesupport_fastrtps_c.cpython-310-x86_64-linux-gnu.so
[0.736s] -- Up-to-date: /home/sakuto/ros2_ws/install/person_msgs/local/lib/python3.10/dist-packages/person_msgs/person_msgs_s__rosidl_typesupport_introspection_c.cpython-310-x86_64-linux-gnu.so
[0.736s] -- Up-to-date: /home/sakuto/ros2_ws/install/person_msgs/local/lib/python3.10/dist-packages/person_msgs/person_msgs_s__rosidl_typesupport_c.cpython-310-x86_64-linux-gnu.so
[0.737s] -- Up-to-date: /home/sakuto/ros2_ws/install/person_msgs/lib/libperson_msgs__rosidl_generator_py.so
[0.737s] -- Up-to-date: /home/sakuto/ros2_ws/install/person_msgs/share/person_msgs/msg/Person.idl
[0.737s] -- Up-to-date: /home/sakuto/ros2_ws/install/person_msgs/share/person_msgs/srv/Query.idl
[0.737s] -- Up-to-date: /home/sakuto/ros2_ws/install/person_msgs/share/person_msgs/msg/Person.msg
[0.738s] -- Up-to-date: /home/sakuto/ros2_ws/install/person_msgs/share/person_msgs/srv/Query.srv
[0.738s] -- Up-to-date: /home/sakuto/ros2_ws/install/person_msgs/share/person_msgs/srv/Query_Request.msg
[0.738s] -- Up-to-date: /home/sakuto/ros2_ws/install/person_msgs/share/person_msgs/srv/Query_Response.msg
[0.738s] -- Up-to-date: /home/sakuto/ros2_ws/install/person_msgs/share/ament_index/resource_index/package_run_dependencies/person_msgs
[0.738s] -- Up-to-date: /home/sakuto/ros2_ws/install/person_msgs/share/ament_index/resource_index/parent_prefix_path/person_msgs
[0.739s] -- Up-to-date: /home/sakuto/ros2_ws/install/person_msgs/share/person_msgs/environment/ament_prefix_path.sh
[0.739s] -- Up-to-date: /home/sakuto/ros2_ws/install/person_msgs/share/person_msgs/environment/ament_prefix_path.dsv
[0.739s] -- Up-to-date: /home/sakuto/ros2_ws/install/person_msgs/share/person_msgs/environment/path.sh
[0.739s] -- Up-to-date: /home/sakuto/ros2_ws/install/person_msgs/share/person_msgs/environment/path.dsv
[0.739s] -- Up-to-date: /home/sakuto/ros2_ws/install/person_msgs/share/person_msgs/local_setup.bash
[0.740s] -- Up-to-date: /home/sakuto/ros2_ws/install/person_msgs/share/person_msgs/local_setup.sh
[0.740s] -- Up-to-date: /home/sakuto/ros2_ws/install/person_msgs/share/person_msgs/local_setup.zsh
[0.740s] -- Up-to-date: /home/sakuto/ros2_ws/install/person_msgs/share/person_msgs/local_setup.dsv
[0.740s] -- Installing: /home/sakuto/ros2_ws/install/person_msgs/share/person_msgs/package.dsv
[0.740s] -- Up-to-date: /home/sakuto/ros2_ws/install/person_msgs/share/ament_index/resource_index/packages/person_msgs
[0.741s] -- Up-to-date: /home/sakuto/ros2_ws/install/person_msgs/share/person_msgs/cmake/export_person_msgs__rosidl_generator_cExport.cmake
[0.741s] -- Up-to-date: /home/sakuto/ros2_ws/install/person_msgs/share/person_msgs/cmake/export_person_msgs__rosidl_generator_cExport-noconfig.cmake
[0.741s] -- Up-to-date: /home/sakuto/ros2_ws/install/person_msgs/share/person_msgs/cmake/export_person_msgs__rosidl_typesupport_fastrtps_cExport.cmake
[0.741s] -- Up-to-date: /home/sakuto/ros2_ws/install/person_msgs/share/person_msgs/cmake/export_person_msgs__rosidl_typesupport_fastrtps_cExport-noconfig.cmake
[0.741s] -- Up-to-date: /home/sakuto/ros2_ws/install/person_msgs/share/person_msgs/cmake/person_msgs__rosidl_typesupport_introspection_cExport.cmake
[0.741s] -- Up-to-date: /home/sakuto/ros2_ws/install/person_msgs/share/person_msgs/cmake/person_msgs__rosidl_typesupport_introspection_cExport-noconfig.cmake
[0.741s] -- Up-to-date: /home/sakuto/ros2_ws/install/person_msgs/share/person_msgs/cmake/person_msgs__rosidl_typesupport_cExport.cmake
[0.741s] -- Up-to-date: /home/sakuto/ros2_ws/install/person_msgs/share/person_msgs/cmake/person_msgs__rosidl_typesupport_cExport-noconfig.cmake
[0.741s] -- Up-to-date: /home/sakuto/ros2_ws/install/person_msgs/share/person_msgs/cmake/export_person_msgs__rosidl_generator_cppExport.cmake
[0.741s] -- Up-to-date: /home/sakuto/ros2_ws/install/person_msgs/share/person_msgs/cmake/export_person_msgs__rosidl_typesupport_fastrtps_cppExport.cmake
[0.741s] -- Up-to-date: /home/sakuto/ros2_ws/install/person_msgs/share/person_msgs/cmake/export_person_msgs__rosidl_typesupport_fastrtps_cppExport-noconfig.cmake
[0.741s] -- Up-to-date: /home/sakuto/ros2_ws/install/person_msgs/share/person_msgs/cmake/person_msgs__rosidl_typesupport_introspection_cppExport.cmake
[0.741s] -- Up-to-date: /home/sakuto/ros2_ws/install/person_msgs/share/person_msgs/cmake/person_msgs__rosidl_typesupport_introspection_cppExport-noconfig.cmake
[0.741s] -- Up-to-date: /home/sakuto/ros2_ws/install/person_msgs/share/person_msgs/cmake/person_msgs__rosidl_typesupport_cppExport.cmake
[0.741s] -- Up-to-date: /home/sakuto/ros2_ws/install/person_msgs/share/person_msgs/cmake/person_msgs__rosidl_typesupport_cppExport-noconfig.cmake
[0.741s] -- Up-to-date: /home/sakuto/ros2_ws/install/person_msgs/share/person_msgs/cmake/export_person_msgs__rosidl_generator_pyExport.cmake
[0.741s] -- Up-to-date: /home/sakuto/ros2_ws/install/person_msgs/share/person_msgs/cmake/export_person_msgs__rosidl_generator_pyExport-noconfig.cmake
[0.741s] -- Up-to-date: /home/sakuto/ros2_ws/install/person_msgs/share/person_msgs/cmake/rosidl_cmake-extras.cmake
[0.741s] -- Up-to-date: /home/sakuto/ros2_ws/install/person_msgs/share/person_msgs/cmake/ament_cmake_export_include_directories-extras.cmake
[0.741s] -- Up-to-date: /home/sakuto/ros2_ws/install/person_msgs/share/person_msgs/cmake/ament_cmake_export_libraries-extras.cmake
[0.742s] -- Up-to-date: /home/sakuto/ros2_ws/install/person_msgs/share/person_msgs/cmake/ament_cmake_export_targets-extras.cmake
[0.742s] -- Up-to-date: /home/sakuto/ros2_ws/install/person_msgs/share/person_msgs/cmake/rosidl_cmake_export_typesupport_targets-extras.cmake
[0.742s] -- Up-to-date: /home/sakuto/ros2_ws/install/person_msgs/share/person_msgs/cmake/ament_cmake_export_dependencies-extras.cmake
[0.742s] -- Up-to-date: /home/sakuto/ros2_ws/install/person_msgs/share/person_msgs/cmake/rosidl_cmake_export_typesupport_libraries-extras.cmake
[0.742s] -- Up-to-date: /home/sakuto/ros2_ws/install/person_msgs/share/person_msgs/cmake/person_msgsConfig.cmake
[0.742s] -- Up-to-date: /home/sakuto/ros2_ws/install/person_msgs/share/person_msgs/cmake/person_msgsConfig-version.cmake
[0.743s] -- Up-to-date: /home/sakuto/ros2_ws/install/person_msgs/share/person_msgs/package.xml
[0.745s] Invoked command in '/home/sakuto/ros2_ws/build/person_msgs' returned '0': CMAKE_PREFIX_PATH=${CMAKE_PREFIX_PATH}:/home/sakuto/ros2_ws/install/mypkg:/opt/ros/humble /usr/bin/cmake --install /home/sakuto/ros2_ws/build/person_msgs
