[0.310s] Invoking command in '/home/sakuto/ros2_ws/src/mypkg': PYTHONPATH=/home/sakuto/ros2_ws/build/mypkg/prefix_override:/home/sakuto/ros2_ws/install/mypkg/lib/python3.10/site-packages:${PYTHONPATH} /usr/bin/python3 setup.py egg_info --egg-base ../../build/mypkg build --build-base /home/sakuto/ros2_ws/build/mypkg/build install --record /home/sakuto/ros2_ws/build/mypkg/install.log --single-version-externally-managed
[0.456s] running egg_info
[0.456s] writing ../../build/mypkg/mypkg.egg-info/PKG-INFO
[0.456s] writing dependency_links to ../../build/mypkg/mypkg.egg-info/dependency_links.txt
[0.456s] writing entry points to ../../build/mypkg/mypkg.egg-info/entry_points.txt
[0.457s] writing requirements to ../../build/mypkg/mypkg.egg-info/requires.txt
[0.457s] writing top-level names to ../../build/mypkg/mypkg.egg-info/top_level.txt
[0.458s] reading manifest file '../../build/mypkg/mypkg.egg-info/SOURCES.txt'
[0.459s] writing manifest file '../../build/mypkg/mypkg.egg-info/SOURCES.txt'
[0.459s] running build
[0.459s] running build_py
[0.459s] running install
[0.459s] /usr/lib/python3/dist-packages/setuptools/command/install.py:34: SetuptoolsDeprecationWarning: setup.py install is deprecated. Use build and pip and other standards-based tools.
[0.459s]   warnings.warn(
[0.460s] running install_lib
[0.461s] running install_data
[0.461s] copying package.xml -> /home/sakuto/ros2_ws/install/mypkg/share/mypkg
[0.461s] copying launch/talk_listen.launch.py -> /home/sakuto/ros2_ws/install/mypkg/share/mypkg
[0.461s] running install_egg_info
[0.462s] removing '/home/sakuto/ros2_ws/install/mypkg/lib/python3.10/site-packages/mypkg-0.0.0-py3.10.egg-info' (and everything under it)
[0.462s] Copying ../../build/mypkg/mypkg.egg-info to /home/sakuto/ros2_ws/install/mypkg/lib/python3.10/site-packages/mypkg-0.0.0-py3.10.egg-info
[0.463s] running install_scripts
[0.477s] Installing listener script to /home/sakuto/ros2_ws/install/mypkg/lib/mypkg
[0.477s] Installing talker script to /home/sakuto/ros2_ws/install/mypkg/lib/mypkg
[0.477s] writing list of installed files to '/home/sakuto/ros2_ws/build/mypkg/install.log'
[0.493s] Invoked command in '/home/sakuto/ros2_ws/src/mypkg' returned '0': PYTHONPATH=/home/sakuto/ros2_ws/build/mypkg/prefix_override:/home/sakuto/ros2_ws/install/mypkg/lib/python3.10/site-packages:${PYTHONPATH} /usr/bin/python3 setup.py egg_info --egg-base ../../build/mypkg build --build-base /home/sakuto/ros2_ws/build/mypkg/build install --record /home/sakuto/ros2_ws/build/mypkg/install.log --single-version-externally-managed
