[0.259s] Invoking command in '/home/sakuto/ros2_ws/build/person_msgs': CMAKE_PREFIX_PATH=${CMAKE_PREFIX_PATH}:/home/sakuto/ros2_ws/install/mypkg:/opt/ros/humble /usr/bin/cmake --build /home/sakuto/ros2_ws/build/person_msgs -- -j8 -l8
[0.343s] -- Found ament_cmake: 1.3.3 (/opt/ros/humble/share/ament_cmake/cmake)
[0.566s] -- Found rosidl_default_generators: 1.2.0 (/opt/ros/humble/share/rosidl_default_generators/cmake)
[0.572s] -- Using all available rosidl_typesupport_c: rosidl_typesupport_fastrtps_c;rosidl_typesupport_introspection_c
[0.579s] -- Found rosidl_adapter: 3.1.4 (/opt/ros/humble/share/rosidl_adapter/cmake)
[0.966s] -- Using all available rosidl_typesupport_cpp: rosidl_typesupport_fastrtps_cpp;rosidl_typesupport_introspection_cpp
[1.295s] -- Found ament_cmake_ros: 0.10.0 (/opt/ros/humble/share/ament_cmake_ros/cmake)
[1.545s] -- Using all available rosidl_typesupport_c: rosidl_typesupport_fastrtps_c;rosidl_typesupport_introspection_c
[1.828s] -- Using all available rosidl_typesupport_cpp: rosidl_typesupport_fastrtps_cpp;rosidl_typesupport_introspection_cpp
[1.861s] -- Found python_cmake_module: 0.10.0 (/opt/ros/humble/share/python_cmake_module/cmake)
[1.887s] -- Using PYTHON_EXECUTABLE: /usr/bin/python3
[1.887s] -- Using PYTHON_INCLUDE_DIRS: /usr/include/python3.10
[1.888s] -- Using PYTHON_LIBRARIES: /usr/lib/x86_64-linux-gnu/libpython3.10.so
[1.902s] -- Found ament_lint_auto: 0.12.4 (/opt/ros/humble/share/ament_lint_auto/cmake)
[1.944s] -- Added test 'lint_cmake' to check CMake code style
[1.947s] -- Added test 'xmllint' to check XML markup files
[1.955s] -- Configuring done
[1.999s] -- Generating done
[2.002s] -- Build files have been written to: /home/sakuto/ros2_ws/build/person_msgs
[2.026s] [  2%] [34m[1mGenerating C code for ROS interfaces[0m
[2.034s] [  5%] [34m[1mGenerating C++ code for ROS interfaces[0m
[2.045s] [  5%] Built target ament_cmake_python_copy_person_msgs
[2.314s] running egg_info
[2.315s] writing person_msgs.egg-info/PKG-INFO
[2.315s] writing dependency_links to person_msgs.egg-info/dependency_links.txt
[2.316s] writing top-level names to person_msgs.egg-info/top_level.txt
[2.318s] reading manifest file 'person_msgs.egg-info/SOURCES.txt'
[2.319s] writing manifest file 'person_msgs.egg-info/SOURCES.txt'
[2.348s] [  5%] Built target ament_cmake_python_build_person_msgs_egg
[2.522s] [  5%] Built target person_msgs__cpp
[2.533s] [  7%] [34m[1mGenerating C++ type support for eProsima Fast-RTPS[0m
[2.534s] [ 10%] [34m[1mGenerating C++ introspection for ROS interfaces[0m
[2.534s] [ 12%] [34m[1mGenerating C++ type support dispatch for ROS interfaces[0m
[2.544s] [35m[1mConsolidate compiler generated dependencies of target person_msgs__rosidl_generator_c[0m
[2.556s] [ 15%] [32mBuilding C object CMakeFiles/person_msgs__rosidl_generator_c.dir/rosidl_generator_c/person_msgs/srv/detail/query__functions.c.o[0m
[2.556s] [ 17%] [32mBuilding C object CMakeFiles/person_msgs__rosidl_generator_c.dir/rosidl_generator_c/person_msgs/msg/detail/person__functions.c.o[0m
[2.927s] [35m[1mConsolidate compiler generated dependencies of target person_msgs__rosidl_typesupport_cpp[0m
[2.941s] [ 20%] [32mBuilding CXX object CMakeFiles/person_msgs__rosidl_typesupport_cpp.dir/rosidl_typesupport_cpp/person_msgs/msg/person__type_support.cpp.o[0m
[2.942s] [ 23%] [32mBuilding CXX object CMakeFiles/person_msgs__rosidl_typesupport_cpp.dir/rosidl_typesupport_cpp/person_msgs/srv/query__type_support.cpp.o[0m
[3.040s] [35m[1mConsolidate compiler generated dependencies of target person_msgs__rosidl_typesupport_fastrtps_cpp[0m
[3.059s] [ 25%] [32mBuilding CXX object CMakeFiles/person_msgs__rosidl_typesupport_fastrtps_cpp.dir/rosidl_typesupport_fastrtps_cpp/person_msgs/msg/detail/dds_fastrtps/person__type_support.cpp.o[0m
[3.059s] [ 28%] [32mBuilding CXX object CMakeFiles/person_msgs__rosidl_typesupport_fastrtps_cpp.dir/rosidl_typesupport_fastrtps_cpp/person_msgs/srv/detail/dds_fastrtps/query__type_support.cpp.o[0m
[3.080s] [35m[1mConsolidate compiler generated dependencies of target person_msgs__rosidl_typesupport_introspection_cpp[0m
[3.096s] [ 30%] [32mBuilding CXX object CMakeFiles/person_msgs__rosidl_typesupport_introspection_cpp.dir/rosidl_typesupport_introspection_cpp/person_msgs/srv/detail/query__type_support.cpp.o[0m
[3.097s] [ 33%] [32mBuilding CXX object CMakeFiles/person_msgs__rosidl_typesupport_introspection_cpp.dir/rosidl_typesupport_introspection_cpp/person_msgs/msg/detail/person__type_support.cpp.o[0m
[5.242s] [ 35%] [32m[1mLinking C shared library libperson_msgs__rosidl_generator_c.so[0m
[5.377s] [ 35%] Built target person_msgs__rosidl_generator_c
[5.392s] [ 38%] [34m[1mGenerating C introspection for ROS interfaces[0m
[5.404s] [ 41%] [34m[1mGenerating C type support for eProsima Fast-RTPS[0m
[5.669s] [ 43%] [32m[1mLinking CXX shared library libperson_msgs__rosidl_typesupport_cpp.so[0m
[5.670s] [ 46%] [34m[1mGenerating C type support dispatch for ROS interfaces[0m
[5.774s] [ 48%] [32m[1mLinking CXX shared library libperson_msgs__rosidl_typesupport_introspection_cpp.so[0m
[5.799s] [ 48%] Built target person_msgs__rosidl_typesupport_cpp
[5.820s] [ 51%] [32m[1mLinking CXX shared library libperson_msgs__rosidl_typesupport_fastrtps_cpp.so[0m
[5.909s] [35m[1mConsolidate compiler generated dependencies of target person_msgs__rosidl_typesupport_introspection_c[0m
[5.921s] [ 53%] [32mBuilding C object CMakeFiles/person_msgs__rosidl_typesupport_introspection_c.dir/rosidl_typesupport_introspection_c/person_msgs/msg/detail/person__type_support.c.o[0m
[5.922s] [ 56%] [32mBuilding C object CMakeFiles/person_msgs__rosidl_typesupport_introspection_c.dir/rosidl_typesupport_introspection_c/person_msgs/srv/detail/query__type_support.c.o[0m
[5.929s] [ 56%] Built target person_msgs__rosidl_typesupport_introspection_cpp
[5.929s] [35m[1mConsolidate compiler generated dependencies of target person_msgs__rosidl_typesupport_fastrtps_c[0m
[5.943s] [ 58%] [32mBuilding CXX object CMakeFiles/person_msgs__rosidl_typesupport_fastrtps_c.dir/rosidl_typesupport_fastrtps_c/person_msgs/msg/detail/person__type_support_c.cpp.o[0m
[5.944s] [ 61%] [32mBuilding CXX object CMakeFiles/person_msgs__rosidl_typesupport_fastrtps_c.dir/rosidl_typesupport_fastrtps_c/person_msgs/srv/detail/query__type_support_c.cpp.o[0m
[5.966s] [ 64%] [32m[1mLinking C shared library libperson_msgs__rosidl_typesupport_introspection_c.so[0m
[5.976s] [ 64%] Built target person_msgs__rosidl_typesupport_fastrtps_cpp
[6.057s] [ 64%] Built target person_msgs__rosidl_typesupport_introspection_c
[6.080s] [35m[1mConsolidate compiler generated dependencies of target person_msgs__rosidl_typesupport_c[0m
[6.089s] [ 69%] [32mBuilding CXX object CMakeFiles/person_msgs__rosidl_typesupport_c.dir/rosidl_typesupport_c/person_msgs/msg/person__type_support.cpp.o[0m
[6.089s] [ 69%] [32mBuilding CXX object CMakeFiles/person_msgs__rosidl_typesupport_c.dir/rosidl_typesupport_c/person_msgs/srv/query__type_support.cpp.o[0m
[6.119s] [ 71%] [32m[1mLinking CXX shared library libperson_msgs__rosidl_typesupport_c.so[0m
[6.228s] [ 71%] Built target person_msgs__rosidl_typesupport_c
[6.367s] [ 74%] [32m[1mLinking CXX shared library libperson_msgs__rosidl_typesupport_fastrtps_c.so[0m
[6.636s] [ 74%] Built target person_msgs__rosidl_typesupport_fastrtps_c
[6.656s] [ 74%] Built target person_msgs
[6.675s] [ 76%] [34m[1mGenerating Python code for ROS interfaces[0m
[7.200s] [ 76%] Built target person_msgs__py
[7.209s] [35m[1mConsolidate compiler generated dependencies of target person_msgs__rosidl_generator_py[0m
[7.220s] [ 82%] [32mBuilding C object CMakeFiles/person_msgs__rosidl_generator_py.dir/rosidl_generator_py/person_msgs/msg/_person_s.c.o[0m
[7.220s] [ 82%] [32mBuilding C object CMakeFiles/person_msgs__rosidl_generator_py.dir/rosidl_generator_py/person_msgs/srv/_query_s.c.o[0m
[7.465s] [ 84%] [32m[1mLinking C shared library rosidl_generator_py/person_msgs/libperson_msgs__rosidl_generator_py.so[0m
[7.703s] [ 84%] Built target person_msgs__rosidl_generator_py
[7.712s] [35m[1mConsolidate compiler generated dependencies of target person_msgs__rosidl_typesupport_fastrtps_c__pyext[0m
[7.713s] [35m[1mConsolidate compiler generated dependencies of target person_msgs__rosidl_typesupport_c__pyext[0m
[7.713s] [35m[1mConsolidate compiler generated dependencies of target person_msgs__rosidl_typesupport_introspection_c__pyext[0m
[7.724s] [ 87%] [32mBuilding C object CMakeFiles/person_msgs__rosidl_typesupport_c__pyext.dir/rosidl_generator_py/person_msgs/_person_msgs_s.ep.rosidl_typesupport_c.c.o[0m
[7.724s] [ 92%] [32mBuilding C object CMakeFiles/person_msgs__rosidl_typesupport_fastrtps_c__pyext.dir/rosidl_generator_py/person_msgs/_person_msgs_s.ep.rosidl_typesupport_fastrtps_c.c.o[0m
[7.724s] [ 92%] [32mBuilding C object CMakeFiles/person_msgs__rosidl_typesupport_introspection_c__pyext.dir/rosidl_generator_py/person_msgs/_person_msgs_s.ep.rosidl_typesupport_introspection_c.c.o[0m
[7.831s] [ 94%] [32m[1mLinking C shared library rosidl_generator_py/person_msgs/person_msgs_s__rosidl_typesupport_c.cpython-310-x86_64-linux-gnu.so[0m
[7.832s] [ 97%] [32m[1mLinking C shared library rosidl_generator_py/person_msgs/person_msgs_s__rosidl_typesupport_introspection_c.cpython-310-x86_64-linux-gnu.so[0m
[7.840s] [100%] [32m[1mLinking C shared library rosidl_generator_py/person_msgs/person_msgs_s__rosidl_typesupport_fastrtps_c.cpython-310-x86_64-linux-gnu.so[0m
[7.917s] [100%] Built target person_msgs__rosidl_typesupport_c__pyext
[7.917s] [100%] Built target person_msgs__rosidl_typesupport_introspection_c__pyext
[7.984s] [100%] Built target person_msgs__rosidl_typesupport_fastrtps_c__pyext
[7.996s] Invoked command in '/home/sakuto/ros2_ws/build/person_msgs' returned '0': CMAKE_PREFIX_PATH=${CMAKE_PREFIX_PATH}:/home/sakuto/ros2_ws/install/mypkg:/opt/ros/humble /usr/bin/cmake --build /home/sakuto/ros2_ws/build/person_msgs -- -j8 -l8
[8.079s] Invoking command in '/home/sakuto/ros2_ws/build/person_msgs': CMAKE_PREFIX_PATH=${CMAKE_PREFIX_PATH}:/home/sakuto/ros2_ws/install/mypkg:/opt/ros/humble /usr/bin/cmake --install /home/sakuto/ros2_ws/build/person_msgs
[8.087s] -- Install configuration: ""
[8.087s] -- Installing: /home/sakuto/ros2_ws/install/person_msgs/share/ament_index/resource_index/rosidl_interfaces/person_msgs
[8.088s] -- Up-to-date: /home/sakuto/ros2_ws/install/person_msgs/include/person_msgs/person_msgs
[8.088s] -- Installing: /home/sakuto/ros2_ws/install/person_msgs/include/person_msgs/person_msgs/srv
[8.088s] -- Installing: /home/sakuto/ros2_ws/install/person_msgs/include/person_msgs/person_msgs/srv/query.h
[8.088s] -- Installing: /home/sakuto/ros2_ws/install/person_msgs/include/person_msgs/person_msgs/srv/detail
[8.088s] -- Installing: /home/sakuto/ros2_ws/install/person_msgs/include/person_msgs/person_msgs/srv/detail/query__functions.c
[8.088s] -- Installing: /home/sakuto/ros2_ws/install/person_msgs/include/person_msgs/person_msgs/srv/detail/query__type_support.h
[8.089s] -- Installing: /home/sakuto/ros2_ws/install/person_msgs/include/person_msgs/person_msgs/srv/detail/query__functions.h
[8.089s] -- Installing: /home/sakuto/ros2_ws/install/person_msgs/include/person_msgs/person_msgs/srv/detail/query__struct.h
[8.089s] -- Up-to-date: /home/sakuto/ros2_ws/install/person_msgs/include/person_msgs/person_msgs/msg
[8.089s] -- Installing: /home/sakuto/ros2_ws/install/person_msgs/include/person_msgs/person_msgs/msg/person.h
[8.089s] -- Up-to-date: /home/sakuto/ros2_ws/install/person_msgs/include/person_msgs/person_msgs/msg/rosidl_generator_c__visibility_control.h
[8.089s] -- Up-to-date: /home/sakuto/ros2_ws/install/person_msgs/include/person_msgs/person_msgs/msg/detail
[8.089s] -- Installing: /home/sakuto/ros2_ws/install/person_msgs/include/person_msgs/person_msgs/msg/detail/person__functions.c
[8.089s] -- Installing: /home/sakuto/ros2_ws/install/person_msgs/include/person_msgs/person_msgs/msg/detail/person__type_support.h
[8.090s] -- Installing: /home/sakuto/ros2_ws/install/person_msgs/include/person_msgs/person_msgs/msg/detail/person__functions.h
[8.090s] -- Installing: /home/sakuto/ros2_ws/install/person_msgs/include/person_msgs/person_msgs/msg/detail/person__struct.h
[8.090s] -- Up-to-date: /home/sakuto/ros2_ws/install/person_msgs/share/person_msgs/environment/library_path.sh
[8.090s] -- Installing: /home/sakuto/ros2_ws/install/person_msgs/share/person_msgs/environment/library_path.dsv
[8.090s] -- Installing: /home/sakuto/ros2_ws/install/person_msgs/lib/libperson_msgs__rosidl_generator_c.so
[8.090s] -- Set runtime path of "/home/sakuto/ros2_ws/install/person_msgs/lib/libperson_msgs__rosidl_generator_c.so" to ""
[8.091s] -- Up-to-date: /home/sakuto/ros2_ws/install/person_msgs/include/person_msgs/person_msgs
[8.091s] -- Up-to-date: /home/sakuto/ros2_ws/install/person_msgs/include/person_msgs/person_msgs/srv
[8.091s] -- Up-to-date: /home/sakuto/ros2_ws/install/person_msgs/include/person_msgs/person_msgs/srv/detail
[8.091s] -- Installing: /home/sakuto/ros2_ws/install/person_msgs/include/person_msgs/person_msgs/srv/detail/query__rosidl_typesupport_fastrtps_c.h
[8.091s] -- Up-to-date: /home/sakuto/ros2_ws/install/person_msgs/include/person_msgs/person_msgs/msg
[8.091s] -- Up-to-date: /home/sakuto/ros2_ws/install/person_msgs/include/person_msgs/person_msgs/msg/rosidl_typesupport_fastrtps_c__visibility_control.h
[8.092s] -- Up-to-date: /home/sakuto/ros2_ws/install/person_msgs/include/person_msgs/person_msgs/msg/detail
[8.092s] -- Installing: /home/sakuto/ros2_ws/install/person_msgs/include/person_msgs/person_msgs/msg/detail/person__rosidl_typesupport_fastrtps_c.h
[8.092s] -- Installing: /home/sakuto/ros2_ws/install/person_msgs/lib/libperson_msgs__rosidl_typesupport_fastrtps_c.so
[8.092s] -- Set runtime path of "/home/sakuto/ros2_ws/install/person_msgs/lib/libperson_msgs__rosidl_typesupport_fastrtps_c.so" to ""
[8.092s] -- Up-to-date: /home/sakuto/ros2_ws/install/person_msgs/include/person_msgs/person_msgs
[8.092s] -- Up-to-date: /home/sakuto/ros2_ws/install/person_msgs/include/person_msgs/person_msgs/srv
[8.092s] -- Up-to-date: /home/sakuto/ros2_ws/install/person_msgs/include/person_msgs/person_msgs/srv/detail
[8.092s] -- Installing: /home/sakuto/ros2_ws/install/person_msgs/include/person_msgs/person_msgs/srv/detail/query__type_support.c
[8.093s] -- Installing: /home/sakuto/ros2_ws/install/person_msgs/include/person_msgs/person_msgs/srv/detail/query__rosidl_typesupport_introspection_c.h
[8.093s] -- Up-to-date: /home/sakuto/ros2_ws/install/person_msgs/include/person_msgs/person_msgs/msg
[8.093s] -- Up-to-date: /home/sakuto/ros2_ws/install/person_msgs/include/person_msgs/person_msgs/msg/rosidl_typesupport_introspection_c__visibility_control.h
[8.093s] -- Up-to-date: /home/sakuto/ros2_ws/install/person_msgs/include/person_msgs/person_msgs/msg/detail
[8.093s] -- Installing: /home/sakuto/ros2_ws/install/person_msgs/include/person_msgs/person_msgs/msg/detail/person__type_support.c
[8.093s] -- Installing: /home/sakuto/ros2_ws/install/person_msgs/include/person_msgs/person_msgs/msg/detail/person__rosidl_typesupport_introspection_c.h
[8.094s] -- Installing: /home/sakuto/ros2_ws/install/person_msgs/lib/libperson_msgs__rosidl_typesupport_introspection_c.so
[8.094s] -- Set runtime path of "/home/sakuto/ros2_ws/install/person_msgs/lib/libperson_msgs__rosidl_typesupport_introspection_c.so" to ""
[8.094s] -- Installing: /home/sakuto/ros2_ws/install/person_msgs/lib/libperson_msgs__rosidl_typesupport_c.so
[8.094s] -- Set runtime path of "/home/sakuto/ros2_ws/install/person_msgs/lib/libperson_msgs__rosidl_typesupport_c.so" to ""
[8.094s] -- Up-to-date: /home/sakuto/ros2_ws/install/person_msgs/include/person_msgs/person_msgs
[8.094s] -- Up-to-date: /home/sakuto/ros2_ws/install/person_msgs/include/person_msgs/person_msgs/srv
[8.095s] -- Installing: /home/sakuto/ros2_ws/install/person_msgs/include/person_msgs/person_msgs/srv/query.hpp
[8.095s] -- Up-to-date: /home/sakuto/ros2_ws/install/person_msgs/include/person_msgs/person_msgs/srv/detail
[8.095s] -- Installing: /home/sakuto/ros2_ws/install/person_msgs/include/person_msgs/person_msgs/srv/detail/query__builder.hpp
[8.096s] -- Installing: /home/sakuto/ros2_ws/install/person_msgs/include/person_msgs/person_msgs/srv/detail/query__struct.hpp
[8.096s] -- Installing: /home/sakuto/ros2_ws/install/person_msgs/include/person_msgs/person_msgs/srv/detail/query__traits.hpp
[8.096s] -- Up-to-date: /home/sakuto/ros2_ws/install/person_msgs/include/person_msgs/person_msgs/msg
[8.096s] -- Installing: /home/sakuto/ros2_ws/install/person_msgs/include/person_msgs/person_msgs/msg/person.hpp
[8.097s] -- Up-to-date: /home/sakuto/ros2_ws/install/person_msgs/include/person_msgs/person_msgs/msg/detail
[8.097s] -- Installing: /home/sakuto/ros2_ws/install/person_msgs/include/person_msgs/person_msgs/msg/detail/person__builder.hpp
[8.097s] -- Installing: /home/sakuto/ros2_ws/install/person_msgs/include/person_msgs/person_msgs/msg/detail/person__traits.hpp
[8.097s] -- Installing: /home/sakuto/ros2_ws/install/person_msgs/include/person_msgs/person_msgs/msg/detail/person__struct.hpp
[8.097s] -- Up-to-date: /home/sakuto/ros2_ws/install/person_msgs/include/person_msgs/person_msgs
[8.097s] -- Up-to-date: /home/sakuto/ros2_ws/install/person_msgs/include/person_msgs/person_msgs/srv
[8.098s] -- Up-to-date: /home/sakuto/ros2_ws/install/person_msgs/include/person_msgs/person_msgs/srv/detail
[8.098s] -- Installing: /home/sakuto/ros2_ws/install/person_msgs/include/person_msgs/person_msgs/srv/detail/dds_fastrtps
[8.098s] -- Installing: /home/sakuto/ros2_ws/install/person_msgs/include/person_msgs/person_msgs/srv/detail/query__rosidl_typesupport_fastrtps_cpp.hpp
[8.098s] -- Up-to-date: /home/sakuto/ros2_ws/install/person_msgs/include/person_msgs/person_msgs/msg
[8.099s] -- Up-to-date: /home/sakuto/ros2_ws/install/person_msgs/include/person_msgs/person_msgs/msg/rosidl_typesupport_fastrtps_cpp__visibility_control.h
[8.099s] -- Up-to-date: /home/sakuto/ros2_ws/install/person_msgs/include/person_msgs/person_msgs/msg/detail
[8.099s] -- Up-to-date: /home/sakuto/ros2_ws/install/person_msgs/include/person_msgs/person_msgs/msg/detail/dds_fastrtps
[8.099s] -- Installing: /home/sakuto/ros2_ws/install/person_msgs/include/person_msgs/person_msgs/msg/detail/person__rosidl_typesupport_fastrtps_cpp.hpp
[8.099s] -- Installing: /home/sakuto/ros2_ws/install/person_msgs/lib/libperson_msgs__rosidl_typesupport_fastrtps_cpp.so
[8.099s] -- Set runtime path of "/home/sakuto/ros2_ws/install/person_msgs/lib/libperson_msgs__rosidl_typesupport_fastrtps_cpp.so" to ""
[8.099s] -- Up-to-date: /home/sakuto/ros2_ws/install/person_msgs/include/person_msgs/person_msgs
[8.100s] -- Up-to-date: /home/sakuto/ros2_ws/install/person_msgs/include/person_msgs/person_msgs/srv
[8.100s] -- Up-to-date: /home/sakuto/ros2_ws/install/person_msgs/include/person_msgs/person_msgs/srv/detail
[8.100s] -- Installing: /home/sakuto/ros2_ws/install/person_msgs/include/person_msgs/person_msgs/srv/detail/query__type_support.cpp
[8.100s] -- Installing: /home/sakuto/ros2_ws/install/person_msgs/include/person_msgs/person_msgs/srv/detail/query__rosidl_typesupport_introspection_cpp.hpp
[8.100s] -- Up-to-date: /home/sakuto/ros2_ws/install/person_msgs/include/person_msgs/person_msgs/msg
[8.100s] -- Up-to-date: /home/sakuto/ros2_ws/install/person_msgs/include/person_msgs/person_msgs/msg/detail
[8.101s] -- Installing: /home/sakuto/ros2_ws/install/person_msgs/include/person_msgs/person_msgs/msg/detail/person__rosidl_typesupport_introspection_cpp.hpp
[8.101s] -- Installing: /home/sakuto/ros2_ws/install/person_msgs/include/person_msgs/person_msgs/msg/detail/person__type_support.cpp
[8.101s] -- Installing: /home/sakuto/ros2_ws/install/person_msgs/lib/libperson_msgs__rosidl_typesupport_introspection_cpp.so
[8.101s] -- Set runtime path of "/home/sakuto/ros2_ws/install/person_msgs/lib/libperson_msgs__rosidl_typesupport_introspection_cpp.so" to ""
[8.101s] -- Installing: /home/sakuto/ros2_ws/install/person_msgs/lib/libperson_msgs__rosidl_typesupport_cpp.so
[8.101s] -- Set runtime path of "/home/sakuto/ros2_ws/install/person_msgs/lib/libperson_msgs__rosidl_typesupport_cpp.so" to ""
[8.101s] -- Up-to-date: /home/sakuto/ros2_ws/install/person_msgs/share/person_msgs/environment/pythonpath.sh
[8.101s] -- Installing: /home/sakuto/ros2_ws/install/person_msgs/share/person_msgs/environment/pythonpath.dsv
[8.101s] -- Up-to-date: /home/sakuto/ros2_ws/install/person_msgs/local/lib/python3.10/dist-packages/person_msgs-0.0.0-py3.10.egg-info
[8.101s] -- Installing: /home/sakuto/ros2_ws/install/person_msgs/local/lib/python3.10/dist-packages/person_msgs-0.0.0-py3.10.egg-info/top_level.txt
[8.101s] -- Installing: /home/sakuto/ros2_ws/install/person_msgs/local/lib/python3.10/dist-packages/person_msgs-0.0.0-py3.10.egg-info/dependency_links.txt
[8.101s] -- Installing: /home/sakuto/ros2_ws/install/person_msgs/local/lib/python3.10/dist-packages/person_msgs-0.0.0-py3.10.egg-info/SOURCES.txt
[8.101s] -- Installing: /home/sakuto/ros2_ws/install/person_msgs/local/lib/python3.10/dist-packages/person_msgs-0.0.0-py3.10.egg-info/PKG-INFO
[8.102s] -- Up-to-date: /home/sakuto/ros2_ws/install/person_msgs/local/lib/python3.10/dist-packages/person_msgs
[8.102s] -- Installing: /home/sakuto/ros2_ws/install/person_msgs/local/lib/python3.10/dist-packages/person_msgs/srv
[8.102s] -- Installing: /home/sakuto/ros2_ws/install/person_msgs/local/lib/python3.10/dist-packages/person_msgs/srv/_query_s.c
[8.102s] -- Installing: /home/sakuto/ros2_ws/install/person_msgs/local/lib/python3.10/dist-packages/person_msgs/srv/_query.py
[8.102s] -- Installing: /home/sakuto/ros2_ws/install/person_msgs/local/lib/python3.10/dist-packages/person_msgs/srv/__init__.py
[8.102s] -- Installing: /home/sakuto/ros2_ws/install/person_msgs/local/lib/python3.10/dist-packages/person_msgs/libperson_msgs__rosidl_generator_py.so
[8.102s] -- Installing: /home/sakuto/ros2_ws/install/person_msgs/local/lib/python3.10/dist-packages/person_msgs/_person_msgs_s.ep.rosidl_typesupport_introspection_c.c
[8.102s] -- Installing: /home/sakuto/ros2_ws/install/person_msgs/local/lib/python3.10/dist-packages/person_msgs/_person_msgs_s.ep.rosidl_typesupport_c.c
[8.102s] -- Installing: /home/sakuto/ros2_ws/install/person_msgs/local/lib/python3.10/dist-packages/person_msgs/person_msgs_s__rosidl_typesupport_fastrtps_c.cpython-310-x86_64-linux-gnu.so
[8.102s] -- Up-to-date: /home/sakuto/ros2_ws/install/person_msgs/local/lib/python3.10/dist-packages/person_msgs/msg
[8.102s] -- Installing: /home/sakuto/ros2_ws/install/person_msgs/local/lib/python3.10/dist-packages/person_msgs/msg/_person.py
[8.102s] -- Installing: /home/sakuto/ros2_ws/install/person_msgs/local/lib/python3.10/dist-packages/person_msgs/msg/_person_s.c
[8.102s] -- Installing: /home/sakuto/ros2_ws/install/person_msgs/local/lib/python3.10/dist-packages/person_msgs/msg/__init__.py
[8.102s] -- Installing: /home/sakuto/ros2_ws/install/person_msgs/local/lib/python3.10/dist-packages/person_msgs/person_msgs_s__rosidl_typesupport_introspection_c.cpython-310-x86_64-linux-gnu.so
[8.102s] -- Installing: /home/sakuto/ros2_ws/install/person_msgs/local/lib/python3.10/dist-packages/person_msgs/person_msgs_s__rosidl_typesupport_c.cpython-310-x86_64-linux-gnu.so
[8.102s] -- Installing: /home/sakuto/ros2_ws/install/person_msgs/local/lib/python3.10/dist-packages/person_msgs/_person_msgs_s.ep.rosidl_typesupport_fastrtps_c.c
[8.102s] -- Installing: /home/sakuto/ros2_ws/install/person_msgs/local/lib/python3.10/dist-packages/person_msgs/__init__.py
[8.137s] Listing '/home/sakuto/ros2_ws/install/person_msgs/local/lib/python3.10/dist-packages/person_msgs'...
[8.137s] Compiling '/home/sakuto/ros2_ws/install/person_msgs/local/lib/python3.10/dist-packages/person_msgs/__init__.py'...
[8.137s] Listing '/home/sakuto/ros2_ws/install/person_msgs/local/lib/python3.10/dist-packages/person_msgs/msg'...
[8.137s] Compiling '/home/sakuto/ros2_ws/install/person_msgs/local/lib/python3.10/dist-packages/person_msgs/msg/__init__.py'...
[8.137s] Compiling '/home/sakuto/ros2_ws/install/person_msgs/local/lib/python3.10/dist-packages/person_msgs/msg/_person.py'...
[8.137s] Listing '/home/sakuto/ros2_ws/install/person_msgs/local/lib/python3.10/dist-packages/person_msgs/srv'...
[8.138s] Compiling '/home/sakuto/ros2_ws/install/person_msgs/local/lib/python3.10/dist-packages/person_msgs/srv/__init__.py'...
[8.138s] Compiling '/home/sakuto/ros2_ws/install/person_msgs/local/lib/python3.10/dist-packages/person_msgs/srv/_query.py'...
[8.143s] -- Installing: /home/sakuto/ros2_ws/install/person_msgs/local/lib/python3.10/dist-packages/person_msgs/person_msgs_s__rosidl_typesupport_fastrtps_c.cpython-310-x86_64-linux-gnu.so
[8.143s] -- Set runtime path of "/home/sakuto/ros2_ws/install/person_msgs/local/lib/python3.10/dist-packages/person_msgs/person_msgs_s__rosidl_typesupport_fastrtps_c.cpython-310-x86_64-linux-gnu.so" to ""
[8.143s] -- Installing: /home/sakuto/ros2_ws/install/person_msgs/local/lib/python3.10/dist-packages/person_msgs/person_msgs_s__rosidl_typesupport_introspection_c.cpython-310-x86_64-linux-gnu.so
[8.144s] -- Set runtime path of "/home/sakuto/ros2_ws/install/person_msgs/local/lib/python3.10/dist-packages/person_msgs/person_msgs_s__rosidl_typesupport_introspection_c.cpython-310-x86_64-linux-gnu.so" to ""
[8.144s] -- Installing: /home/sakuto/ros2_ws/install/person_msgs/local/lib/python3.10/dist-packages/person_msgs/person_msgs_s__rosidl_typesupport_c.cpython-310-x86_64-linux-gnu.so
[8.144s] -- Set runtime path of "/home/sakuto/ros2_ws/install/person_msgs/local/lib/python3.10/dist-packages/person_msgs/person_msgs_s__rosidl_typesupport_c.cpython-310-x86_64-linux-gnu.so" to ""
[8.145s] -- Installing: /home/sakuto/ros2_ws/install/person_msgs/lib/libperson_msgs__rosidl_generator_py.so
[8.145s] -- Set runtime path of "/home/sakuto/ros2_ws/install/person_msgs/lib/libperson_msgs__rosidl_generator_py.so" to ""
[8.145s] -- Up-to-date: /home/sakuto/ros2_ws/install/person_msgs/share/person_msgs/msg/Person.idl
[8.145s] -- Installing: /home/sakuto/ros2_ws/install/person_msgs/share/person_msgs/srv/Query.idl
[8.145s] -- Up-to-date: /home/sakuto/ros2_ws/install/person_msgs/share/person_msgs/msg/Person.msg
[8.146s] -- Installing: /home/sakuto/ros2_ws/install/person_msgs/share/person_msgs/srv/Query.srv
[8.146s] -- Installing: /home/sakuto/ros2_ws/install/person_msgs/share/person_msgs/srv/Query_Request.msg
[8.146s] -- Installing: /home/sakuto/ros2_ws/install/person_msgs/share/person_msgs/srv/Query_Response.msg
[8.146s] -- Up-to-date: /home/sakuto/ros2_ws/install/person_msgs/share/ament_index/resource_index/package_run_dependencies/person_msgs
[8.146s] -- Installing: /home/sakuto/ros2_ws/install/person_msgs/share/ament_index/resource_index/parent_prefix_path/person_msgs
[8.146s] -- Up-to-date: /home/sakuto/ros2_ws/install/person_msgs/share/person_msgs/environment/ament_prefix_path.sh
[8.147s] -- Installing: /home/sakuto/ros2_ws/install/person_msgs/share/person_msgs/environment/ament_prefix_path.dsv
[8.148s] -- Up-to-date: /home/sakuto/ros2_ws/install/person_msgs/share/person_msgs/environment/path.sh
[8.148s] -- Installing: /home/sakuto/ros2_ws/install/person_msgs/share/person_msgs/environment/path.dsv
[8.148s] -- Up-to-date: /home/sakuto/ros2_ws/install/person_msgs/share/person_msgs/local_setup.bash
[8.148s] -- Up-to-date: /home/sakuto/ros2_ws/install/person_msgs/share/person_msgs/local_setup.sh
[8.148s] -- Up-to-date: /home/sakuto/ros2_ws/install/person_msgs/share/person_msgs/local_setup.zsh
[8.148s] -- Installing: /home/sakuto/ros2_ws/install/person_msgs/share/person_msgs/local_setup.dsv
[8.149s] -- Installing: /home/sakuto/ros2_ws/install/person_msgs/share/person_msgs/package.dsv
[8.149s] -- Up-to-date: /home/sakuto/ros2_ws/install/person_msgs/share/ament_index/resource_index/packages/person_msgs
[8.149s] -- Up-to-date: /home/sakuto/ros2_ws/install/person_msgs/share/person_msgs/cmake/export_person_msgs__rosidl_generator_cExport.cmake
[8.149s] -- Up-to-date: /home/sakuto/ros2_ws/install/person_msgs/share/person_msgs/cmake/export_person_msgs__rosidl_generator_cExport-noconfig.cmake
[8.149s] -- Up-to-date: /home/sakuto/ros2_ws/install/person_msgs/share/person_msgs/cmake/export_person_msgs__rosidl_typesupport_fastrtps_cExport.cmake
[8.149s] -- Up-to-date: /home/sakuto/ros2_ws/install/person_msgs/share/person_msgs/cmake/export_person_msgs__rosidl_typesupport_fastrtps_cExport-noconfig.cmake
[8.149s] -- Up-to-date: /home/sakuto/ros2_ws/install/person_msgs/share/person_msgs/cmake/person_msgs__rosidl_typesupport_introspection_cExport.cmake
[8.149s] -- Up-to-date: /home/sakuto/ros2_ws/install/person_msgs/share/person_msgs/cmake/person_msgs__rosidl_typesupport_introspection_cExport-noconfig.cmake
[8.149s] -- Up-to-date: /home/sakuto/ros2_ws/install/person_msgs/share/person_msgs/cmake/person_msgs__rosidl_typesupport_cExport.cmake
[8.149s] -- Up-to-date: /home/sakuto/ros2_ws/install/person_msgs/share/person_msgs/cmake/person_msgs__rosidl_typesupport_cExport-noconfig.cmake
[8.149s] -- Up-to-date: /home/sakuto/ros2_ws/install/person_msgs/share/person_msgs/cmake/export_person_msgs__rosidl_generator_cppExport.cmake
[8.149s] -- Up-to-date: /home/sakuto/ros2_ws/install/person_msgs/share/person_msgs/cmake/export_person_msgs__rosidl_typesupport_fastrtps_cppExport.cmake
[8.149s] -- Up-to-date: /home/sakuto/ros2_ws/install/person_msgs/share/person_msgs/cmake/export_person_msgs__rosidl_typesupport_fastrtps_cppExport-noconfig.cmake
[8.149s] -- Up-to-date: /home/sakuto/ros2_ws/install/person_msgs/share/person_msgs/cmake/person_msgs__rosidl_typesupport_introspection_cppExport.cmake
[8.149s] -- Up-to-date: /home/sakuto/ros2_ws/install/person_msgs/share/person_msgs/cmake/person_msgs__rosidl_typesupport_introspection_cppExport-noconfig.cmake
[8.149s] -- Up-to-date: /home/sakuto/ros2_ws/install/person_msgs/share/person_msgs/cmake/person_msgs__rosidl_typesupport_cppExport.cmake
[8.150s] -- Up-to-date: /home/sakuto/ros2_ws/install/person_msgs/share/person_msgs/cmake/person_msgs__rosidl_typesupport_cppExport-noconfig.cmake
[8.150s] -- Up-to-date: /home/sakuto/ros2_ws/install/person_msgs/share/person_msgs/cmake/export_person_msgs__rosidl_generator_pyExport.cmake
[8.150s] -- Up-to-date: /home/sakuto/ros2_ws/install/person_msgs/share/person_msgs/cmake/export_person_msgs__rosidl_generator_pyExport-noconfig.cmake
[8.150s] -- Installing: /home/sakuto/ros2_ws/install/person_msgs/share/person_msgs/cmake/rosidl_cmake-extras.cmake
[8.150s] -- Up-to-date: /home/sakuto/ros2_ws/install/person_msgs/share/person_msgs/cmake/ament_cmake_export_include_directories-extras.cmake
[8.150s] -- Up-to-date: /home/sakuto/ros2_ws/install/person_msgs/share/person_msgs/cmake/ament_cmake_export_libraries-extras.cmake
[8.150s] -- Up-to-date: /home/sakuto/ros2_ws/install/person_msgs/share/person_msgs/cmake/ament_cmake_export_targets-extras.cmake
[8.150s] -- Up-to-date: /home/sakuto/ros2_ws/install/person_msgs/share/person_msgs/cmake/rosidl_cmake_export_typesupport_targets-extras.cmake
[8.151s] -- Up-to-date: /home/sakuto/ros2_ws/install/person_msgs/share/person_msgs/cmake/ament_cmake_export_dependencies-extras.cmake
[8.151s] -- Up-to-date: /home/sakuto/ros2_ws/install/person_msgs/share/person_msgs/cmake/rosidl_cmake_export_typesupport_libraries-extras.cmake
[8.151s] -- Up-to-date: /home/sakuto/ros2_ws/install/person_msgs/share/person_msgs/cmake/person_msgsConfig.cmake
[8.151s] -- Up-to-date: /home/sakuto/ros2_ws/install/person_msgs/share/person_msgs/cmake/person_msgsConfig-version.cmake
[8.152s] -- Up-to-date: /home/sakuto/ros2_ws/install/person_msgs/share/person_msgs/package.xml
[8.155s] Invoked command in '/home/sakuto/ros2_ws/build/person_msgs' returned '0': CMAKE_PREFIX_PATH=${CMAKE_PREFIX_PATH}:/home/sakuto/ros2_ws/install/mypkg:/opt/ros/humble /usr/bin/cmake --install /home/sakuto/ros2_ws/build/person_msgs
