[0.140s] Invoking command in '/home/sakuto/ros2_ws/build/person_msgs': CMAKE_PREFIX_PATH=/home/sakuto/ros2_ws/install/mypkg:/opt/ros/humble /usr/bin/cmake /home/sakuto/ros2_ws/src/person_msgs -DCMAKE_INSTALL_PREFIX=/home/sakuto/ros2_ws/install/person_msgs
[0.314s] -- The C compiler identification is GNU 11.3.0
[0.536s] -- The CXX compiler identification is GNU 11.3.0
[0.664s] -- Detecting C compiler ABI info
[0.739s] -- Detecting C compiler ABI info - done
[0.744s] -- Check for working C compiler: /usr/bin/cc - skipped
[0.745s] -- Detecting C compile features
[0.746s] -- Detecting C compile features - done
[0.749s] -- Detecting CXX compiler ABI info
[0.830s] -- Detecting CXX compiler ABI info - done
[0.835s] -- Check for working CXX compiler: /usr/bin/c++ - skipped
[0.835s] -- Detecting CXX compile features
[0.835s] -- Detecting CXX compile features - done
[0.841s] -- Found ament_cmake: 1.3.3 (/opt/ros/humble/share/ament_cmake/cmake)
[0.949s] -- Found Python3: /usr/bin/python3.10 (found version "3.10.6") found components: Interpreter 
[1.038s] -- Found rosidl_default_generators: 1.2.0 (/opt/ros/humble/share/rosidl_default_generators/cmake)
[1.042s] -- Using all available rosidl_typesupport_c: rosidl_typesupport_fastrtps_c;rosidl_typesupport_introspection_c
[1.048s] -- Found rosidl_adapter: 3.1.4 (/opt/ros/humble/share/rosidl_adapter/cmake)
[1.134s] -- Using all available rosidl_typesupport_cpp: rosidl_typesupport_fastrtps_cpp;rosidl_typesupport_introspection_cpp
[1.321s] -- Found ament_cmake_ros: 0.10.0 (/opt/ros/humble/share/ament_cmake_ros/cmake)
[1.442s] -- Using all available rosidl_typesupport_c: rosidl_typesupport_fastrtps_c;rosidl_typesupport_introspection_c
[1.588s] -- Using all available rosidl_typesupport_cpp: rosidl_typesupport_fastrtps_cpp;rosidl_typesupport_introspection_cpp
[1.642s] -- Found PythonInterp: /usr/bin/python3 (found suitable version "3.10.6", minimum required is "3.6") 
[1.644s] -- Found python_cmake_module: 0.10.0 (/opt/ros/humble/share/python_cmake_module/cmake)
[1.793s] -- Found PythonLibs: /usr/lib/x86_64-linux-gnu/libpython3.10.so (found suitable version "3.10.6", minimum required is "3.5") 
[1.793s] -- Using PYTHON_EXECUTABLE: /usr/bin/python3
[1.793s] -- Using PYTHON_INCLUDE_DIRS: /usr/include/python3.10
[1.793s] -- Using PYTHON_LIBRARIES: /usr/lib/x86_64-linux-gnu/libpython3.10.so
[1.807s] -- Found PythonExtra: .so  
[1.847s] -- Found ament_lint_auto: 0.12.4 (/opt/ros/humble/share/ament_lint_auto/cmake)
[1.868s] -- Added test 'lint_cmake' to check CMake code style
[1.870s] -- Added test 'xmllint' to check XML markup files
[1.872s] -- Configuring done
[1.894s] -- Generating done
[1.896s] -- Build files have been written to: /home/sakuto/ros2_ws/build/person_msgs
[1.904s] Invoked command in '/home/sakuto/ros2_ws/build/person_msgs' returned '0': CMAKE_PREFIX_PATH=/home/sakuto/ros2_ws/install/mypkg:/opt/ros/humble /usr/bin/cmake /home/sakuto/ros2_ws/src/person_msgs -DCMAKE_INSTALL_PREFIX=/home/sakuto/ros2_ws/install/person_msgs
[1.906s] Invoking command in '/home/sakuto/ros2_ws/build/person_msgs': CMAKE_PREFIX_PATH=/home/sakuto/ros2_ws/install/mypkg:/opt/ros/humble /usr/bin/cmake --build /home/sakuto/ros2_ws/build/person_msgs -- -j8 -l8
[1.927s] [  3%] [34m[1mGenerating C code for ROS interfaces[0m
[1.933s] [  6%] [34m[1mGenerating C++ code for ROS interfaces[0m
[1.938s] [  6%] Built target ament_cmake_python_copy_person_msgs
[2.098s] running egg_info
[2.099s] creating person_msgs.egg-info
[2.099s] writing person_msgs.egg-info/PKG-INFO
[2.099s] writing dependency_links to person_msgs.egg-info/dependency_links.txt
[2.099s] writing top-level names to person_msgs.egg-info/top_level.txt
[2.099s] writing manifest file 'person_msgs.egg-info/SOURCES.txt'
[2.101s] reading manifest file 'person_msgs.egg-info/SOURCES.txt'
[2.101s] writing manifest file 'person_msgs.egg-info/SOURCES.txt'
[2.123s] [  6%] Built target ament_cmake_python_build_person_msgs_egg
[2.127s] [  6%] Built target person_msgs__cpp
[2.133s] [  9%] [34m[1mGenerating C++ type support for eProsima Fast-RTPS[0m
[2.134s] [ 12%] [34m[1mGenerating C++ introspection for ROS interfaces[0m
[2.134s] [ 16%] [34m[1mGenerating C++ type support dispatch for ROS interfaces[0m
[2.138s] [ 19%] [32mBuilding C object CMakeFiles/person_msgs__rosidl_generator_c.dir/rosidl_generator_c/person_msgs/msg/detail/person__functions.c.o[0m
[2.197s] [ 22%] [32m[1mLinking C shared library libperson_msgs__rosidl_generator_c.so[0m
[2.248s] [ 22%] Built target person_msgs__rosidl_generator_c
[2.256s] [ 25%] [34m[1mGenerating C introspection for ROS interfaces[0m
[2.256s] [ 32%] [34m[1mGenerating C type support dispatch for ROS interfaces[0m
[2.256s] [ 32%] [34m[1mGenerating C type support for eProsima Fast-RTPS[0m
[2.347s] [ 35%] [32mBuilding CXX object CMakeFiles/person_msgs__rosidl_typesupport_introspection_cpp.dir/rosidl_typesupport_introspection_cpp/person_msgs/msg/detail/person__type_support.cpp.o[0m
[2.381s] [ 38%] [32mBuilding CXX object CMakeFiles/person_msgs__rosidl_typesupport_cpp.dir/rosidl_typesupport_cpp/person_msgs/msg/person__type_support.cpp.o[0m
[2.418s] [ 41%] [32mBuilding CXX object CMakeFiles/person_msgs__rosidl_typesupport_fastrtps_cpp.dir/rosidl_typesupport_fastrtps_cpp/person_msgs/msg/detail/dds_fastrtps/person__type_support.cpp.o[0m
[2.511s] [ 45%] [32mBuilding C object CMakeFiles/person_msgs__rosidl_typesupport_introspection_c.dir/rosidl_typesupport_introspection_c/person_msgs/msg/detail/person__type_support.c.o[0m
[2.521s] [ 48%] [32mBuilding CXX object CMakeFiles/person_msgs__rosidl_typesupport_c.dir/rosidl_typesupport_c/person_msgs/msg/person__type_support.cpp.o[0m
[2.540s] [ 51%] [32m[1mLinking C shared library libperson_msgs__rosidl_typesupport_introspection_c.so[0m
[2.547s] [ 54%] [32m[1mLinking CXX shared library libperson_msgs__rosidl_typesupport_c.so[0m
[2.561s] [ 58%] [32mBuilding CXX object CMakeFiles/person_msgs__rosidl_typesupport_fastrtps_c.dir/rosidl_typesupport_fastrtps_c/person_msgs/msg/detail/person__type_support_c.cpp.o[0m
[2.597s] [ 58%] Built target person_msgs__rosidl_typesupport_introspection_c
[2.617s] [ 58%] Built target person_msgs__rosidl_typesupport_c
[2.657s] [ 61%] [32m[1mLinking CXX shared library libperson_msgs__rosidl_typesupport_cpp.so[0m
[2.709s] [ 61%] Built target person_msgs__rosidl_typesupport_cpp
[2.736s] [ 64%] [32m[1mLinking CXX shared library libperson_msgs__rosidl_typesupport_introspection_cpp.so[0m
[2.800s] [ 64%] Built target person_msgs__rosidl_typesupport_introspection_cpp
[2.820s] [ 67%] [32m[1mLinking CXX shared library libperson_msgs__rosidl_typesupport_fastrtps_cpp.so[0m
[2.833s] [ 70%] [32m[1mLinking CXX shared library libperson_msgs__rosidl_typesupport_fastrtps_c.so[0m
[2.895s] [ 70%] Built target person_msgs__rosidl_typesupport_fastrtps_cpp
[2.906s] [ 70%] Built target person_msgs__rosidl_typesupport_fastrtps_c
[2.917s] [ 70%] Built target person_msgs
[2.927s] [ 74%] [34m[1mGenerating Python code for ROS interfaces[0m
[3.143s] [ 74%] Built target person_msgs__py
[3.154s] [ 77%] [32mBuilding C object CMakeFiles/person_msgs__rosidl_generator_py.dir/rosidl_generator_py/person_msgs/msg/_person_s.c.o[0m
[3.268s] [ 80%] [32m[1mLinking C shared library rosidl_generator_py/person_msgs/libperson_msgs__rosidl_generator_py.so[0m
[3.322s] [ 80%] Built target person_msgs__rosidl_generator_py
[3.334s] [ 90%] [32mBuilding C object CMakeFiles/person_msgs__rosidl_typesupport_introspection_c__pyext.dir/rosidl_generator_py/person_msgs/_person_msgs_s.ep.rosidl_typesupport_introspection_c.c.o[0m
[3.334s] [ 90%] [32mBuilding C object CMakeFiles/person_msgs__rosidl_typesupport_fastrtps_c__pyext.dir/rosidl_generator_py/person_msgs/_person_msgs_s.ep.rosidl_typesupport_fastrtps_c.c.o[0m
[3.334s] [ 90%] [32mBuilding C object CMakeFiles/person_msgs__rosidl_typesupport_c__pyext.dir/rosidl_generator_py/person_msgs/_person_msgs_s.ep.rosidl_typesupport_c.c.o[0m
[3.393s] [ 93%] [32m[1mLinking C shared library rosidl_generator_py/person_msgs/person_msgs_s__rosidl_typesupport_introspection_c.cpython-310-x86_64-linux-gnu.so[0m
[3.395s] [ 96%] [32m[1mLinking C shared library rosidl_generator_py/person_msgs/person_msgs_s__rosidl_typesupport_c.cpython-310-x86_64-linux-gnu.so[0m
[3.395s] [100%] [32m[1mLinking C shared library rosidl_generator_py/person_msgs/person_msgs_s__rosidl_typesupport_fastrtps_c.cpython-310-x86_64-linux-gnu.so[0m
[3.434s] [100%] Built target person_msgs__rosidl_typesupport_c__pyext
[3.434s] [100%] Built target person_msgs__rosidl_typesupport_introspection_c__pyext
[3.434s] [100%] Built target person_msgs__rosidl_typesupport_fastrtps_c__pyext
[3.441s] Invoked command in '/home/sakuto/ros2_ws/build/person_msgs' returned '0': CMAKE_PREFIX_PATH=/home/sakuto/ros2_ws/install/mypkg:/opt/ros/humble /usr/bin/cmake --build /home/sakuto/ros2_ws/build/person_msgs -- -j8 -l8
[3.483s] Invoking command in '/home/sakuto/ros2_ws/build/person_msgs': CMAKE_PREFIX_PATH=/home/sakuto/ros2_ws/install/mypkg:/opt/ros/humble /usr/bin/cmake --install /home/sakuto/ros2_ws/build/person_msgs
[3.488s] -- Install configuration: ""
[3.488s] -- Installing: /home/sakuto/ros2_ws/install/person_msgs/share/ament_index/resource_index/rosidl_interfaces/person_msgs
[3.488s] -- Installing: /home/sakuto/ros2_ws/install/person_msgs/include/person_msgs/person_msgs
[3.488s] -- Installing: /home/sakuto/ros2_ws/install/person_msgs/include/person_msgs/person_msgs/msg
[3.488s] -- Installing: /home/sakuto/ros2_ws/install/person_msgs/include/person_msgs/person_msgs/msg/person.h
[3.488s] -- Installing: /home/sakuto/ros2_ws/install/person_msgs/include/person_msgs/person_msgs/msg/rosidl_generator_c__visibility_control.h
[3.488s] -- Installing: /home/sakuto/ros2_ws/install/person_msgs/include/person_msgs/person_msgs/msg/detail
[3.489s] -- Installing: /home/sakuto/ros2_ws/install/person_msgs/include/person_msgs/person_msgs/msg/detail/person__functions.c
[3.489s] -- Installing: /home/sakuto/ros2_ws/install/person_msgs/include/person_msgs/person_msgs/msg/detail/person__type_support.h
[3.489s] -- Installing: /home/sakuto/ros2_ws/install/person_msgs/include/person_msgs/person_msgs/msg/detail/person__functions.h
[3.489s] -- Installing: /home/sakuto/ros2_ws/install/person_msgs/include/person_msgs/person_msgs/msg/detail/person__struct.h
[3.489s] -- Installing: /home/sakuto/ros2_ws/install/person_msgs/share/person_msgs/environment/library_path.sh
[3.489s] -- Installing: /home/sakuto/ros2_ws/install/person_msgs/share/person_msgs/environment/library_path.dsv
[3.489s] -- Installing: /home/sakuto/ros2_ws/install/person_msgs/lib/libperson_msgs__rosidl_generator_c.so
[3.489s] -- Set runtime path of "/home/sakuto/ros2_ws/install/person_msgs/lib/libperson_msgs__rosidl_generator_c.so" to ""
[3.489s] -- Up-to-date: /home/sakuto/ros2_ws/install/person_msgs/include/person_msgs/person_msgs
[3.489s] -- Up-to-date: /home/sakuto/ros2_ws/install/person_msgs/include/person_msgs/person_msgs/msg
[3.489s] -- Installing: /home/sakuto/ros2_ws/install/person_msgs/include/person_msgs/person_msgs/msg/rosidl_typesupport_fastrtps_c__visibility_control.h
[3.490s] -- Up-to-date: /home/sakuto/ros2_ws/install/person_msgs/include/person_msgs/person_msgs/msg/detail
[3.490s] -- Installing: /home/sakuto/ros2_ws/install/person_msgs/include/person_msgs/person_msgs/msg/detail/person__rosidl_typesupport_fastrtps_c.h
[3.490s] -- Installing: /home/sakuto/ros2_ws/install/person_msgs/lib/libperson_msgs__rosidl_typesupport_fastrtps_c.so
[3.490s] -- Set runtime path of "/home/sakuto/ros2_ws/install/person_msgs/lib/libperson_msgs__rosidl_typesupport_fastrtps_c.so" to ""
[3.490s] -- Up-to-date: /home/sakuto/ros2_ws/install/person_msgs/include/person_msgs/person_msgs
[3.490s] -- Up-to-date: /home/sakuto/ros2_ws/install/person_msgs/include/person_msgs/person_msgs/msg
[3.490s] -- Installing: /home/sakuto/ros2_ws/install/person_msgs/include/person_msgs/person_msgs/msg/rosidl_typesupport_introspection_c__visibility_control.h
[3.490s] -- Up-to-date: /home/sakuto/ros2_ws/install/person_msgs/include/person_msgs/person_msgs/msg/detail
[3.491s] -- Installing: /home/sakuto/ros2_ws/install/person_msgs/include/person_msgs/person_msgs/msg/detail/person__type_support.c
[3.491s] -- Installing: /home/sakuto/ros2_ws/install/person_msgs/include/person_msgs/person_msgs/msg/detail/person__rosidl_typesupport_introspection_c.h
[3.491s] -- Installing: /home/sakuto/ros2_ws/install/person_msgs/lib/libperson_msgs__rosidl_typesupport_introspection_c.so
[3.491s] -- Set runtime path of "/home/sakuto/ros2_ws/install/person_msgs/lib/libperson_msgs__rosidl_typesupport_introspection_c.so" to ""
[3.491s] -- Installing: /home/sakuto/ros2_ws/install/person_msgs/lib/libperson_msgs__rosidl_typesupport_c.so
[3.491s] -- Set runtime path of "/home/sakuto/ros2_ws/install/person_msgs/lib/libperson_msgs__rosidl_typesupport_c.so" to ""
[3.491s] -- Up-to-date: /home/sakuto/ros2_ws/install/person_msgs/include/person_msgs/person_msgs
[3.491s] -- Up-to-date: /home/sakuto/ros2_ws/install/person_msgs/include/person_msgs/person_msgs/msg
[3.492s] -- Installing: /home/sakuto/ros2_ws/install/person_msgs/include/person_msgs/person_msgs/msg/person.hpp
[3.492s] -- Up-to-date: /home/sakuto/ros2_ws/install/person_msgs/include/person_msgs/person_msgs/msg/detail
[3.492s] -- Installing: /home/sakuto/ros2_ws/install/person_msgs/include/person_msgs/person_msgs/msg/detail/person__builder.hpp
[3.492s] -- Installing: /home/sakuto/ros2_ws/install/person_msgs/include/person_msgs/person_msgs/msg/detail/person__traits.hpp
[3.492s] -- Installing: /home/sakuto/ros2_ws/install/person_msgs/include/person_msgs/person_msgs/msg/detail/person__struct.hpp
[3.492s] -- Up-to-date: /home/sakuto/ros2_ws/install/person_msgs/include/person_msgs/person_msgs
[3.492s] -- Up-to-date: /home/sakuto/ros2_ws/install/person_msgs/include/person_msgs/person_msgs/msg
[3.492s] -- Installing: /home/sakuto/ros2_ws/install/person_msgs/include/person_msgs/person_msgs/msg/rosidl_typesupport_fastrtps_cpp__visibility_control.h
[3.492s] -- Up-to-date: /home/sakuto/ros2_ws/install/person_msgs/include/person_msgs/person_msgs/msg/detail
[3.493s] -- Installing: /home/sakuto/ros2_ws/install/person_msgs/include/person_msgs/person_msgs/msg/detail/dds_fastrtps
[3.493s] -- Installing: /home/sakuto/ros2_ws/install/person_msgs/include/person_msgs/person_msgs/msg/detail/person__rosidl_typesupport_fastrtps_cpp.hpp
[3.493s] -- Installing: /home/sakuto/ros2_ws/install/person_msgs/lib/libperson_msgs__rosidl_typesupport_fastrtps_cpp.so
[3.493s] -- Set runtime path of "/home/sakuto/ros2_ws/install/person_msgs/lib/libperson_msgs__rosidl_typesupport_fastrtps_cpp.so" to ""
[3.493s] -- Up-to-date: /home/sakuto/ros2_ws/install/person_msgs/include/person_msgs/person_msgs
[3.493s] -- Up-to-date: /home/sakuto/ros2_ws/install/person_msgs/include/person_msgs/person_msgs/msg
[3.493s] -- Up-to-date: /home/sakuto/ros2_ws/install/person_msgs/include/person_msgs/person_msgs/msg/detail
[3.493s] -- Installing: /home/sakuto/ros2_ws/install/person_msgs/include/person_msgs/person_msgs/msg/detail/person__rosidl_typesupport_introspection_cpp.hpp
[3.493s] -- Installing: /home/sakuto/ros2_ws/install/person_msgs/include/person_msgs/person_msgs/msg/detail/person__type_support.cpp
[3.493s] -- Installing: /home/sakuto/ros2_ws/install/person_msgs/lib/libperson_msgs__rosidl_typesupport_introspection_cpp.so
[3.493s] -- Set runtime path of "/home/sakuto/ros2_ws/install/person_msgs/lib/libperson_msgs__rosidl_typesupport_introspection_cpp.so" to ""
[3.493s] -- Installing: /home/sakuto/ros2_ws/install/person_msgs/lib/libperson_msgs__rosidl_typesupport_cpp.so
[3.493s] -- Set runtime path of "/home/sakuto/ros2_ws/install/person_msgs/lib/libperson_msgs__rosidl_typesupport_cpp.so" to ""
[3.493s] -- Installing: /home/sakuto/ros2_ws/install/person_msgs/share/person_msgs/environment/pythonpath.sh
[3.493s] -- Installing: /home/sakuto/ros2_ws/install/person_msgs/share/person_msgs/environment/pythonpath.dsv
[3.493s] -- Installing: /home/sakuto/ros2_ws/install/person_msgs/local/lib/python3.10/dist-packages/person_msgs-0.0.0-py3.10.egg-info
[3.493s] -- Installing: /home/sakuto/ros2_ws/install/person_msgs/local/lib/python3.10/dist-packages/person_msgs-0.0.0-py3.10.egg-info/top_level.txt
[3.493s] -- Installing: /home/sakuto/ros2_ws/install/person_msgs/local/lib/python3.10/dist-packages/person_msgs-0.0.0-py3.10.egg-info/dependency_links.txt
[3.493s] -- Installing: /home/sakuto/ros2_ws/install/person_msgs/local/lib/python3.10/dist-packages/person_msgs-0.0.0-py3.10.egg-info/SOURCES.txt
[3.494s] -- Installing: /home/sakuto/ros2_ws/install/person_msgs/local/lib/python3.10/dist-packages/person_msgs-0.0.0-py3.10.egg-info/PKG-INFO
[3.494s] -- Installing: /home/sakuto/ros2_ws/install/person_msgs/local/lib/python3.10/dist-packages/person_msgs
[3.494s] -- Installing: /home/sakuto/ros2_ws/install/person_msgs/local/lib/python3.10/dist-packages/person_msgs/libperson_msgs__rosidl_generator_py.so
[3.494s] -- Installing: /home/sakuto/ros2_ws/install/person_msgs/local/lib/python3.10/dist-packages/person_msgs/_person_msgs_s.ep.rosidl_typesupport_introspection_c.c
[3.494s] -- Installing: /home/sakuto/ros2_ws/install/person_msgs/local/lib/python3.10/dist-packages/person_msgs/_person_msgs_s.ep.rosidl_typesupport_c.c
[3.494s] -- Installing: /home/sakuto/ros2_ws/install/person_msgs/local/lib/python3.10/dist-packages/person_msgs/person_msgs_s__rosidl_typesupport_fastrtps_c.cpython-310-x86_64-linux-gnu.so
[3.494s] -- Installing: /home/sakuto/ros2_ws/install/person_msgs/local/lib/python3.10/dist-packages/person_msgs/msg
[3.494s] -- Installing: /home/sakuto/ros2_ws/install/person_msgs/local/lib/python3.10/dist-packages/person_msgs/msg/_person.py
[3.494s] -- Installing: /home/sakuto/ros2_ws/install/person_msgs/local/lib/python3.10/dist-packages/person_msgs/msg/_person_s.c
[3.494s] -- Installing: /home/sakuto/ros2_ws/install/person_msgs/local/lib/python3.10/dist-packages/person_msgs/msg/__init__.py
[3.494s] -- Installing: /home/sakuto/ros2_ws/install/person_msgs/local/lib/python3.10/dist-packages/person_msgs/person_msgs_s__rosidl_typesupport_introspection_c.cpython-310-x86_64-linux-gnu.so
[3.494s] -- Installing: /home/sakuto/ros2_ws/install/person_msgs/local/lib/python3.10/dist-packages/person_msgs/person_msgs_s__rosidl_typesupport_c.cpython-310-x86_64-linux-gnu.so
[3.494s] -- Installing: /home/sakuto/ros2_ws/install/person_msgs/local/lib/python3.10/dist-packages/person_msgs/_person_msgs_s.ep.rosidl_typesupport_fastrtps_c.c
[3.494s] -- Installing: /home/sakuto/ros2_ws/install/person_msgs/local/lib/python3.10/dist-packages/person_msgs/__init__.py
[3.517s] Listing '/home/sakuto/ros2_ws/install/person_msgs/local/lib/python3.10/dist-packages/person_msgs'...
[3.517s] Compiling '/home/sakuto/ros2_ws/install/person_msgs/local/lib/python3.10/dist-packages/person_msgs/__init__.py'...
[3.517s] Listing '/home/sakuto/ros2_ws/install/person_msgs/local/lib/python3.10/dist-packages/person_msgs/msg'...
[3.517s] Compiling '/home/sakuto/ros2_ws/install/person_msgs/local/lib/python3.10/dist-packages/person_msgs/msg/__init__.py'...
[3.517s] Compiling '/home/sakuto/ros2_ws/install/person_msgs/local/lib/python3.10/dist-packages/person_msgs/msg/_person.py'...
[3.520s] -- Installing: /home/sakuto/ros2_ws/install/person_msgs/local/lib/python3.10/dist-packages/person_msgs/person_msgs_s__rosidl_typesupport_fastrtps_c.cpython-310-x86_64-linux-gnu.so
[3.520s] -- Set runtime path of "/home/sakuto/ros2_ws/install/person_msgs/local/lib/python3.10/dist-packages/person_msgs/person_msgs_s__rosidl_typesupport_fastrtps_c.cpython-310-x86_64-linux-gnu.so" to ""
[3.520s] -- Installing: /home/sakuto/ros2_ws/install/person_msgs/local/lib/python3.10/dist-packages/person_msgs/person_msgs_s__rosidl_typesupport_introspection_c.cpython-310-x86_64-linux-gnu.so
[3.520s] -- Set runtime path of "/home/sakuto/ros2_ws/install/person_msgs/local/lib/python3.10/dist-packages/person_msgs/person_msgs_s__rosidl_typesupport_introspection_c.cpython-310-x86_64-linux-gnu.so" to ""
[3.521s] -- Installing: /home/sakuto/ros2_ws/install/person_msgs/local/lib/python3.10/dist-packages/person_msgs/person_msgs_s__rosidl_typesupport_c.cpython-310-x86_64-linux-gnu.so
[3.521s] -- Set runtime path of "/home/sakuto/ros2_ws/install/person_msgs/local/lib/python3.10/dist-packages/person_msgs/person_msgs_s__rosidl_typesupport_c.cpython-310-x86_64-linux-gnu.so" to ""
[3.521s] -- Installing: /home/sakuto/ros2_ws/install/person_msgs/lib/libperson_msgs__rosidl_generator_py.so
[3.521s] -- Set runtime path of "/home/sakuto/ros2_ws/install/person_msgs/lib/libperson_msgs__rosidl_generator_py.so" to ""
[3.521s] -- Installing: /home/sakuto/ros2_ws/install/person_msgs/share/person_msgs/msg/Person.idl
[3.521s] -- Installing: /home/sakuto/ros2_ws/install/person_msgs/share/person_msgs/msg/Person.msg
[3.521s] -- Installing: /home/sakuto/ros2_ws/install/person_msgs/share/ament_index/resource_index/package_run_dependencies/person_msgs
[3.522s] -- Installing: /home/sakuto/ros2_ws/install/person_msgs/share/ament_index/resource_index/parent_prefix_path/person_msgs
[3.522s] -- Installing: /home/sakuto/ros2_ws/install/person_msgs/share/person_msgs/environment/ament_prefix_path.sh
[3.522s] -- Installing: /home/sakuto/ros2_ws/install/person_msgs/share/person_msgs/environment/ament_prefix_path.dsv
[3.522s] -- Installing: /home/sakuto/ros2_ws/install/person_msgs/share/person_msgs/environment/path.sh
[3.522s] -- Installing: /home/sakuto/ros2_ws/install/person_msgs/share/person_msgs/environment/path.dsv
[3.522s] -- Installing: /home/sakuto/ros2_ws/install/person_msgs/share/person_msgs/local_setup.bash
[3.522s] -- Installing: /home/sakuto/ros2_ws/install/person_msgs/share/person_msgs/local_setup.sh
[3.523s] -- Installing: /home/sakuto/ros2_ws/install/person_msgs/share/person_msgs/local_setup.zsh
[3.523s] -- Installing: /home/sakuto/ros2_ws/install/person_msgs/share/person_msgs/local_setup.dsv
[3.523s] -- Installing: /home/sakuto/ros2_ws/install/person_msgs/share/person_msgs/package.dsv
[3.523s] -- Installing: /home/sakuto/ros2_ws/install/person_msgs/share/ament_index/resource_index/packages/person_msgs
[3.523s] -- Installing: /home/sakuto/ros2_ws/install/person_msgs/share/person_msgs/cmake/export_person_msgs__rosidl_generator_cExport.cmake
[3.523s] -- Installing: /home/sakuto/ros2_ws/install/person_msgs/share/person_msgs/cmake/export_person_msgs__rosidl_generator_cExport-noconfig.cmake
[3.523s] -- Installing: /home/sakuto/ros2_ws/install/person_msgs/share/person_msgs/cmake/export_person_msgs__rosidl_typesupport_fastrtps_cExport.cmake
[3.523s] -- Installing: /home/sakuto/ros2_ws/install/person_msgs/share/person_msgs/cmake/export_person_msgs__rosidl_typesupport_fastrtps_cExport-noconfig.cmake
[3.524s] -- Installing: /home/sakuto/ros2_ws/install/person_msgs/share/person_msgs/cmake/person_msgs__rosidl_typesupport_introspection_cExport.cmake
[3.524s] -- Installing: /home/sakuto/ros2_ws/install/person_msgs/share/person_msgs/cmake/person_msgs__rosidl_typesupport_introspection_cExport-noconfig.cmake
[3.524s] -- Installing: /home/sakuto/ros2_ws/install/person_msgs/share/person_msgs/cmake/person_msgs__rosidl_typesupport_cExport.cmake
[3.524s] -- Installing: /home/sakuto/ros2_ws/install/person_msgs/share/person_msgs/cmake/person_msgs__rosidl_typesupport_cExport-noconfig.cmake
[3.524s] -- Installing: /home/sakuto/ros2_ws/install/person_msgs/share/person_msgs/cmake/export_person_msgs__rosidl_generator_cppExport.cmake
[3.524s] -- Installing: /home/sakuto/ros2_ws/install/person_msgs/share/person_msgs/cmake/export_person_msgs__rosidl_typesupport_fastrtps_cppExport.cmake
[3.524s] -- Installing: /home/sakuto/ros2_ws/install/person_msgs/share/person_msgs/cmake/export_person_msgs__rosidl_typesupport_fastrtps_cppExport-noconfig.cmake
[3.524s] -- Installing: /home/sakuto/ros2_ws/install/person_msgs/share/person_msgs/cmake/person_msgs__rosidl_typesupport_introspection_cppExport.cmake
[3.525s] -- Installing: /home/sakuto/ros2_ws/install/person_msgs/share/person_msgs/cmake/person_msgs__rosidl_typesupport_introspection_cppExport-noconfig.cmake
[3.525s] -- Installing: /home/sakuto/ros2_ws/install/person_msgs/share/person_msgs/cmake/person_msgs__rosidl_typesupport_cppExport.cmake
[3.525s] -- Installing: /home/sakuto/ros2_ws/install/person_msgs/share/person_msgs/cmake/person_msgs__rosidl_typesupport_cppExport-noconfig.cmake
[3.525s] -- Installing: /home/sakuto/ros2_ws/install/person_msgs/share/person_msgs/cmake/export_person_msgs__rosidl_generator_pyExport.cmake
[3.525s] -- Installing: /home/sakuto/ros2_ws/install/person_msgs/share/person_msgs/cmake/export_person_msgs__rosidl_generator_pyExport-noconfig.cmake
[3.525s] -- Installing: /home/sakuto/ros2_ws/install/person_msgs/share/person_msgs/cmake/rosidl_cmake-extras.cmake
[3.525s] -- Installing: /home/sakuto/ros2_ws/install/person_msgs/share/person_msgs/cmake/ament_cmake_export_include_directories-extras.cmake
[3.525s] -- Installing: /home/sakuto/ros2_ws/install/person_msgs/share/person_msgs/cmake/ament_cmake_export_libraries-extras.cmake
[3.525s] -- Installing: /home/sakuto/ros2_ws/install/person_msgs/share/person_msgs/cmake/ament_cmake_export_targets-extras.cmake
[3.525s] -- Installing: /home/sakuto/ros2_ws/install/person_msgs/share/person_msgs/cmake/rosidl_cmake_export_typesupport_targets-extras.cmake
[3.525s] -- Installing: /home/sakuto/ros2_ws/install/person_msgs/share/person_msgs/cmake/ament_cmake_export_dependencies-extras.cmake
[3.525s] -- Installing: /home/sakuto/ros2_ws/install/person_msgs/share/person_msgs/cmake/rosidl_cmake_export_typesupport_libraries-extras.cmake
[3.525s] -- Installing: /home/sakuto/ros2_ws/install/person_msgs/share/person_msgs/cmake/person_msgsConfig.cmake
[3.526s] -- Installing: /home/sakuto/ros2_ws/install/person_msgs/share/person_msgs/cmake/person_msgsConfig-version.cmake
[3.526s] -- Installing: /home/sakuto/ros2_ws/install/person_msgs/share/person_msgs/package.xml
[3.529s] Invoked command in '/home/sakuto/ros2_ws/build/person_msgs' returned '0': CMAKE_PREFIX_PATH=/home/sakuto/ros2_ws/install/mypkg:/opt/ros/humble /usr/bin/cmake --install /home/sakuto/ros2_ws/build/person_msgs
