[0.338s] Invoking command in '/home/sakuto/ros2_ws/build/person_msgs': CMAKE_PREFIX_PATH=${CMAKE_PREFIX_PATH}:/home/sakuto/ros2_ws/install/mypkg:/opt/ros/humble /usr/bin/cmake --build /home/sakuto/ros2_ws/build/person_msgs -- -j8 -l8
[0.402s] [  3%] Built target person_msgs__cpp
[0.404s] [ 12%] Built target person_msgs__rosidl_generator_c
[0.421s] [ 12%] Built target ament_cmake_python_copy_person_msgs
[0.433s] [ 32%] Built target person_msgs__rosidl_typesupport_fastrtps_c
[0.433s] [ 32%] Built target person_msgs__rosidl_typesupport_introspection_cpp
[0.434s] [ 41%] Built target person_msgs__rosidl_typesupport_fastrtps_cpp
[0.434s] [ 51%] Built target person_msgs__rosidl_typesupport_cpp
[0.437s] [ 61%] Built target person_msgs__rosidl_typesupport_c
[0.440s] [ 70%] Built target person_msgs__rosidl_typesupport_introspection_c
[0.461s] [ 70%] Built target person_msgs
[0.484s] [ 74%] Built target person_msgs__py
[0.512s] [ 80%] Built target person_msgs__rosidl_generator_py
[0.538s] [ 87%] Built target person_msgs__rosidl_typesupport_fastrtps_c__pyext
[0.538s] [ 93%] Built target person_msgs__rosidl_typesupport_introspection_c__pyext
[0.540s] [100%] Built target person_msgs__rosidl_typesupport_c__pyext
[0.731s] running egg_info
[0.733s] writing person_msgs.egg-info/PKG-INFO
[0.733s] writing dependency_links to person_msgs.egg-info/dependency_links.txt
[0.734s] writing top-level names to person_msgs.egg-info/top_level.txt
[0.738s] reading manifest file 'person_msgs.egg-info/SOURCES.txt'
[0.739s] writing manifest file 'person_msgs.egg-info/SOURCES.txt'
[0.771s] [100%] Built target ament_cmake_python_build_person_msgs_egg
[0.788s] Invoked command in '/home/sakuto/ros2_ws/build/person_msgs' returned '0': CMAKE_PREFIX_PATH=${CMAKE_PREFIX_PATH}:/home/sakuto/ros2_ws/install/mypkg:/opt/ros/humble /usr/bin/cmake --build /home/sakuto/ros2_ws/build/person_msgs -- -j8 -l8
[0.910s] Invoking command in '/home/sakuto/ros2_ws/build/person_msgs': CMAKE_PREFIX_PATH=${CMAKE_PREFIX_PATH}:/home/sakuto/ros2_ws/install/mypkg:/opt/ros/humble /usr/bin/cmake --install /home/sakuto/ros2_ws/build/person_msgs
[0.922s] -- Install configuration: ""
[0.923s] -- Up-to-date: /home/sakuto/ros2_ws/install/person_msgs/share/ament_index/resource_index/rosidl_interfaces/person_msgs
[0.924s] -- Up-to-date: /home/sakuto/ros2_ws/install/person_msgs/include/person_msgs/person_msgs
[0.924s] -- Up-to-date: /home/sakuto/ros2_ws/install/person_msgs/include/person_msgs/person_msgs/msg
[0.925s] -- Up-to-date: /home/sakuto/ros2_ws/install/person_msgs/include/person_msgs/person_msgs/msg/person.h
[0.925s] -- Up-to-date: /home/sakuto/ros2_ws/install/person_msgs/include/person_msgs/person_msgs/msg/rosidl_generator_c__visibility_control.h
[0.925s] -- Up-to-date: /home/sakuto/ros2_ws/install/person_msgs/include/person_msgs/person_msgs/msg/detail
[0.926s] -- Up-to-date: /home/sakuto/ros2_ws/install/person_msgs/include/person_msgs/person_msgs/msg/detail/person__functions.c
[0.926s] -- Up-to-date: /home/sakuto/ros2_ws/install/person_msgs/include/person_msgs/person_msgs/msg/detail/person__type_support.h
[0.927s] -- Up-to-date: /home/sakuto/ros2_ws/install/person_msgs/include/person_msgs/person_msgs/msg/detail/person__functions.h
[0.927s] -- Up-to-date: /home/sakuto/ros2_ws/install/person_msgs/include/person_msgs/person_msgs/msg/detail/person__struct.h
[0.928s] -- Up-to-date: /home/sakuto/ros2_ws/install/person_msgs/share/person_msgs/environment/library_path.sh
[0.928s] -- Up-to-date: /home/sakuto/ros2_ws/install/person_msgs/share/person_msgs/environment/library_path.dsv
[0.929s] -- Up-to-date: /home/sakuto/ros2_ws/install/person_msgs/lib/libperson_msgs__rosidl_generator_c.so
[0.929s] -- Up-to-date: /home/sakuto/ros2_ws/install/person_msgs/include/person_msgs/person_msgs
[0.929s] -- Up-to-date: /home/sakuto/ros2_ws/install/person_msgs/include/person_msgs/person_msgs/msg
[0.930s] -- Up-to-date: /home/sakuto/ros2_ws/install/person_msgs/include/person_msgs/person_msgs/msg/rosidl_typesupport_fastrtps_c__visibility_control.h
[0.930s] -- Up-to-date: /home/sakuto/ros2_ws/install/person_msgs/include/person_msgs/person_msgs/msg/detail
[0.931s] -- Up-to-date: /home/sakuto/ros2_ws/install/person_msgs/include/person_msgs/person_msgs/msg/detail/person__rosidl_typesupport_fastrtps_c.h
[0.931s] -- Up-to-date: /home/sakuto/ros2_ws/install/person_msgs/lib/libperson_msgs__rosidl_typesupport_fastrtps_c.so
[0.931s] -- Up-to-date: /home/sakuto/ros2_ws/install/person_msgs/include/person_msgs/person_msgs
[0.932s] -- Up-to-date: /home/sakuto/ros2_ws/install/person_msgs/include/person_msgs/person_msgs/msg
[0.932s] -- Up-to-date: /home/sakuto/ros2_ws/install/person_msgs/include/person_msgs/person_msgs/msg/rosidl_typesupport_introspection_c__visibility_control.h
[0.932s] -- Up-to-date: /home/sakuto/ros2_ws/install/person_msgs/include/person_msgs/person_msgs/msg/detail
[0.933s] -- Up-to-date: /home/sakuto/ros2_ws/install/person_msgs/include/person_msgs/person_msgs/msg/detail/person__type_support.c
[0.933s] -- Up-to-date: /home/sakuto/ros2_ws/install/person_msgs/include/person_msgs/person_msgs/msg/detail/person__rosidl_typesupport_introspection_c.h
[0.933s] -- Up-to-date: /home/sakuto/ros2_ws/install/person_msgs/lib/libperson_msgs__rosidl_typesupport_introspection_c.so
[0.934s] -- Up-to-date: /home/sakuto/ros2_ws/install/person_msgs/lib/libperson_msgs__rosidl_typesupport_c.so
[0.934s] -- Up-to-date: /home/sakuto/ros2_ws/install/person_msgs/include/person_msgs/person_msgs
[0.934s] -- Up-to-date: /home/sakuto/ros2_ws/install/person_msgs/include/person_msgs/person_msgs/msg
[0.935s] -- Up-to-date: /home/sakuto/ros2_ws/install/person_msgs/include/person_msgs/person_msgs/msg/person.hpp
[0.935s] -- Up-to-date: /home/sakuto/ros2_ws/install/person_msgs/include/person_msgs/person_msgs/msg/detail
[0.936s] -- Up-to-date: /home/sakuto/ros2_ws/install/person_msgs/include/person_msgs/person_msgs/msg/detail/person__builder.hpp
[0.936s] -- Up-to-date: /home/sakuto/ros2_ws/install/person_msgs/include/person_msgs/person_msgs/msg/detail/person__traits.hpp
[0.936s] -- Up-to-date: /home/sakuto/ros2_ws/install/person_msgs/include/person_msgs/person_msgs/msg/detail/person__struct.hpp
[0.937s] -- Up-to-date: /home/sakuto/ros2_ws/install/person_msgs/include/person_msgs/person_msgs
[0.937s] -- Up-to-date: /home/sakuto/ros2_ws/install/person_msgs/include/person_msgs/person_msgs/msg
[0.937s] -- Up-to-date: /home/sakuto/ros2_ws/install/person_msgs/include/person_msgs/person_msgs/msg/rosidl_typesupport_fastrtps_cpp__visibility_control.h
[0.937s] -- Up-to-date: /home/sakuto/ros2_ws/install/person_msgs/include/person_msgs/person_msgs/msg/detail
[0.938s] -- Up-to-date: /home/sakuto/ros2_ws/install/person_msgs/include/person_msgs/person_msgs/msg/detail/dds_fastrtps
[0.938s] -- Up-to-date: /home/sakuto/ros2_ws/install/person_msgs/include/person_msgs/person_msgs/msg/detail/person__rosidl_typesupport_fastrtps_cpp.hpp
[0.938s] -- Up-to-date: /home/sakuto/ros2_ws/install/person_msgs/lib/libperson_msgs__rosidl_typesupport_fastrtps_cpp.so
[0.938s] -- Up-to-date: /home/sakuto/ros2_ws/install/person_msgs/include/person_msgs/person_msgs
[0.938s] -- Up-to-date: /home/sakuto/ros2_ws/install/person_msgs/include/person_msgs/person_msgs/msg
[0.938s] -- Up-to-date: /home/sakuto/ros2_ws/install/person_msgs/include/person_msgs/person_msgs/msg/detail
[0.939s] -- Up-to-date: /home/sakuto/ros2_ws/install/person_msgs/include/person_msgs/person_msgs/msg/detail/person__rosidl_typesupport_introspection_cpp.hpp
[0.939s] -- Up-to-date: /home/sakuto/ros2_ws/install/person_msgs/include/person_msgs/person_msgs/msg/detail/person__type_support.cpp
[0.939s] -- Up-to-date: /home/sakuto/ros2_ws/install/person_msgs/lib/libperson_msgs__rosidl_typesupport_introspection_cpp.so
[0.939s] -- Up-to-date: /home/sakuto/ros2_ws/install/person_msgs/lib/libperson_msgs__rosidl_typesupport_cpp.so
[0.939s] -- Up-to-date: /home/sakuto/ros2_ws/install/person_msgs/share/person_msgs/environment/pythonpath.sh
[0.939s] -- Up-to-date: /home/sakuto/ros2_ws/install/person_msgs/share/person_msgs/environment/pythonpath.dsv
[0.939s] -- Up-to-date: /home/sakuto/ros2_ws/install/person_msgs/local/lib/python3.10/dist-packages/person_msgs-0.0.0-py3.10.egg-info
[0.940s] -- Installing: /home/sakuto/ros2_ws/install/person_msgs/local/lib/python3.10/dist-packages/person_msgs-0.0.0-py3.10.egg-info/top_level.txt
[0.940s] -- Installing: /home/sakuto/ros2_ws/install/person_msgs/local/lib/python3.10/dist-packages/person_msgs-0.0.0-py3.10.egg-info/dependency_links.txt
[0.940s] -- Installing: /home/sakuto/ros2_ws/install/person_msgs/local/lib/python3.10/dist-packages/person_msgs-0.0.0-py3.10.egg-info/SOURCES.txt
[0.940s] -- Installing: /home/sakuto/ros2_ws/install/person_msgs/local/lib/python3.10/dist-packages/person_msgs-0.0.0-py3.10.egg-info/PKG-INFO
[0.940s] -- Up-to-date: /home/sakuto/ros2_ws/install/person_msgs/local/lib/python3.10/dist-packages/person_msgs
[0.940s] -- Up-to-date: /home/sakuto/ros2_ws/install/person_msgs/local/lib/python3.10/dist-packages/person_msgs/libperson_msgs__rosidl_generator_py.so
[0.940s] -- Up-to-date: /home/sakuto/ros2_ws/install/person_msgs/local/lib/python3.10/dist-packages/person_msgs/_person_msgs_s.ep.rosidl_typesupport_introspection_c.c
[0.940s] -- Up-to-date: /home/sakuto/ros2_ws/install/person_msgs/local/lib/python3.10/dist-packages/person_msgs/_person_msgs_s.ep.rosidl_typesupport_c.c
[0.941s] -- Up-to-date: /home/sakuto/ros2_ws/install/person_msgs/local/lib/python3.10/dist-packages/person_msgs/person_msgs_s__rosidl_typesupport_fastrtps_c.cpython-310-x86_64-linux-gnu.so
[0.941s] -- Up-to-date: /home/sakuto/ros2_ws/install/person_msgs/local/lib/python3.10/dist-packages/person_msgs/msg
[0.941s] -- Up-to-date: /home/sakuto/ros2_ws/install/person_msgs/local/lib/python3.10/dist-packages/person_msgs/msg/_person.py
[0.941s] -- Up-to-date: /home/sakuto/ros2_ws/install/person_msgs/local/lib/python3.10/dist-packages/person_msgs/msg/_person_s.c
[0.941s] -- Up-to-date: /home/sakuto/ros2_ws/install/person_msgs/local/lib/python3.10/dist-packages/person_msgs/msg/__init__.py
[0.941s] -- Up-to-date: /home/sakuto/ros2_ws/install/person_msgs/local/lib/python3.10/dist-packages/person_msgs/person_msgs_s__rosidl_typesupport_introspection_c.cpython-310-x86_64-linux-gnu.so
[0.941s] -- Up-to-date: /home/sakuto/ros2_ws/install/person_msgs/local/lib/python3.10/dist-packages/person_msgs/person_msgs_s__rosidl_typesupport_c.cpython-310-x86_64-linux-gnu.so
[0.942s] -- Up-to-date: /home/sakuto/ros2_ws/install/person_msgs/local/lib/python3.10/dist-packages/person_msgs/_person_msgs_s.ep.rosidl_typesupport_fastrtps_c.c
[0.942s] -- Up-to-date: /home/sakuto/ros2_ws/install/person_msgs/local/lib/python3.10/dist-packages/person_msgs/__init__.py
[1.011s] Listing '/home/sakuto/ros2_ws/install/person_msgs/local/lib/python3.10/dist-packages/person_msgs'...
[1.011s] Listing '/home/sakuto/ros2_ws/install/person_msgs/local/lib/python3.10/dist-packages/person_msgs/msg'...
[1.023s] -- Up-to-date: /home/sakuto/ros2_ws/install/person_msgs/local/lib/python3.10/dist-packages/person_msgs/person_msgs_s__rosidl_typesupport_fastrtps_c.cpython-310-x86_64-linux-gnu.so
[1.024s] -- Up-to-date: /home/sakuto/ros2_ws/install/person_msgs/local/lib/python3.10/dist-packages/person_msgs/person_msgs_s__rosidl_typesupport_introspection_c.cpython-310-x86_64-linux-gnu.so
[1.024s] -- Up-to-date: /home/sakuto/ros2_ws/install/person_msgs/local/lib/python3.10/dist-packages/person_msgs/person_msgs_s__rosidl_typesupport_c.cpython-310-x86_64-linux-gnu.so
[1.025s] -- Up-to-date: /home/sakuto/ros2_ws/install/person_msgs/lib/libperson_msgs__rosidl_generator_py.so
[1.026s] -- Up-to-date: /home/sakuto/ros2_ws/install/person_msgs/share/person_msgs/msg/Person.idl
[1.026s] -- Up-to-date: /home/sakuto/ros2_ws/install/person_msgs/share/person_msgs/msg/Person.msg
[1.026s] -- Up-to-date: /home/sakuto/ros2_ws/install/person_msgs/share/ament_index/resource_index/package_run_dependencies/person_msgs
[1.027s] -- Up-to-date: /home/sakuto/ros2_ws/install/person_msgs/share/ament_index/resource_index/parent_prefix_path/person_msgs
[1.027s] -- Up-to-date: /home/sakuto/ros2_ws/install/person_msgs/share/person_msgs/environment/ament_prefix_path.sh
[1.028s] -- Up-to-date: /home/sakuto/ros2_ws/install/person_msgs/share/person_msgs/environment/ament_prefix_path.dsv
[1.028s] -- Up-to-date: /home/sakuto/ros2_ws/install/person_msgs/share/person_msgs/environment/path.sh
[1.029s] -- Up-to-date: /home/sakuto/ros2_ws/install/person_msgs/share/person_msgs/environment/path.dsv
[1.029s] -- Up-to-date: /home/sakuto/ros2_ws/install/person_msgs/share/person_msgs/local_setup.bash
[1.029s] -- Up-to-date: /home/sakuto/ros2_ws/install/person_msgs/share/person_msgs/local_setup.sh
[1.030s] -- Up-to-date: /home/sakuto/ros2_ws/install/person_msgs/share/person_msgs/local_setup.zsh
[1.030s] -- Up-to-date: /home/sakuto/ros2_ws/install/person_msgs/share/person_msgs/local_setup.dsv
[1.030s] -- Installing: /home/sakuto/ros2_ws/install/person_msgs/share/person_msgs/package.dsv
[1.031s] -- Up-to-date: /home/sakuto/ros2_ws/install/person_msgs/share/ament_index/resource_index/packages/person_msgs
[1.031s] -- Up-to-date: /home/sakuto/ros2_ws/install/person_msgs/share/person_msgs/cmake/export_person_msgs__rosidl_generator_cExport.cmake
[1.031s] -- Up-to-date: /home/sakuto/ros2_ws/install/person_msgs/share/person_msgs/cmake/export_person_msgs__rosidl_generator_cExport-noconfig.cmake
[1.032s] -- Up-to-date: /home/sakuto/ros2_ws/install/person_msgs/share/person_msgs/cmake/export_person_msgs__rosidl_typesupport_fastrtps_cExport.cmake
[1.032s] -- Up-to-date: /home/sakuto/ros2_ws/install/person_msgs/share/person_msgs/cmake/export_person_msgs__rosidl_typesupport_fastrtps_cExport-noconfig.cmake
[1.032s] -- Up-to-date: /home/sakuto/ros2_ws/install/person_msgs/share/person_msgs/cmake/person_msgs__rosidl_typesupport_introspection_cExport.cmake
[1.033s] -- Up-to-date: /home/sakuto/ros2_ws/install/person_msgs/share/person_msgs/cmake/person_msgs__rosidl_typesupport_introspection_cExport-noconfig.cmake
[1.033s] -- Up-to-date: /home/sakuto/ros2_ws/install/person_msgs/share/person_msgs/cmake/person_msgs__rosidl_typesupport_cExport.cmake
[1.033s] -- Up-to-date: /home/sakuto/ros2_ws/install/person_msgs/share/person_msgs/cmake/person_msgs__rosidl_typesupport_cExport-noconfig.cmake
[1.033s] -- Up-to-date: /home/sakuto/ros2_ws/install/person_msgs/share/person_msgs/cmake/export_person_msgs__rosidl_generator_cppExport.cmake
[1.034s] -- Up-to-date: /home/sakuto/ros2_ws/install/person_msgs/share/person_msgs/cmake/export_person_msgs__rosidl_typesupport_fastrtps_cppExport.cmake
[1.034s] -- Up-to-date: /home/sakuto/ros2_ws/install/person_msgs/share/person_msgs/cmake/export_person_msgs__rosidl_typesupport_fastrtps_cppExport-noconfig.cmake
[1.034s] -- Up-to-date: /home/sakuto/ros2_ws/install/person_msgs/share/person_msgs/cmake/person_msgs__rosidl_typesupport_introspection_cppExport.cmake
[1.034s] -- Up-to-date: /home/sakuto/ros2_ws/install/person_msgs/share/person_msgs/cmake/person_msgs__rosidl_typesupport_introspection_cppExport-noconfig.cmake
[1.035s] -- Up-to-date: /home/sakuto/ros2_ws/install/person_msgs/share/person_msgs/cmake/person_msgs__rosidl_typesupport_cppExport.cmake
[1.035s] -- Up-to-date: /home/sakuto/ros2_ws/install/person_msgs/share/person_msgs/cmake/person_msgs__rosidl_typesupport_cppExport-noconfig.cmake
[1.035s] -- Up-to-date: /home/sakuto/ros2_ws/install/person_msgs/share/person_msgs/cmake/export_person_msgs__rosidl_generator_pyExport.cmake
[1.035s] -- Up-to-date: /home/sakuto/ros2_ws/install/person_msgs/share/person_msgs/cmake/export_person_msgs__rosidl_generator_pyExport-noconfig.cmake
[1.036s] -- Up-to-date: /home/sakuto/ros2_ws/install/person_msgs/share/person_msgs/cmake/rosidl_cmake-extras.cmake
[1.036s] -- Up-to-date: /home/sakuto/ros2_ws/install/person_msgs/share/person_msgs/cmake/ament_cmake_export_include_directories-extras.cmake
[1.036s] -- Up-to-date: /home/sakuto/ros2_ws/install/person_msgs/share/person_msgs/cmake/ament_cmake_export_libraries-extras.cmake
[1.037s] -- Up-to-date: /home/sakuto/ros2_ws/install/person_msgs/share/person_msgs/cmake/ament_cmake_export_targets-extras.cmake
[1.037s] -- Up-to-date: /home/sakuto/ros2_ws/install/person_msgs/share/person_msgs/cmake/rosidl_cmake_export_typesupport_targets-extras.cmake
[1.037s] -- Up-to-date: /home/sakuto/ros2_ws/install/person_msgs/share/person_msgs/cmake/ament_cmake_export_dependencies-extras.cmake
[1.037s] -- Up-to-date: /home/sakuto/ros2_ws/install/person_msgs/share/person_msgs/cmake/rosidl_cmake_export_typesupport_libraries-extras.cmake
[1.038s] -- Up-to-date: /home/sakuto/ros2_ws/install/person_msgs/share/person_msgs/cmake/person_msgsConfig.cmake
[1.039s] -- Up-to-date: /home/sakuto/ros2_ws/install/person_msgs/share/person_msgs/cmake/person_msgsConfig-version.cmake
[1.039s] -- Up-to-date: /home/sakuto/ros2_ws/install/person_msgs/share/person_msgs/package.xml
[1.042s] Invoked command in '/home/sakuto/ros2_ws/build/person_msgs' returned '0': CMAKE_PREFIX_PATH=${CMAKE_PREFIX_PATH}:/home/sakuto/ros2_ws/install/mypkg:/opt/ros/humble /usr/bin/cmake --install /home/sakuto/ros2_ws/build/person_msgs
