[0.555s] DEBUG:colcon:Command line arguments: ['/usr/bin/colcon', 'build']
[0.555s] DEBUG:colcon:Parsed command line arguments: Namespace(log_base=None, log_level=None, verb_name='build', build_base='build', install_base='install', merge_install=False, symlink_install=False, test_result_base=None, continue_on_error=False, executor='parallel', parallel_workers=8, event_handlers=None, ignore_user_meta=False, metas=['./colcon.meta'], base_paths=['.'], packages_ignore=None, packages_ignore_regex=None, paths=None, packages_up_to=None, packages_up_to_regex=None, packages_above=None, packages_above_and_dependencies=None, packages_above_depth=None, packages_select_by_dep=None, packages_skip_by_dep=None, packages_skip_up_to=None, packages_select_build_failed=False, packages_skip_build_finished=False, packages_select_test_failures=False, packages_skip_test_passed=False, packages_select=None, packages_skip=None, packages_select_regex=None, packages_skip_regex=None, packages_start=None, packages_end=None, allow_overriding=[], cmake_args=None, cmake_target=None, cmake_target_skip_unavailable=False, cmake_clean_cache=False, cmake_clean_first=False, cmake_force_configure=False, ament_cmake_args=None, catkin_cmake_args=None, catkin_skip_building_tests=False, verb_parser=<colcon_defaults.argument_parser.defaults.DefaultArgumentsDecorator object at 0x7f8e57b67280>, verb_extension=<colcon_core.verb.build.BuildVerb object at 0x7f8e57d0edd0>, main=<bound method BuildVerb.main of <colcon_core.verb.build.BuildVerb object at 0x7f8e57d0edd0>>)
[0.578s] Level 1:colcon.colcon_core.package_discovery:discover_packages(colcon_meta) check parameters
[0.578s] Level 1:colcon.colcon_core.package_discovery:discover_packages(recursive) check parameters
[0.578s] Level 1:colcon.colcon_core.package_discovery:discover_packages(ignore) check parameters
[0.578s] Level 1:colcon.colcon_core.package_discovery:discover_packages(path) check parameters
[0.578s] Level 1:colcon.colcon_core.package_discovery:discover_packages(colcon_meta) discover
[0.578s] Level 1:colcon.colcon_core.package_discovery:discover_packages(recursive) discover
[0.578s] INFO:colcon.colcon_core.package_discovery:Crawling recursively for packages in '/home/sakuto/ros2_ws'
[0.578s] Level 1:colcon.colcon_core.package_identification:_identify(.) by extensions ['ignore', 'ignore_ament_install']
[0.578s] Level 1:colcon.colcon_core.package_identification:_identify(.) by extension 'ignore'
[0.578s] Level 1:colcon.colcon_core.package_identification:_identify(.) by extension 'ignore_ament_install'
[0.578s] Level 1:colcon.colcon_core.package_identification:_identify(.) by extensions ['colcon_pkg']
[0.578s] Level 1:colcon.colcon_core.package_identification:_identify(.) by extension 'colcon_pkg'
[0.578s] Level 1:colcon.colcon_core.package_identification:_identify(.) by extensions ['colcon_meta']
[0.578s] Level 1:colcon.colcon_core.package_identification:_identify(.) by extension 'colcon_meta'
[0.578s] Level 1:colcon.colcon_core.package_identification:_identify(.) by extensions ['ros']
[0.578s] Level 1:colcon.colcon_core.package_identification:_identify(.) by extension 'ros'
[0.601s] Level 1:colcon.colcon_core.package_identification:_identify(.) by extensions ['cmake', 'python']
[0.601s] Level 1:colcon.colcon_core.package_identification:_identify(.) by extension 'cmake'
[0.601s] Level 1:colcon.colcon_core.package_identification:_identify(.) by extension 'python'
[0.601s] Level 1:colcon.colcon_core.package_identification:_identify(.) by extensions ['python_setup_py']
[0.601s] Level 1:colcon.colcon_core.package_identification:_identify(.) by extension 'python_setup_py'
[0.601s] Level 1:colcon.colcon_core.package_identification:_identify(build) by extensions ['ignore', 'ignore_ament_install']
[0.601s] Level 1:colcon.colcon_core.package_identification:_identify(build) by extension 'ignore'
[0.601s] Level 1:colcon.colcon_core.package_identification:_identify(build) ignored
[0.602s] Level 1:colcon.colcon_core.package_identification:_identify(install) by extensions ['ignore', 'ignore_ament_install']
[0.602s] Level 1:colcon.colcon_core.package_identification:_identify(install) by extension 'ignore'
[0.602s] Level 1:colcon.colcon_core.package_identification:_identify(install) ignored
[0.602s] Level 1:colcon.colcon_core.package_identification:_identify(log) by extensions ['ignore', 'ignore_ament_install']
[0.602s] Level 1:colcon.colcon_core.package_identification:_identify(log) by extension 'ignore'
[0.602s] Level 1:colcon.colcon_core.package_identification:_identify(log) ignored
[0.602s] Level 1:colcon.colcon_core.package_identification:_identify(src) by extensions ['ignore', 'ignore_ament_install']
[0.602s] Level 1:colcon.colcon_core.package_identification:_identify(src) by extension 'ignore'
[0.602s] Level 1:colcon.colcon_core.package_identification:_identify(src) by extension 'ignore_ament_install'
[0.602s] Level 1:colcon.colcon_core.package_identification:_identify(src) by extensions ['colcon_pkg']
[0.602s] Level 1:colcon.colcon_core.package_identification:_identify(src) by extension 'colcon_pkg'
[0.602s] Level 1:colcon.colcon_core.package_identification:_identify(src) by extensions ['colcon_meta']
[0.602s] Level 1:colcon.colcon_core.package_identification:_identify(src) by extension 'colcon_meta'
[0.602s] Level 1:colcon.colcon_core.package_identification:_identify(src) by extensions ['ros']
[0.602s] Level 1:colcon.colcon_core.package_identification:_identify(src) by extension 'ros'
[0.603s] Level 1:colcon.colcon_core.package_identification:_identify(src) by extensions ['cmake', 'python']
[0.603s] Level 1:colcon.colcon_core.package_identification:_identify(src) by extension 'cmake'
[0.603s] Level 1:colcon.colcon_core.package_identification:_identify(src) by extension 'python'
[0.603s] Level 1:colcon.colcon_core.package_identification:_identify(src) by extensions ['python_setup_py']
[0.603s] Level 1:colcon.colcon_core.package_identification:_identify(src) by extension 'python_setup_py'
[0.603s] Level 1:colcon.colcon_core.package_identification:_identify(src/mypkg) by extensions ['ignore', 'ignore_ament_install']
[0.603s] Level 1:colcon.colcon_core.package_identification:_identify(src/mypkg) by extension 'ignore'
[0.603s] Level 1:colcon.colcon_core.package_identification:_identify(src/mypkg) by extension 'ignore_ament_install'
[0.603s] Level 1:colcon.colcon_core.package_identification:_identify(src/mypkg) by extensions ['colcon_pkg']
[0.603s] Level 1:colcon.colcon_core.package_identification:_identify(src/mypkg) by extension 'colcon_pkg'
[0.603s] Level 1:colcon.colcon_core.package_identification:_identify(src/mypkg) by extensions ['colcon_meta']
[0.603s] Level 1:colcon.colcon_core.package_identification:_identify(src/mypkg) by extension 'colcon_meta'
[0.603s] Level 1:colcon.colcon_core.package_identification:_identify(src/mypkg) by extensions ['ros']
[0.603s] Level 1:colcon.colcon_core.package_identification:_identify(src/mypkg) by extension 'ros'
[0.606s] DEBUG:colcon.colcon_core.package_identification:Package 'src/mypkg' with type 'ros.ament_python' and name 'mypkg'
[0.606s] Level 1:colcon.colcon_core.package_identification:_identify(src/person_msgs) by extensions ['ignore', 'ignore_ament_install']
[0.606s] Level 1:colcon.colcon_core.package_identification:_identify(src/person_msgs) by extension 'ignore'
[0.606s] Level 1:colcon.colcon_core.package_identification:_identify(src/person_msgs) by extension 'ignore_ament_install'
[0.606s] Level 1:colcon.colcon_core.package_identification:_identify(src/person_msgs) by extensions ['colcon_pkg']
[0.606s] Level 1:colcon.colcon_core.package_identification:_identify(src/person_msgs) by extension 'colcon_pkg'
[0.606s] Level 1:colcon.colcon_core.package_identification:_identify(src/person_msgs) by extensions ['colcon_meta']
[0.606s] Level 1:colcon.colcon_core.package_identification:_identify(src/person_msgs) by extension 'colcon_meta'
[0.606s] Level 1:colcon.colcon_core.package_identification:_identify(src/person_msgs) by extensions ['ros']
[0.606s] Level 1:colcon.colcon_core.package_identification:_identify(src/person_msgs) by extension 'ros'
[0.607s] DEBUG:colcon.colcon_core.package_identification:Package 'src/person_msgs' with type 'ros.ament_cmake' and name 'person_msgs'
[0.607s] Level 1:colcon.colcon_core.package_discovery:discover_packages(recursive) using defaults
[0.607s] Level 1:colcon.colcon_core.package_discovery:discover_packages(ignore) discover
[0.607s] Level 1:colcon.colcon_core.package_discovery:discover_packages(ignore) using defaults
[0.607s] Level 1:colcon.colcon_core.package_discovery:discover_packages(path) discover
[0.607s] Level 1:colcon.colcon_core.package_discovery:discover_packages(path) using defaults
[0.633s] Level 1:colcon.colcon_core.package_discovery:discover_packages(prefix_path) check parameters
[0.633s] Level 1:colcon.colcon_core.package_discovery:discover_packages(prefix_path) discover
[0.636s] DEBUG:colcon.colcon_installed_package_information.package_discovery:Found 2 installed packages in /home/sakuto/ros2_ws/install
[0.637s] DEBUG:colcon.colcon_installed_package_information.package_discovery:Found 270 installed packages in /opt/ros/humble
[0.640s] Level 1:colcon.colcon_core.package_discovery:discover_packages(prefix_path) using defaults
[0.704s] Level 5:colcon.colcon_core.verb:set package 'mypkg' build argument 'cmake_args' from command line to 'None'
[0.704s] Level 5:colcon.colcon_core.verb:set package 'mypkg' build argument 'cmake_target' from command line to 'None'
[0.704s] Level 5:colcon.colcon_core.verb:set package 'mypkg' build argument 'cmake_target_skip_unavailable' from command line to 'False'
[0.704s] Level 5:colcon.colcon_core.verb:set package 'mypkg' build argument 'cmake_clean_cache' from command line to 'False'
[0.704s] Level 5:colcon.colcon_core.verb:set package 'mypkg' build argument 'cmake_clean_first' from command line to 'False'
[0.704s] Level 5:colcon.colcon_core.verb:set package 'mypkg' build argument 'cmake_force_configure' from command line to 'False'
[0.704s] Level 5:colcon.colcon_core.verb:set package 'mypkg' build argument 'ament_cmake_args' from command line to 'None'
[0.704s] Level 5:colcon.colcon_core.verb:set package 'mypkg' build argument 'catkin_cmake_args' from command line to 'None'
[0.704s] Level 5:colcon.colcon_core.verb:set package 'mypkg' build argument 'catkin_skip_building_tests' from command line to 'False'
[0.704s] DEBUG:colcon.colcon_core.verb:Building package 'mypkg' with the following arguments: {'ament_cmake_args': None, 'build_base': '/home/sakuto/ros2_ws/build/mypkg', 'catkin_cmake_args': None, 'catkin_skip_building_tests': False, 'cmake_args': None, 'cmake_clean_cache': False, 'cmake_clean_first': False, 'cmake_force_configure': False, 'cmake_target': None, 'cmake_target_skip_unavailable': False, 'install_base': '/home/sakuto/ros2_ws/install/mypkg', 'merge_install': False, 'path': '/home/sakuto/ros2_ws/src/mypkg', 'symlink_install': False, 'test_result_base': None}
[0.705s] Level 5:colcon.colcon_core.verb:set package 'person_msgs' build argument 'cmake_args' from command line to 'None'
[0.705s] Level 5:colcon.colcon_core.verb:set package 'person_msgs' build argument 'cmake_target' from command line to 'None'
[0.705s] Level 5:colcon.colcon_core.verb:set package 'person_msgs' build argument 'cmake_target_skip_unavailable' from command line to 'False'
[0.705s] Level 5:colcon.colcon_core.verb:set package 'person_msgs' build argument 'cmake_clean_cache' from command line to 'False'
[0.705s] Level 5:colcon.colcon_core.verb:set package 'person_msgs' build argument 'cmake_clean_first' from command line to 'False'
[0.705s] Level 5:colcon.colcon_core.verb:set package 'person_msgs' build argument 'cmake_force_configure' from command line to 'False'
[0.705s] Level 5:colcon.colcon_core.verb:set package 'person_msgs' build argument 'ament_cmake_args' from command line to 'None'
[0.705s] Level 5:colcon.colcon_core.verb:set package 'person_msgs' build argument 'catkin_cmake_args' from command line to 'None'
[0.705s] Level 5:colcon.colcon_core.verb:set package 'person_msgs' build argument 'catkin_skip_building_tests' from command line to 'False'
[0.705s] DEBUG:colcon.colcon_core.verb:Building package 'person_msgs' with the following arguments: {'ament_cmake_args': None, 'build_base': '/home/sakuto/ros2_ws/build/person_msgs', 'catkin_cmake_args': None, 'catkin_skip_building_tests': False, 'cmake_args': None, 'cmake_clean_cache': False, 'cmake_clean_first': False, 'cmake_force_configure': False, 'cmake_target': None, 'cmake_target_skip_unavailable': False, 'install_base': '/home/sakuto/ros2_ws/install/person_msgs', 'merge_install': False, 'path': '/home/sakuto/ros2_ws/src/person_msgs', 'symlink_install': False, 'test_result_base': None}
[0.706s] INFO:colcon.colcon_core.executor:Executing jobs using 'parallel' executor
[0.711s] DEBUG:colcon.colcon_parallel_executor.executor.parallel:run_until_complete
[0.711s] INFO:colcon.colcon_ros.task.ament_python.build:Building ROS package in '/home/sakuto/ros2_ws/src/mypkg' with build type 'ament_python'
[0.712s] Level 1:colcon.colcon_core.shell:create_environment_hook('mypkg', 'ament_prefix_path')
[0.717s] INFO:colcon.colcon_core.plugin_system:Skipping extension 'colcon_core.shell.bat': Not used on non-Windows systems
[0.718s] INFO:colcon.colcon_core.shell:Creating environment hook '/home/sakuto/ros2_ws/install/mypkg/share/mypkg/hook/ament_prefix_path.ps1'
[0.718s] INFO:colcon.colcon_core.shell:Creating environment descriptor '/home/sakuto/ros2_ws/install/mypkg/share/mypkg/hook/ament_prefix_path.dsv'
[0.719s] INFO:colcon.colcon_core.shell:Creating environment hook '/home/sakuto/ros2_ws/install/mypkg/share/mypkg/hook/ament_prefix_path.sh'
[0.722s] INFO:colcon.colcon_core.shell:Skip shell extension 'powershell' for command environment: Not usable outside of PowerShell
[0.722s] DEBUG:colcon.colcon_core.shell:Skip shell extension 'dsv' for command environment
[0.731s] INFO:colcon.colcon_ros.task.ament_cmake.build:Building ROS package in '/home/sakuto/ros2_ws/src/person_msgs' with build type 'ament_cmake'
[0.732s] INFO:colcon.colcon_cmake.task.cmake.build:Building CMake package in '/home/sakuto/ros2_ws/src/person_msgs'
[0.734s] INFO:colcon.colcon_core.shell:Skip shell extension 'powershell' for command environment: Not usable outside of PowerShell
[0.734s] DEBUG:colcon.colcon_core.shell:Skip shell extension 'dsv' for command environment
[1.059s] INFO:colcon.colcon_core.task.python.build:Building Python package in '/home/sakuto/ros2_ws/src/mypkg'
[1.061s] INFO:colcon.colcon_core.shell:Skip shell extension 'powershell' for command environment: Not usable outside of PowerShell
[1.061s] DEBUG:colcon.colcon_core.shell:Skip shell extension 'dsv' for command environment
[1.074s] DEBUG:colcon.colcon_core.event_handler.log_command:Invoking command in '/home/sakuto/ros2_ws/build/person_msgs': CMAKE_PREFIX_PATH=${CMAKE_PREFIX_PATH}:/home/sakuto/ros2_ws/install/mypkg:/opt/ros/humble /usr/bin/cmake --build /home/sakuto/ros2_ws/build/person_msgs -- -j8 -l8
[1.516s] DEBUG:colcon.colcon_core.event_handler.log_command:Invoking command in '/home/sakuto/ros2_ws/src/mypkg': PYTHONPATH=/home/sakuto/ros2_ws/build/mypkg/prefix_override:/home/sakuto/ros2_ws/install/mypkg/lib/python3.10/site-packages:${PYTHONPATH} /usr/bin/python3 setup.py egg_info --egg-base ../../build/mypkg build --build-base /home/sakuto/ros2_ws/build/mypkg/build install --record /home/sakuto/ros2_ws/build/mypkg/install.log --single-version-externally-managed
[1.525s] DEBUG:colcon.colcon_core.event_handler.log_command:Invoked command in '/home/sakuto/ros2_ws/build/person_msgs' returned '0': CMAKE_PREFIX_PATH=${CMAKE_PREFIX_PATH}:/home/sakuto/ros2_ws/install/mypkg:/opt/ros/humble /usr/bin/cmake --build /home/sakuto/ros2_ws/build/person_msgs -- -j8 -l8
[1.646s] DEBUG:colcon.colcon_core.event_handler.log_command:Invoking command in '/home/sakuto/ros2_ws/build/person_msgs': CMAKE_PREFIX_PATH=${CMAKE_PREFIX_PATH}:/home/sakuto/ros2_ws/install/mypkg:/opt/ros/humble /usr/bin/cmake --install /home/sakuto/ros2_ws/build/person_msgs
[1.776s] Level 1:colcon.colcon_core.environment:create_environment_scripts_only(person_msgs)
[1.778s] DEBUG:colcon.colcon_core.event_handler.log_command:Invoked command in '/home/sakuto/ros2_ws/build/person_msgs' returned '0': CMAKE_PREFIX_PATH=${CMAKE_PREFIX_PATH}:/home/sakuto/ros2_ws/install/mypkg:/opt/ros/humble /usr/bin/cmake --install /home/sakuto/ros2_ws/build/person_msgs
[1.785s] Level 1:colcon.colcon_core.environment:checking '/home/sakuto/ros2_ws/install/person_msgs' for CMake module files
[1.785s] Level 1:colcon.colcon_core.environment:checking '/home/sakuto/ros2_ws/install/person_msgs' for CMake config files
[1.786s] Level 1:colcon.colcon_core.shell:create_environment_hook('person_msgs', 'cmake_prefix_path')
[1.788s] INFO:colcon.colcon_core.shell:Creating environment hook '/home/sakuto/ros2_ws/install/person_msgs/share/person_msgs/hook/cmake_prefix_path.ps1'
[1.788s] INFO:colcon.colcon_core.shell:Creating environment descriptor '/home/sakuto/ros2_ws/install/person_msgs/share/person_msgs/hook/cmake_prefix_path.dsv'
[1.789s] INFO:colcon.colcon_core.shell:Creating environment hook '/home/sakuto/ros2_ws/install/person_msgs/share/person_msgs/hook/cmake_prefix_path.sh'
[1.790s] Level 1:colcon.colcon_core.environment:checking '/home/sakuto/ros2_ws/install/person_msgs/lib'
[1.790s] Level 1:colcon.colcon_core.shell:create_environment_hook('person_msgs', 'ld_library_path_lib')
[1.792s] INFO:colcon.colcon_core.shell:Creating environment hook '/home/sakuto/ros2_ws/install/person_msgs/share/person_msgs/hook/ld_library_path_lib.ps1'
[1.793s] INFO:colcon.colcon_core.shell:Creating environment descriptor '/home/sakuto/ros2_ws/install/person_msgs/share/person_msgs/hook/ld_library_path_lib.dsv'
[1.794s] INFO:colcon.colcon_core.shell:Creating environment hook '/home/sakuto/ros2_ws/install/person_msgs/share/person_msgs/hook/ld_library_path_lib.sh'
[1.794s] Level 1:colcon.colcon_core.environment:checking '/home/sakuto/ros2_ws/install/person_msgs/bin'
[1.794s] Level 1:colcon.colcon_core.environment:checking '/home/sakuto/ros2_ws/install/person_msgs/lib/pkgconfig/person_msgs.pc'
[1.795s] Level 1:colcon.colcon_core.environment:checking '/home/sakuto/ros2_ws/install/person_msgs/lib/python3.10/site-packages'
[1.795s] Level 1:colcon.colcon_core.environment:checking '/home/sakuto/ros2_ws/install/person_msgs/bin'
[1.798s] INFO:colcon.colcon_core.shell:Creating package script '/home/sakuto/ros2_ws/install/person_msgs/share/person_msgs/package.ps1'
[1.799s] INFO:colcon.colcon_core.shell:Creating package descriptor '/home/sakuto/ros2_ws/install/person_msgs/share/person_msgs/package.dsv'
[1.800s] INFO:colcon.colcon_core.shell:Creating package script '/home/sakuto/ros2_ws/install/person_msgs/share/person_msgs/package.sh'
[1.802s] INFO:colcon.colcon_core.shell:Creating package script '/home/sakuto/ros2_ws/install/person_msgs/share/person_msgs/package.bash'
[1.804s] INFO:colcon.colcon_core.shell:Creating package script '/home/sakuto/ros2_ws/install/person_msgs/share/person_msgs/package.zsh'
[1.805s] Level 1:colcon.colcon_core.environment:create_file_with_runtime_dependencies(/home/sakuto/ros2_ws/install/person_msgs/share/colcon-core/packages/person_msgs)
[1.902s] Level 1:colcon.colcon_core.environment:create_environment_scripts_only(person_msgs)
[1.907s] Level 1:colcon.colcon_core.environment:checking '/home/sakuto/ros2_ws/install/person_msgs' for CMake module files
[1.908s] Level 1:colcon.colcon_core.environment:checking '/home/sakuto/ros2_ws/install/person_msgs' for CMake config files
[1.909s] Level 1:colcon.colcon_core.shell:create_environment_hook('person_msgs', 'cmake_prefix_path')
[1.912s] INFO:colcon.colcon_core.shell:Creating environment hook '/home/sakuto/ros2_ws/install/person_msgs/share/person_msgs/hook/cmake_prefix_path.ps1'
[1.913s] INFO:colcon.colcon_core.shell:Creating environment descriptor '/home/sakuto/ros2_ws/install/person_msgs/share/person_msgs/hook/cmake_prefix_path.dsv'
[1.913s] INFO:colcon.colcon_core.shell:Creating environment hook '/home/sakuto/ros2_ws/install/person_msgs/share/person_msgs/hook/cmake_prefix_path.sh'
[1.914s] Level 1:colcon.colcon_core.environment:checking '/home/sakuto/ros2_ws/install/person_msgs/lib'
[1.915s] Level 1:colcon.colcon_core.shell:create_environment_hook('person_msgs', 'ld_library_path_lib')
[1.917s] INFO:colcon.colcon_core.shell:Creating environment hook '/home/sakuto/ros2_ws/install/person_msgs/share/person_msgs/hook/ld_library_path_lib.ps1'
[1.919s] INFO:colcon.colcon_core.shell:Creating environment descriptor '/home/sakuto/ros2_ws/install/person_msgs/share/person_msgs/hook/ld_library_path_lib.dsv'
[1.920s] INFO:colcon.colcon_core.shell:Creating environment hook '/home/sakuto/ros2_ws/install/person_msgs/share/person_msgs/hook/ld_library_path_lib.sh'
[1.920s] Level 1:colcon.colcon_core.environment:checking '/home/sakuto/ros2_ws/install/person_msgs/bin'
[1.920s] Level 1:colcon.colcon_core.environment:checking '/home/sakuto/ros2_ws/install/person_msgs/lib/pkgconfig/person_msgs.pc'
[1.921s] Level 1:colcon.colcon_core.environment:checking '/home/sakuto/ros2_ws/install/person_msgs/lib/python3.10/site-packages'
[1.921s] Level 1:colcon.colcon_core.environment:checking '/home/sakuto/ros2_ws/install/person_msgs/bin'
[1.923s] INFO:colcon.colcon_core.shell:Creating package script '/home/sakuto/ros2_ws/install/person_msgs/share/person_msgs/package.ps1'
[1.925s] INFO:colcon.colcon_core.shell:Creating package descriptor '/home/sakuto/ros2_ws/install/person_msgs/share/person_msgs/package.dsv'
[1.926s] INFO:colcon.colcon_core.shell:Creating package script '/home/sakuto/ros2_ws/install/person_msgs/share/person_msgs/package.sh'
[1.926s] INFO:colcon.colcon_core.shell:Creating package script '/home/sakuto/ros2_ws/install/person_msgs/share/person_msgs/package.bash'
[1.927s] INFO:colcon.colcon_core.shell:Creating package script '/home/sakuto/ros2_ws/install/person_msgs/share/person_msgs/package.zsh'
[1.927s] Level 1:colcon.colcon_core.environment:create_file_with_runtime_dependencies(/home/sakuto/ros2_ws/install/person_msgs/share/colcon-core/packages/person_msgs)
[2.118s] Level 1:colcon.colcon_core.environment:checking '/home/sakuto/ros2_ws/install/mypkg' for CMake module files
[2.119s] DEBUG:colcon.colcon_core.event_handler.log_command:Invoked command in '/home/sakuto/ros2_ws/src/mypkg' returned '0': PYTHONPATH=/home/sakuto/ros2_ws/build/mypkg/prefix_override:/home/sakuto/ros2_ws/install/mypkg/lib/python3.10/site-packages:${PYTHONPATH} /usr/bin/python3 setup.py egg_info --egg-base ../../build/mypkg build --build-base /home/sakuto/ros2_ws/build/mypkg/build install --record /home/sakuto/ros2_ws/build/mypkg/install.log --single-version-externally-managed
[2.120s] Level 1:colcon.colcon_core.environment:checking '/home/sakuto/ros2_ws/install/mypkg' for CMake config files
[2.120s] Level 1:colcon.colcon_core.environment:checking '/home/sakuto/ros2_ws/install/mypkg/lib'
[2.120s] Level 1:colcon.colcon_core.environment:checking '/home/sakuto/ros2_ws/install/mypkg/bin'
[2.120s] Level 1:colcon.colcon_core.environment:checking '/home/sakuto/ros2_ws/install/mypkg/lib/pkgconfig/mypkg.pc'
[2.120s] Level 1:colcon.colcon_core.environment:checking '/home/sakuto/ros2_ws/install/mypkg/lib/python3.10/site-packages'
[2.121s] Level 1:colcon.colcon_core.shell:create_environment_hook('mypkg', 'pythonpath')
[2.122s] INFO:colcon.colcon_core.shell:Creating environment hook '/home/sakuto/ros2_ws/install/mypkg/share/mypkg/hook/pythonpath.ps1'
[2.122s] INFO:colcon.colcon_core.shell:Creating environment descriptor '/home/sakuto/ros2_ws/install/mypkg/share/mypkg/hook/pythonpath.dsv'
[2.123s] INFO:colcon.colcon_core.shell:Creating environment hook '/home/sakuto/ros2_ws/install/mypkg/share/mypkg/hook/pythonpath.sh'
[2.123s] Level 1:colcon.colcon_core.environment:checking '/home/sakuto/ros2_ws/install/mypkg/bin'
[2.124s] Level 1:colcon.colcon_core.environment:create_environment_scripts_only(mypkg)
[2.125s] INFO:colcon.colcon_core.shell:Creating package script '/home/sakuto/ros2_ws/install/mypkg/share/mypkg/package.ps1'
[2.125s] INFO:colcon.colcon_core.shell:Creating package descriptor '/home/sakuto/ros2_ws/install/mypkg/share/mypkg/package.dsv'
[2.126s] INFO:colcon.colcon_core.shell:Creating package script '/home/sakuto/ros2_ws/install/mypkg/share/mypkg/package.sh'
[2.126s] INFO:colcon.colcon_core.shell:Creating package script '/home/sakuto/ros2_ws/install/mypkg/share/mypkg/package.bash'
[2.126s] INFO:colcon.colcon_core.shell:Creating package script '/home/sakuto/ros2_ws/install/mypkg/share/mypkg/package.zsh'
[2.126s] Level 1:colcon.colcon_core.environment:create_file_with_runtime_dependencies(/home/sakuto/ros2_ws/install/mypkg/share/colcon-core/packages/mypkg)
[2.127s] DEBUG:colcon.colcon_parallel_executor.executor.parallel:closing loop
[2.127s] DEBUG:colcon.colcon_parallel_executor.executor.parallel:loop closed
[2.127s] DEBUG:colcon.colcon_parallel_executor.executor.parallel:run_until_complete finished with '0'
[2.127s] DEBUG:colcon.colcon_core.event_reactor:joining thread
[2.249s] INFO:colcon.colcon_core.plugin_system:Skipping extension 'colcon_notification.desktop_notification.notify_send': Could not find 'notify-send'
[2.249s] INFO:colcon.colcon_core.plugin_system:Skipping extension 'colcon_notification.desktop_notification.terminal_notifier': Not used on non-Darwin systems
[2.250s] INFO:colcon.colcon_core.plugin_system:Skipping extension 'colcon_notification.desktop_notification.win32': Not used on non-Windows systems
[2.250s] INFO:colcon.colcon_notification.desktop_notification:Sending desktop notification using 'notify2'
[2.250s] DEBUG:colcon.colcon_notification.desktop_notification.notify2:Failed to initialize notify2: org.freedesktop.DBus.Error.NotSupported: Unable to autolaunch a dbus-daemon without a $DISPLAY for X11
[2.250s] DEBUG:colcon.colcon_core.event_reactor:joined thread
[2.253s] INFO:colcon.colcon_core.shell:Creating prefix script '/home/sakuto/ros2_ws/install/local_setup.ps1'
[2.255s] INFO:colcon.colcon_core.shell:Creating prefix util module '/home/sakuto/ros2_ws/install/_local_setup_util_ps1.py'
[2.257s] INFO:colcon.colcon_core.shell:Creating prefix chain script '/home/sakuto/ros2_ws/install/setup.ps1'
[2.259s] INFO:colcon.colcon_core.shell:Creating prefix script '/home/sakuto/ros2_ws/install/local_setup.sh'
[2.260s] INFO:colcon.colcon_core.shell:Creating prefix util module '/home/sakuto/ros2_ws/install/_local_setup_util_sh.py'
[2.261s] INFO:colcon.colcon_core.shell:Creating prefix chain script '/home/sakuto/ros2_ws/install/setup.sh'
[2.264s] INFO:colcon.colcon_core.shell:Creating prefix script '/home/sakuto/ros2_ws/install/local_setup.bash'
[2.265s] INFO:colcon.colcon_core.shell:Creating prefix chain script '/home/sakuto/ros2_ws/install/setup.bash'
[2.268s] INFO:colcon.colcon_core.shell:Creating prefix script '/home/sakuto/ros2_ws/install/local_setup.zsh'
[2.269s] INFO:colcon.colcon_core.shell:Creating prefix chain script '/home/sakuto/ros2_ws/install/setup.zsh'
