[0.219s] DEBUG:colcon:Command line arguments: ['/usr/bin/colcon', 'build']
[0.219s] DEBUG:colcon:Parsed command line arguments: Namespace(log_base=None, log_level=None, verb_name='build', build_base='build', install_base='install', merge_install=False, symlink_install=False, test_result_base=None, continue_on_error=False, executor='parallel', parallel_workers=8, event_handlers=None, ignore_user_meta=False, metas=['./colcon.meta'], base_paths=['.'], packages_ignore=None, packages_ignore_regex=None, paths=None, packages_up_to=None, packages_up_to_regex=None, packages_above=None, packages_above_and_dependencies=None, packages_above_depth=None, packages_select_by_dep=None, packages_skip_by_dep=None, packages_skip_up_to=None, packages_select_build_failed=False, packages_skip_build_finished=False, packages_select_test_failures=False, packages_skip_test_passed=False, packages_select=None, packages_skip=None, packages_select_regex=None, packages_skip_regex=None, packages_start=None, packages_end=None, allow_overriding=[], cmake_args=None, cmake_target=None, cmake_target_skip_unavailable=False, cmake_clean_cache=False, cmake_clean_first=False, cmake_force_configure=False, ament_cmake_args=None, catkin_cmake_args=None, catkin_skip_building_tests=False, verb_parser=<colcon_defaults.argument_parser.defaults.DefaultArgumentsDecorator object at 0x7f4339f76e60>, verb_extension=<colcon_core.verb.build.BuildVerb object at 0x7f433a8be440>, main=<bound method BuildVerb.main of <colcon_core.verb.build.BuildVerb object at 0x7f433a8be440>>)
[0.231s] Level 1:colcon.colcon_core.package_discovery:discover_packages(colcon_meta) check parameters
[0.231s] Level 1:colcon.colcon_core.package_discovery:discover_packages(recursive) check parameters
[0.231s] Level 1:colcon.colcon_core.package_discovery:discover_packages(ignore) check parameters
[0.231s] Level 1:colcon.colcon_core.package_discovery:discover_packages(path) check parameters
[0.231s] Level 1:colcon.colcon_core.package_discovery:discover_packages(colcon_meta) discover
[0.231s] Level 1:colcon.colcon_core.package_discovery:discover_packages(recursive) discover
[0.231s] INFO:colcon.colcon_core.package_discovery:Crawling recursively for packages in '/home/sakuto/ros2_ws'
[0.231s] Level 1:colcon.colcon_core.package_identification:_identify(.) by extensions ['ignore', 'ignore_ament_install']
[0.231s] Level 1:colcon.colcon_core.package_identification:_identify(.) by extension 'ignore'
[0.231s] Level 1:colcon.colcon_core.package_identification:_identify(.) by extension 'ignore_ament_install'
[0.231s] Level 1:colcon.colcon_core.package_identification:_identify(.) by extensions ['colcon_pkg']
[0.231s] Level 1:colcon.colcon_core.package_identification:_identify(.) by extension 'colcon_pkg'
[0.231s] Level 1:colcon.colcon_core.package_identification:_identify(.) by extensions ['colcon_meta']
[0.231s] Level 1:colcon.colcon_core.package_identification:_identify(.) by extension 'colcon_meta'
[0.231s] Level 1:colcon.colcon_core.package_identification:_identify(.) by extensions ['ros']
[0.232s] Level 1:colcon.colcon_core.package_identification:_identify(.) by extension 'ros'
[0.244s] Level 1:colcon.colcon_core.package_identification:_identify(.) by extensions ['cmake', 'python']
[0.245s] Level 1:colcon.colcon_core.package_identification:_identify(.) by extension 'cmake'
[0.245s] Level 1:colcon.colcon_core.package_identification:_identify(.) by extension 'python'
[0.245s] Level 1:colcon.colcon_core.package_identification:_identify(.) by extensions ['python_setup_py']
[0.245s] Level 1:colcon.colcon_core.package_identification:_identify(.) by extension 'python_setup_py'
[0.245s] Level 1:colcon.colcon_core.package_identification:_identify(build) by extensions ['ignore', 'ignore_ament_install']
[0.245s] Level 1:colcon.colcon_core.package_identification:_identify(build) by extension 'ignore'
[0.245s] Level 1:colcon.colcon_core.package_identification:_identify(build) ignored
[0.245s] Level 1:colcon.colcon_core.package_identification:_identify(install) by extensions ['ignore', 'ignore_ament_install']
[0.245s] Level 1:colcon.colcon_core.package_identification:_identify(install) by extension 'ignore'
[0.245s] Level 1:colcon.colcon_core.package_identification:_identify(install) ignored
[0.245s] Level 1:colcon.colcon_core.package_identification:_identify(log) by extensions ['ignore', 'ignore_ament_install']
[0.245s] Level 1:colcon.colcon_core.package_identification:_identify(log) by extension 'ignore'
[0.245s] Level 1:colcon.colcon_core.package_identification:_identify(log) ignored
[0.245s] Level 1:colcon.colcon_core.package_identification:_identify(src) by extensions ['ignore', 'ignore_ament_install']
[0.245s] Level 1:colcon.colcon_core.package_identification:_identify(src) by extension 'ignore'
[0.245s] Level 1:colcon.colcon_core.package_identification:_identify(src) by extension 'ignore_ament_install'
[0.245s] Level 1:colcon.colcon_core.package_identification:_identify(src) by extensions ['colcon_pkg']
[0.245s] Level 1:colcon.colcon_core.package_identification:_identify(src) by extension 'colcon_pkg'
[0.245s] Level 1:colcon.colcon_core.package_identification:_identify(src) by extensions ['colcon_meta']
[0.245s] Level 1:colcon.colcon_core.package_identification:_identify(src) by extension 'colcon_meta'
[0.245s] Level 1:colcon.colcon_core.package_identification:_identify(src) by extensions ['ros']
[0.245s] Level 1:colcon.colcon_core.package_identification:_identify(src) by extension 'ros'
[0.245s] Level 1:colcon.colcon_core.package_identification:_identify(src) by extensions ['cmake', 'python']
[0.245s] Level 1:colcon.colcon_core.package_identification:_identify(src) by extension 'cmake'
[0.245s] Level 1:colcon.colcon_core.package_identification:_identify(src) by extension 'python'
[0.245s] Level 1:colcon.colcon_core.package_identification:_identify(src) by extensions ['python_setup_py']
[0.245s] Level 1:colcon.colcon_core.package_identification:_identify(src) by extension 'python_setup_py'
[0.245s] Level 1:colcon.colcon_core.package_identification:_identify(src/mypkg) by extensions ['ignore', 'ignore_ament_install']
[0.246s] Level 1:colcon.colcon_core.package_identification:_identify(src/mypkg) by extension 'ignore'
[0.246s] Level 1:colcon.colcon_core.package_identification:_identify(src/mypkg) by extension 'ignore_ament_install'
[0.246s] Level 1:colcon.colcon_core.package_identification:_identify(src/mypkg) by extensions ['colcon_pkg']
[0.246s] Level 1:colcon.colcon_core.package_identification:_identify(src/mypkg) by extension 'colcon_pkg'
[0.246s] Level 1:colcon.colcon_core.package_identification:_identify(src/mypkg) by extensions ['colcon_meta']
[0.246s] Level 1:colcon.colcon_core.package_identification:_identify(src/mypkg) by extension 'colcon_meta'
[0.246s] Level 1:colcon.colcon_core.package_identification:_identify(src/mypkg) by extensions ['ros']
[0.246s] Level 1:colcon.colcon_core.package_identification:_identify(src/mypkg) by extension 'ros'
[0.247s] DEBUG:colcon.colcon_core.package_identification:Package 'src/mypkg' with type 'ros.ament_python' and name 'mypkg'
[0.247s] Level 1:colcon.colcon_core.package_discovery:discover_packages(recursive) using defaults
[0.247s] Level 1:colcon.colcon_core.package_discovery:discover_packages(ignore) discover
[0.247s] Level 1:colcon.colcon_core.package_discovery:discover_packages(ignore) using defaults
[0.247s] Level 1:colcon.colcon_core.package_discovery:discover_packages(path) discover
[0.247s] Level 1:colcon.colcon_core.package_discovery:discover_packages(path) using defaults
[0.262s] Level 1:colcon.colcon_core.package_discovery:discover_packages(prefix_path) check parameters
[0.262s] Level 1:colcon.colcon_core.package_discovery:discover_packages(prefix_path) discover
[0.263s] DEBUG:colcon.colcon_installed_package_information.package_discovery:Found 270 installed packages in /opt/ros/humble
[0.265s] Level 1:colcon.colcon_core.package_discovery:discover_packages(prefix_path) using defaults
[0.297s] Level 5:colcon.colcon_core.verb:set package 'mypkg' build argument 'cmake_args' from command line to 'None'
[0.297s] Level 5:colcon.colcon_core.verb:set package 'mypkg' build argument 'cmake_target' from command line to 'None'
[0.297s] Level 5:colcon.colcon_core.verb:set package 'mypkg' build argument 'cmake_target_skip_unavailable' from command line to 'False'
[0.297s] Level 5:colcon.colcon_core.verb:set package 'mypkg' build argument 'cmake_clean_cache' from command line to 'False'
[0.297s] Level 5:colcon.colcon_core.verb:set package 'mypkg' build argument 'cmake_clean_first' from command line to 'False'
[0.297s] Level 5:colcon.colcon_core.verb:set package 'mypkg' build argument 'cmake_force_configure' from command line to 'False'
[0.297s] Level 5:colcon.colcon_core.verb:set package 'mypkg' build argument 'ament_cmake_args' from command line to 'None'
[0.297s] Level 5:colcon.colcon_core.verb:set package 'mypkg' build argument 'catkin_cmake_args' from command line to 'None'
[0.297s] Level 5:colcon.colcon_core.verb:set package 'mypkg' build argument 'catkin_skip_building_tests' from command line to 'False'
[0.297s] DEBUG:colcon.colcon_core.verb:Building package 'mypkg' with the following arguments: {'ament_cmake_args': None, 'build_base': '/home/sakuto/ros2_ws/build/mypkg', 'catkin_cmake_args': None, 'catkin_skip_building_tests': False, 'cmake_args': None, 'cmake_clean_cache': False, 'cmake_clean_first': False, 'cmake_force_configure': False, 'cmake_target': None, 'cmake_target_skip_unavailable': False, 'install_base': '/home/sakuto/ros2_ws/install/mypkg', 'merge_install': False, 'path': '/home/sakuto/ros2_ws/src/mypkg', 'symlink_install': False, 'test_result_base': None}
[0.298s] INFO:colcon.colcon_core.executor:Executing jobs using 'parallel' executor
[0.300s] DEBUG:colcon.colcon_parallel_executor.executor.parallel:run_until_complete
[0.300s] INFO:colcon.colcon_ros.task.ament_python.build:Building ROS package in '/home/sakuto/ros2_ws/src/mypkg' with build type 'ament_python'
[0.301s] Level 1:colcon.colcon_core.shell:create_environment_hook('mypkg', 'ament_prefix_path')
[0.303s] INFO:colcon.colcon_core.plugin_system:Skipping extension 'colcon_core.shell.bat': Not used on non-Windows systems
[0.304s] INFO:colcon.colcon_core.shell:Creating environment hook '/home/sakuto/ros2_ws/install/mypkg/share/mypkg/hook/ament_prefix_path.ps1'
[0.304s] INFO:colcon.colcon_core.shell:Creating environment descriptor '/home/sakuto/ros2_ws/install/mypkg/share/mypkg/hook/ament_prefix_path.dsv'
[0.304s] INFO:colcon.colcon_core.shell:Creating environment hook '/home/sakuto/ros2_ws/install/mypkg/share/mypkg/hook/ament_prefix_path.sh'
[0.305s] INFO:colcon.colcon_core.shell:Skip shell extension 'powershell' for command environment: Not usable outside of PowerShell
[0.305s] DEBUG:colcon.colcon_core.shell:Skip shell extension 'dsv' for command environment
[0.440s] INFO:colcon.colcon_core.task.python.build:Building Python package in '/home/sakuto/ros2_ws/src/mypkg'
[0.441s] INFO:colcon.colcon_core.shell:Skip shell extension 'powershell' for command environment: Not usable outside of PowerShell
[0.441s] DEBUG:colcon.colcon_core.shell:Skip shell extension 'dsv' for command environment
[0.632s] DEBUG:colcon.colcon_core.event_handler.log_command:Invoking command in '/home/sakuto/ros2_ws/src/mypkg': PYTHONPATH=/home/sakuto/ros2_ws/build/mypkg/prefix_override:/home/sakuto/ros2_ws/install/mypkg/lib/python3.10/site-packages:${PYTHONPATH} /usr/bin/python3 setup.py egg_info --egg-base ../../build/mypkg build --build-base /home/sakuto/ros2_ws/build/mypkg/build install --record /home/sakuto/ros2_ws/build/mypkg/install.log --single-version-externally-managed
[0.786s] DEBUG:colcon.colcon_core.event_handler.log_command:Invoked command in '/home/sakuto/ros2_ws/src/mypkg' returned '0': PYTHONPATH=/home/sakuto/ros2_ws/build/mypkg/prefix_override:/home/sakuto/ros2_ws/install/mypkg/lib/python3.10/site-packages:${PYTHONPATH} /usr/bin/python3 setup.py egg_info --egg-base ../../build/mypkg build --build-base /home/sakuto/ros2_ws/build/mypkg/build install --record /home/sakuto/ros2_ws/build/mypkg/install.log --single-version-externally-managed
[0.788s] Level 1:colcon.colcon_core.environment:checking '/home/sakuto/ros2_ws/install/mypkg' for CMake module files
[0.789s] Level 1:colcon.colcon_core.environment:checking '/home/sakuto/ros2_ws/install/mypkg' for CMake config files
[0.789s] Level 1:colcon.colcon_core.environment:checking '/home/sakuto/ros2_ws/install/mypkg/lib'
[0.789s] Level 1:colcon.colcon_core.environment:checking '/home/sakuto/ros2_ws/install/mypkg/bin'
[0.789s] Level 1:colcon.colcon_core.environment:checking '/home/sakuto/ros2_ws/install/mypkg/lib/pkgconfig/mypkg.pc'
[0.789s] Level 1:colcon.colcon_core.environment:checking '/home/sakuto/ros2_ws/install/mypkg/lib/python3.10/site-packages'
[0.789s] Level 1:colcon.colcon_core.shell:create_environment_hook('mypkg', 'pythonpath')
[0.790s] INFO:colcon.colcon_core.shell:Creating environment hook '/home/sakuto/ros2_ws/install/mypkg/share/mypkg/hook/pythonpath.ps1'
[0.790s] INFO:colcon.colcon_core.shell:Creating environment descriptor '/home/sakuto/ros2_ws/install/mypkg/share/mypkg/hook/pythonpath.dsv'
[0.790s] INFO:colcon.colcon_core.shell:Creating environment hook '/home/sakuto/ros2_ws/install/mypkg/share/mypkg/hook/pythonpath.sh'
[0.791s] Level 1:colcon.colcon_core.environment:checking '/home/sakuto/ros2_ws/install/mypkg/bin'
[0.791s] Level 1:colcon.colcon_core.environment:create_environment_scripts_only(mypkg)
[0.792s] INFO:colcon.colcon_core.shell:Creating package script '/home/sakuto/ros2_ws/install/mypkg/share/mypkg/package.ps1'
[0.792s] INFO:colcon.colcon_core.shell:Creating package descriptor '/home/sakuto/ros2_ws/install/mypkg/share/mypkg/package.dsv'
[0.792s] INFO:colcon.colcon_core.shell:Creating package script '/home/sakuto/ros2_ws/install/mypkg/share/mypkg/package.sh'
[0.793s] INFO:colcon.colcon_core.shell:Creating package script '/home/sakuto/ros2_ws/install/mypkg/share/mypkg/package.bash'
[0.793s] INFO:colcon.colcon_core.shell:Creating package script '/home/sakuto/ros2_ws/install/mypkg/share/mypkg/package.zsh'
[0.794s] Level 1:colcon.colcon_core.environment:create_file_with_runtime_dependencies(/home/sakuto/ros2_ws/install/mypkg/share/colcon-core/packages/mypkg)
[0.794s] DEBUG:colcon.colcon_parallel_executor.executor.parallel:closing loop
[0.794s] DEBUG:colcon.colcon_parallel_executor.executor.parallel:loop closed
[0.794s] DEBUG:colcon.colcon_parallel_executor.executor.parallel:run_until_complete finished with '0'
[0.794s] DEBUG:colcon.colcon_core.event_reactor:joining thread
[0.819s] INFO:colcon.colcon_core.plugin_system:Skipping extension 'colcon_notification.desktop_notification.notify_send': Could not find 'notify-send'
[0.819s] INFO:colcon.colcon_core.plugin_system:Skipping extension 'colcon_notification.desktop_notification.terminal_notifier': Not used on non-Darwin systems
[0.819s] INFO:colcon.colcon_core.plugin_system:Skipping extension 'colcon_notification.desktop_notification.win32': Not used on non-Windows systems
[0.819s] INFO:colcon.colcon_notification.desktop_notification:Sending desktop notification using 'notify2'
[0.820s] DEBUG:colcon.colcon_notification.desktop_notification.notify2:Failed to initialize notify2: org.freedesktop.DBus.Error.NotSupported: Unable to autolaunch a dbus-daemon without a $DISPLAY for X11
[0.820s] DEBUG:colcon.colcon_core.event_reactor:joined thread
[0.821s] INFO:colcon.colcon_core.shell:Creating prefix script '/home/sakuto/ros2_ws/install/local_setup.ps1'
[0.821s] INFO:colcon.colcon_core.shell:Creating prefix util module '/home/sakuto/ros2_ws/install/_local_setup_util_ps1.py'
[0.822s] INFO:colcon.colcon_core.shell:Creating prefix chain script '/home/sakuto/ros2_ws/install/setup.ps1'
[0.823s] INFO:colcon.colcon_core.shell:Creating prefix script '/home/sakuto/ros2_ws/install/local_setup.sh'
[0.823s] INFO:colcon.colcon_core.shell:Creating prefix util module '/home/sakuto/ros2_ws/install/_local_setup_util_sh.py'
[0.824s] INFO:colcon.colcon_core.shell:Creating prefix chain script '/home/sakuto/ros2_ws/install/setup.sh'
[0.824s] INFO:colcon.colcon_core.shell:Creating prefix script '/home/sakuto/ros2_ws/install/local_setup.bash'
[0.825s] INFO:colcon.colcon_core.shell:Creating prefix chain script '/home/sakuto/ros2_ws/install/setup.bash'
[0.825s] INFO:colcon.colcon_core.shell:Creating prefix script '/home/sakuto/ros2_ws/install/local_setup.zsh'
[0.826s] INFO:colcon.colcon_core.shell:Creating prefix chain script '/home/sakuto/ros2_ws/install/setup.zsh'
