[0.487s] DEBUG:colcon:Command line arguments: ['/usr/bin/colcon', 'build']
[0.487s] DEBUG:colcon:Parsed command line arguments: Namespace(log_base=None, log_level=None, verb_name='build', build_base='build', install_base='install', merge_install=False, symlink_install=False, test_result_base=None, continue_on_error=False, executor='parallel', parallel_workers=8, event_handlers=None, ignore_user_meta=False, metas=['./colcon.meta'], base_paths=['.'], packages_ignore=None, packages_ignore_regex=None, paths=None, packages_up_to=None, packages_up_to_regex=None, packages_above=None, packages_above_and_dependencies=None, packages_above_depth=None, packages_select_by_dep=None, packages_skip_by_dep=None, packages_skip_up_to=None, packages_select_build_failed=False, packages_skip_build_finished=False, packages_select_test_failures=False, packages_skip_test_passed=False, packages_select=None, packages_skip=None, packages_select_regex=None, packages_skip_regex=None, packages_start=None, packages_end=None, allow_overriding=[], cmake_args=None, cmake_target=None, cmake_target_skip_unavailable=False, cmake_clean_cache=False, cmake_clean_first=False, cmake_force_configure=False, ament_cmake_args=None, catkin_cmake_args=None, catkin_skip_building_tests=False, verb_parser=<colcon_defaults.argument_parser.defaults.DefaultArgumentsDecorator object at 0x7f444ce0f220>, verb_extension=<colcon_core.verb.build.BuildVerb object at 0x7f444cfb6d70>, main=<bound method BuildVerb.main of <colcon_core.verb.build.BuildVerb object at 0x7f444cfb6d70>>)
[0.509s] Level 1:colcon.colcon_core.package_discovery:discover_packages(colcon_meta) check parameters
[0.509s] Level 1:colcon.colcon_core.package_discovery:discover_packages(recursive) check parameters
[0.509s] Level 1:colcon.colcon_core.package_discovery:discover_packages(ignore) check parameters
[0.509s] Level 1:colcon.colcon_core.package_discovery:discover_packages(path) check parameters
[0.509s] Level 1:colcon.colcon_core.package_discovery:discover_packages(colcon_meta) discover
[0.509s] Level 1:colcon.colcon_core.package_discovery:discover_packages(recursive) discover
[0.509s] INFO:colcon.colcon_core.package_discovery:Crawling recursively for packages in '/home/sakuto/ros2_ws'
[0.509s] Level 1:colcon.colcon_core.package_identification:_identify(.) by extensions ['ignore', 'ignore_ament_install']
[0.509s] Level 1:colcon.colcon_core.package_identification:_identify(.) by extension 'ignore'
[0.509s] Level 1:colcon.colcon_core.package_identification:_identify(.) by extension 'ignore_ament_install'
[0.509s] Level 1:colcon.colcon_core.package_identification:_identify(.) by extensions ['colcon_pkg']
[0.510s] Level 1:colcon.colcon_core.package_identification:_identify(.) by extension 'colcon_pkg'
[0.510s] Level 1:colcon.colcon_core.package_identification:_identify(.) by extensions ['colcon_meta']
[0.510s] Level 1:colcon.colcon_core.package_identification:_identify(.) by extension 'colcon_meta'
[0.510s] Level 1:colcon.colcon_core.package_identification:_identify(.) by extensions ['ros']
[0.510s] Level 1:colcon.colcon_core.package_identification:_identify(.) by extension 'ros'
[0.532s] Level 1:colcon.colcon_core.package_identification:_identify(.) by extensions ['cmake', 'python']
[0.532s] Level 1:colcon.colcon_core.package_identification:_identify(.) by extension 'cmake'
[0.532s] Level 1:colcon.colcon_core.package_identification:_identify(.) by extension 'python'
[0.532s] Level 1:colcon.colcon_core.package_identification:_identify(.) by extensions ['python_setup_py']
[0.532s] Level 1:colcon.colcon_core.package_identification:_identify(.) by extension 'python_setup_py'
[0.532s] Level 1:colcon.colcon_core.package_identification:_identify(build) by extensions ['ignore', 'ignore_ament_install']
[0.532s] Level 1:colcon.colcon_core.package_identification:_identify(build) by extension 'ignore'
[0.532s] Level 1:colcon.colcon_core.package_identification:_identify(build) ignored
[0.532s] Level 1:colcon.colcon_core.package_identification:_identify(install) by extensions ['ignore', 'ignore_ament_install']
[0.532s] Level 1:colcon.colcon_core.package_identification:_identify(install) by extension 'ignore'
[0.533s] Level 1:colcon.colcon_core.package_identification:_identify(install) ignored
[0.533s] Level 1:colcon.colcon_core.package_identification:_identify(log) by extensions ['ignore', 'ignore_ament_install']
[0.533s] Level 1:colcon.colcon_core.package_identification:_identify(log) by extension 'ignore'
[0.533s] Level 1:colcon.colcon_core.package_identification:_identify(log) ignored
[0.533s] Level 1:colcon.colcon_core.package_identification:_identify(src) by extensions ['ignore', 'ignore_ament_install']
[0.533s] Level 1:colcon.colcon_core.package_identification:_identify(src) by extension 'ignore'
[0.533s] Level 1:colcon.colcon_core.package_identification:_identify(src) by extension 'ignore_ament_install'
[0.533s] Level 1:colcon.colcon_core.package_identification:_identify(src) by extensions ['colcon_pkg']
[0.533s] Level 1:colcon.colcon_core.package_identification:_identify(src) by extension 'colcon_pkg'
[0.533s] Level 1:colcon.colcon_core.package_identification:_identify(src) by extensions ['colcon_meta']
[0.533s] Level 1:colcon.colcon_core.package_identification:_identify(src) by extension 'colcon_meta'
[0.533s] Level 1:colcon.colcon_core.package_identification:_identify(src) by extensions ['ros']
[0.533s] Level 1:colcon.colcon_core.package_identification:_identify(src) by extension 'ros'
[0.533s] Level 1:colcon.colcon_core.package_identification:_identify(src) by extensions ['cmake', 'python']
[0.534s] Level 1:colcon.colcon_core.package_identification:_identify(src) by extension 'cmake'
[0.534s] Level 1:colcon.colcon_core.package_identification:_identify(src) by extension 'python'
[0.534s] Level 1:colcon.colcon_core.package_identification:_identify(src) by extensions ['python_setup_py']
[0.534s] Level 1:colcon.colcon_core.package_identification:_identify(src) by extension 'python_setup_py'
[0.534s] Level 1:colcon.colcon_core.package_identification:_identify(src/mypkg) by extensions ['ignore', 'ignore_ament_install']
[0.534s] Level 1:colcon.colcon_core.package_identification:_identify(src/mypkg) by extension 'ignore'
[0.534s] Level 1:colcon.colcon_core.package_identification:_identify(src/mypkg) by extension 'ignore_ament_install'
[0.534s] Level 1:colcon.colcon_core.package_identification:_identify(src/mypkg) by extensions ['colcon_pkg']
[0.534s] Level 1:colcon.colcon_core.package_identification:_identify(src/mypkg) by extension 'colcon_pkg'
[0.534s] Level 1:colcon.colcon_core.package_identification:_identify(src/mypkg) by extensions ['colcon_meta']
[0.534s] Level 1:colcon.colcon_core.package_identification:_identify(src/mypkg) by extension 'colcon_meta'
[0.534s] Level 1:colcon.colcon_core.package_identification:_identify(src/mypkg) by extensions ['ros']
[0.534s] Level 1:colcon.colcon_core.package_identification:_identify(src/mypkg) by extension 'ros'
[0.537s] DEBUG:colcon.colcon_core.package_identification:Package 'src/mypkg' with type 'ros.ament_python' and name 'mypkg'
[0.537s] Level 1:colcon.colcon_core.package_identification:_identify(src/person_msgs) by extensions ['ignore', 'ignore_ament_install']
[0.537s] Level 1:colcon.colcon_core.package_identification:_identify(src/person_msgs) by extension 'ignore'
[0.537s] Level 1:colcon.colcon_core.package_identification:_identify(src/person_msgs) by extension 'ignore_ament_install'
[0.537s] Level 1:colcon.colcon_core.package_identification:_identify(src/person_msgs) by extensions ['colcon_pkg']
[0.537s] Level 1:colcon.colcon_core.package_identification:_identify(src/person_msgs) by extension 'colcon_pkg'
[0.537s] Level 1:colcon.colcon_core.package_identification:_identify(src/person_msgs) by extensions ['colcon_meta']
[0.537s] Level 1:colcon.colcon_core.package_identification:_identify(src/person_msgs) by extension 'colcon_meta'
[0.537s] Level 1:colcon.colcon_core.package_identification:_identify(src/person_msgs) by extensions ['ros']
[0.537s] Level 1:colcon.colcon_core.package_identification:_identify(src/person_msgs) by extension 'ros'
[0.538s] DEBUG:colcon.colcon_core.package_identification:Package 'src/person_msgs' with type 'ros.ament_cmake' and name 'person_msgs'
[0.538s] Level 1:colcon.colcon_core.package_discovery:discover_packages(recursive) using defaults
[0.538s] Level 1:colcon.colcon_core.package_discovery:discover_packages(ignore) discover
[0.538s] Level 1:colcon.colcon_core.package_discovery:discover_packages(ignore) using defaults
[0.538s] Level 1:colcon.colcon_core.package_discovery:discover_packages(path) discover
[0.538s] Level 1:colcon.colcon_core.package_discovery:discover_packages(path) using defaults
[0.564s] Level 1:colcon.colcon_core.package_discovery:discover_packages(prefix_path) check parameters
[0.564s] Level 1:colcon.colcon_core.package_discovery:discover_packages(prefix_path) discover
[0.566s] DEBUG:colcon.colcon_installed_package_information.package_discovery:Found 2 installed packages in /home/sakuto/ros2_ws/install
[0.568s] DEBUG:colcon.colcon_installed_package_information.package_discovery:Found 270 installed packages in /opt/ros/humble
[0.570s] Level 1:colcon.colcon_core.package_discovery:discover_packages(prefix_path) using defaults
[0.638s] Level 5:colcon.colcon_core.verb:set package 'mypkg' build argument 'cmake_args' from command line to 'None'
[0.639s] Level 5:colcon.colcon_core.verb:set package 'mypkg' build argument 'cmake_target' from command line to 'None'
[0.639s] Level 5:colcon.colcon_core.verb:set package 'mypkg' build argument 'cmake_target_skip_unavailable' from command line to 'False'
[0.639s] Level 5:colcon.colcon_core.verb:set package 'mypkg' build argument 'cmake_clean_cache' from command line to 'False'
[0.639s] Level 5:colcon.colcon_core.verb:set package 'mypkg' build argument 'cmake_clean_first' from command line to 'False'
[0.639s] Level 5:colcon.colcon_core.verb:set package 'mypkg' build argument 'cmake_force_configure' from command line to 'False'
[0.639s] Level 5:colcon.colcon_core.verb:set package 'mypkg' build argument 'ament_cmake_args' from command line to 'None'
[0.639s] Level 5:colcon.colcon_core.verb:set package 'mypkg' build argument 'catkin_cmake_args' from command line to 'None'
[0.639s] Level 5:colcon.colcon_core.verb:set package 'mypkg' build argument 'catkin_skip_building_tests' from command line to 'False'
[0.639s] DEBUG:colcon.colcon_core.verb:Building package 'mypkg' with the following arguments: {'ament_cmake_args': None, 'build_base': '/home/sakuto/ros2_ws/build/mypkg', 'catkin_cmake_args': None, 'catkin_skip_building_tests': False, 'cmake_args': None, 'cmake_clean_cache': False, 'cmake_clean_first': False, 'cmake_force_configure': False, 'cmake_target': None, 'cmake_target_skip_unavailable': False, 'install_base': '/home/sakuto/ros2_ws/install/mypkg', 'merge_install': False, 'path': '/home/sakuto/ros2_ws/src/mypkg', 'symlink_install': False, 'test_result_base': None}
[0.641s] Level 5:colcon.colcon_core.verb:set package 'person_msgs' build argument 'cmake_args' from command line to 'None'
[0.641s] Level 5:colcon.colcon_core.verb:set package 'person_msgs' build argument 'cmake_target' from command line to 'None'
[0.641s] Level 5:colcon.colcon_core.verb:set package 'person_msgs' build argument 'cmake_target_skip_unavailable' from command line to 'False'
[0.641s] Level 5:colcon.colcon_core.verb:set package 'person_msgs' build argument 'cmake_clean_cache' from command line to 'False'
[0.641s] Level 5:colcon.colcon_core.verb:set package 'person_msgs' build argument 'cmake_clean_first' from command line to 'False'
[0.641s] Level 5:colcon.colcon_core.verb:set package 'person_msgs' build argument 'cmake_force_configure' from command line to 'False'
[0.641s] Level 5:colcon.colcon_core.verb:set package 'person_msgs' build argument 'ament_cmake_args' from command line to 'None'
[0.641s] Level 5:colcon.colcon_core.verb:set package 'person_msgs' build argument 'catkin_cmake_args' from command line to 'None'
[0.641s] Level 5:colcon.colcon_core.verb:set package 'person_msgs' build argument 'catkin_skip_building_tests' from command line to 'False'
[0.641s] DEBUG:colcon.colcon_core.verb:Building package 'person_msgs' with the following arguments: {'ament_cmake_args': None, 'build_base': '/home/sakuto/ros2_ws/build/person_msgs', 'catkin_cmake_args': None, 'catkin_skip_building_tests': False, 'cmake_args': None, 'cmake_clean_cache': False, 'cmake_clean_first': False, 'cmake_force_configure': False, 'cmake_target': None, 'cmake_target_skip_unavailable': False, 'install_base': '/home/sakuto/ros2_ws/install/person_msgs', 'merge_install': False, 'path': '/home/sakuto/ros2_ws/src/person_msgs', 'symlink_install': False, 'test_result_base': None}
[0.642s] INFO:colcon.colcon_core.executor:Executing jobs using 'parallel' executor
[0.651s] DEBUG:colcon.colcon_parallel_executor.executor.parallel:run_until_complete
[0.652s] INFO:colcon.colcon_ros.task.ament_python.build:Building ROS package in '/home/sakuto/ros2_ws/src/mypkg' with build type 'ament_python'
[0.652s] Level 1:colcon.colcon_core.shell:create_environment_hook('mypkg', 'ament_prefix_path')
[0.658s] INFO:colcon.colcon_core.plugin_system:Skipping extension 'colcon_core.shell.bat': Not used on non-Windows systems
[0.658s] INFO:colcon.colcon_core.shell:Creating environment hook '/home/sakuto/ros2_ws/install/mypkg/share/mypkg/hook/ament_prefix_path.ps1'
[0.659s] INFO:colcon.colcon_core.shell:Creating environment descriptor '/home/sakuto/ros2_ws/install/mypkg/share/mypkg/hook/ament_prefix_path.dsv'
[0.659s] INFO:colcon.colcon_core.shell:Creating environment hook '/home/sakuto/ros2_ws/install/mypkg/share/mypkg/hook/ament_prefix_path.sh'
[0.661s] INFO:colcon.colcon_core.shell:Skip shell extension 'powershell' for command environment: Not usable outside of PowerShell
[0.661s] DEBUG:colcon.colcon_core.shell:Skip shell extension 'dsv' for command environment
[0.666s] INFO:colcon.colcon_ros.task.ament_cmake.build:Building ROS package in '/home/sakuto/ros2_ws/src/person_msgs' with build type 'ament_cmake'
[0.666s] INFO:colcon.colcon_cmake.task.cmake.build:Building CMake package in '/home/sakuto/ros2_ws/src/person_msgs'
[0.667s] INFO:colcon.colcon_core.shell:Skip shell extension 'powershell' for command environment: Not usable outside of PowerShell
[0.667s] DEBUG:colcon.colcon_core.shell:Skip shell extension 'dsv' for command environment
[0.911s] INFO:colcon.colcon_core.task.python.build:Building Python package in '/home/sakuto/ros2_ws/src/mypkg'
[0.913s] INFO:colcon.colcon_core.shell:Skip shell extension 'powershell' for command environment: Not usable outside of PowerShell
[0.913s] DEBUG:colcon.colcon_core.shell:Skip shell extension 'dsv' for command environment
[0.925s] DEBUG:colcon.colcon_core.event_handler.log_command:Invoking command in '/home/sakuto/ros2_ws/build/person_msgs': CMAKE_PREFIX_PATH=${CMAKE_PREFIX_PATH}:/home/sakuto/ros2_ws/install/mypkg:/opt/ros/humble /usr/bin/cmake --build /home/sakuto/ros2_ws/build/person_msgs -- -j8 -l8
[1.335s] DEBUG:colcon.colcon_core.event_handler.log_command:Invoked command in '/home/sakuto/ros2_ws/build/person_msgs' returned '0': CMAKE_PREFIX_PATH=${CMAKE_PREFIX_PATH}:/home/sakuto/ros2_ws/install/mypkg:/opt/ros/humble /usr/bin/cmake --build /home/sakuto/ros2_ws/build/person_msgs -- -j8 -l8
[1.341s] DEBUG:colcon.colcon_core.event_handler.log_command:Invoking command in '/home/sakuto/ros2_ws/src/mypkg': PYTHONPATH=/home/sakuto/ros2_ws/build/mypkg/prefix_override:/home/sakuto/ros2_ws/install/mypkg/lib/python3.10/site-packages:${PYTHONPATH} /usr/bin/python3 setup.py egg_info --egg-base ../../build/mypkg build --build-base /home/sakuto/ros2_ws/build/mypkg/build install --record /home/sakuto/ros2_ws/build/mypkg/install.log --single-version-externally-managed
[1.414s] DEBUG:colcon.colcon_core.event_handler.log_command:Invoking command in '/home/sakuto/ros2_ws/build/person_msgs': CMAKE_PREFIX_PATH=${CMAKE_PREFIX_PATH}:/home/sakuto/ros2_ws/install/mypkg:/opt/ros/humble /usr/bin/cmake --install /home/sakuto/ros2_ws/build/person_msgs
[1.478s] Level 1:colcon.colcon_core.environment:create_environment_scripts_only(person_msgs)
[1.483s] DEBUG:colcon.colcon_core.event_handler.log_command:Invoked command in '/home/sakuto/ros2_ws/build/person_msgs' returned '0': CMAKE_PREFIX_PATH=${CMAKE_PREFIX_PATH}:/home/sakuto/ros2_ws/install/mypkg:/opt/ros/humble /usr/bin/cmake --install /home/sakuto/ros2_ws/build/person_msgs
[1.485s] Level 1:colcon.colcon_core.environment:checking '/home/sakuto/ros2_ws/install/person_msgs' for CMake module files
[1.486s] Level 1:colcon.colcon_core.environment:checking '/home/sakuto/ros2_ws/install/person_msgs' for CMake config files
[1.486s] Level 1:colcon.colcon_core.shell:create_environment_hook('person_msgs', 'cmake_prefix_path')
[1.487s] INFO:colcon.colcon_core.shell:Creating environment hook '/home/sakuto/ros2_ws/install/person_msgs/share/person_msgs/hook/cmake_prefix_path.ps1'
[1.488s] INFO:colcon.colcon_core.shell:Creating environment descriptor '/home/sakuto/ros2_ws/install/person_msgs/share/person_msgs/hook/cmake_prefix_path.dsv'
[1.488s] INFO:colcon.colcon_core.shell:Creating environment hook '/home/sakuto/ros2_ws/install/person_msgs/share/person_msgs/hook/cmake_prefix_path.sh'
[1.489s] Level 1:colcon.colcon_core.environment:checking '/home/sakuto/ros2_ws/install/person_msgs/lib'
[1.489s] Level 1:colcon.colcon_core.shell:create_environment_hook('person_msgs', 'ld_library_path_lib')
[1.490s] INFO:colcon.colcon_core.shell:Creating environment hook '/home/sakuto/ros2_ws/install/person_msgs/share/person_msgs/hook/ld_library_path_lib.ps1'
[1.490s] INFO:colcon.colcon_core.shell:Creating environment descriptor '/home/sakuto/ros2_ws/install/person_msgs/share/person_msgs/hook/ld_library_path_lib.dsv'
[1.491s] INFO:colcon.colcon_core.shell:Creating environment hook '/home/sakuto/ros2_ws/install/person_msgs/share/person_msgs/hook/ld_library_path_lib.sh'
[1.491s] Level 1:colcon.colcon_core.environment:checking '/home/sakuto/ros2_ws/install/person_msgs/bin'
[1.491s] Level 1:colcon.colcon_core.environment:checking '/home/sakuto/ros2_ws/install/person_msgs/lib/pkgconfig/person_msgs.pc'
[1.491s] Level 1:colcon.colcon_core.environment:checking '/home/sakuto/ros2_ws/install/person_msgs/lib/python3.10/site-packages'
[1.491s] Level 1:colcon.colcon_core.environment:checking '/home/sakuto/ros2_ws/install/person_msgs/bin'
[1.493s] INFO:colcon.colcon_core.shell:Creating package script '/home/sakuto/ros2_ws/install/person_msgs/share/person_msgs/package.ps1'
[1.493s] INFO:colcon.colcon_core.shell:Creating package descriptor '/home/sakuto/ros2_ws/install/person_msgs/share/person_msgs/package.dsv'
[1.494s] INFO:colcon.colcon_core.shell:Creating package script '/home/sakuto/ros2_ws/install/person_msgs/share/person_msgs/package.sh'
[1.494s] INFO:colcon.colcon_core.shell:Creating package script '/home/sakuto/ros2_ws/install/person_msgs/share/person_msgs/package.bash'
[1.495s] INFO:colcon.colcon_core.shell:Creating package script '/home/sakuto/ros2_ws/install/person_msgs/share/person_msgs/package.zsh'
[1.495s] Level 1:colcon.colcon_core.environment:create_file_with_runtime_dependencies(/home/sakuto/ros2_ws/install/person_msgs/share/colcon-core/packages/person_msgs)
[1.569s] Level 1:colcon.colcon_core.environment:create_environment_scripts_only(person_msgs)
[1.570s] Level 1:colcon.colcon_core.environment:checking '/home/sakuto/ros2_ws/install/person_msgs' for CMake module files
[1.571s] Level 1:colcon.colcon_core.environment:checking '/home/sakuto/ros2_ws/install/person_msgs' for CMake config files
[1.571s] Level 1:colcon.colcon_core.shell:create_environment_hook('person_msgs', 'cmake_prefix_path')
[1.573s] INFO:colcon.colcon_core.shell:Creating environment hook '/home/sakuto/ros2_ws/install/person_msgs/share/person_msgs/hook/cmake_prefix_path.ps1'
[1.573s] INFO:colcon.colcon_core.shell:Creating environment descriptor '/home/sakuto/ros2_ws/install/person_msgs/share/person_msgs/hook/cmake_prefix_path.dsv'
[1.573s] INFO:colcon.colcon_core.shell:Creating environment hook '/home/sakuto/ros2_ws/install/person_msgs/share/person_msgs/hook/cmake_prefix_path.sh'
[1.574s] Level 1:colcon.colcon_core.environment:checking '/home/sakuto/ros2_ws/install/person_msgs/lib'
[1.574s] Level 1:colcon.colcon_core.shell:create_environment_hook('person_msgs', 'ld_library_path_lib')
[1.575s] INFO:colcon.colcon_core.shell:Creating environment hook '/home/sakuto/ros2_ws/install/person_msgs/share/person_msgs/hook/ld_library_path_lib.ps1'
[1.575s] INFO:colcon.colcon_core.shell:Creating environment descriptor '/home/sakuto/ros2_ws/install/person_msgs/share/person_msgs/hook/ld_library_path_lib.dsv'
[1.575s] INFO:colcon.colcon_core.shell:Creating environment hook '/home/sakuto/ros2_ws/install/person_msgs/share/person_msgs/hook/ld_library_path_lib.sh'
[1.576s] Level 1:colcon.colcon_core.environment:checking '/home/sakuto/ros2_ws/install/person_msgs/bin'
[1.576s] Level 1:colcon.colcon_core.environment:checking '/home/sakuto/ros2_ws/install/person_msgs/lib/pkgconfig/person_msgs.pc'
[1.576s] Level 1:colcon.colcon_core.environment:checking '/home/sakuto/ros2_ws/install/person_msgs/lib/python3.10/site-packages'
[1.576s] Level 1:colcon.colcon_core.environment:checking '/home/sakuto/ros2_ws/install/person_msgs/bin'
[1.577s] INFO:colcon.colcon_core.shell:Creating package script '/home/sakuto/ros2_ws/install/person_msgs/share/person_msgs/package.ps1'
[1.578s] INFO:colcon.colcon_core.shell:Creating package descriptor '/home/sakuto/ros2_ws/install/person_msgs/share/person_msgs/package.dsv'
[1.578s] INFO:colcon.colcon_core.shell:Creating package script '/home/sakuto/ros2_ws/install/person_msgs/share/person_msgs/package.sh'
[1.579s] INFO:colcon.colcon_core.shell:Creating package script '/home/sakuto/ros2_ws/install/person_msgs/share/person_msgs/package.bash'
[1.579s] INFO:colcon.colcon_core.shell:Creating package script '/home/sakuto/ros2_ws/install/person_msgs/share/person_msgs/package.zsh'
[1.579s] Level 1:colcon.colcon_core.environment:create_file_with_runtime_dependencies(/home/sakuto/ros2_ws/install/person_msgs/share/colcon-core/packages/person_msgs)
[1.641s] Level 1:colcon.colcon_core.environment:checking '/home/sakuto/ros2_ws/install/mypkg' for CMake module files
[1.642s] DEBUG:colcon.colcon_core.event_handler.log_command:Invoked command in '/home/sakuto/ros2_ws/src/mypkg' returned '0': PYTHONPATH=/home/sakuto/ros2_ws/build/mypkg/prefix_override:/home/sakuto/ros2_ws/install/mypkg/lib/python3.10/site-packages:${PYTHONPATH} /usr/bin/python3 setup.py egg_info --egg-base ../../build/mypkg build --build-base /home/sakuto/ros2_ws/build/mypkg/build install --record /home/sakuto/ros2_ws/build/mypkg/install.log --single-version-externally-managed
[1.642s] Level 1:colcon.colcon_core.environment:checking '/home/sakuto/ros2_ws/install/mypkg' for CMake config files
[1.643s] Level 1:colcon.colcon_core.environment:checking '/home/sakuto/ros2_ws/install/mypkg/lib'
[1.643s] Level 1:colcon.colcon_core.environment:checking '/home/sakuto/ros2_ws/install/mypkg/bin'
[1.643s] Level 1:colcon.colcon_core.environment:checking '/home/sakuto/ros2_ws/install/mypkg/lib/pkgconfig/mypkg.pc'
[1.643s] Level 1:colcon.colcon_core.environment:checking '/home/sakuto/ros2_ws/install/mypkg/lib/python3.10/site-packages'
[1.643s] Level 1:colcon.colcon_core.shell:create_environment_hook('mypkg', 'pythonpath')
[1.644s] INFO:colcon.colcon_core.shell:Creating environment hook '/home/sakuto/ros2_ws/install/mypkg/share/mypkg/hook/pythonpath.ps1'
[1.645s] INFO:colcon.colcon_core.shell:Creating environment descriptor '/home/sakuto/ros2_ws/install/mypkg/share/mypkg/hook/pythonpath.dsv'
[1.645s] INFO:colcon.colcon_core.shell:Creating environment hook '/home/sakuto/ros2_ws/install/mypkg/share/mypkg/hook/pythonpath.sh'
[1.645s] Level 1:colcon.colcon_core.environment:checking '/home/sakuto/ros2_ws/install/mypkg/bin'
[1.645s] Level 1:colcon.colcon_core.environment:create_environment_scripts_only(mypkg)
[1.647s] INFO:colcon.colcon_core.shell:Creating package script '/home/sakuto/ros2_ws/install/mypkg/share/mypkg/package.ps1'
[1.647s] INFO:colcon.colcon_core.shell:Creating package descriptor '/home/sakuto/ros2_ws/install/mypkg/share/mypkg/package.dsv'
[1.647s] INFO:colcon.colcon_core.shell:Creating package script '/home/sakuto/ros2_ws/install/mypkg/share/mypkg/package.sh'
[1.648s] INFO:colcon.colcon_core.shell:Creating package script '/home/sakuto/ros2_ws/install/mypkg/share/mypkg/package.bash'
[1.648s] INFO:colcon.colcon_core.shell:Creating package script '/home/sakuto/ros2_ws/install/mypkg/share/mypkg/package.zsh'
[1.648s] Level 1:colcon.colcon_core.environment:create_file_with_runtime_dependencies(/home/sakuto/ros2_ws/install/mypkg/share/colcon-core/packages/mypkg)
[1.648s] DEBUG:colcon.colcon_parallel_executor.executor.parallel:closing loop
[1.649s] DEBUG:colcon.colcon_parallel_executor.executor.parallel:loop closed
[1.649s] DEBUG:colcon.colcon_parallel_executor.executor.parallel:run_until_complete finished with '0'
[1.649s] DEBUG:colcon.colcon_core.event_reactor:joining thread
[1.737s] INFO:colcon.colcon_core.plugin_system:Skipping extension 'colcon_notification.desktop_notification.notify_send': Could not find 'notify-send'
[1.738s] INFO:colcon.colcon_core.plugin_system:Skipping extension 'colcon_notification.desktop_notification.terminal_notifier': Not used on non-Darwin systems
[1.738s] INFO:colcon.colcon_core.plugin_system:Skipping extension 'colcon_notification.desktop_notification.win32': Not used on non-Windows systems
[1.738s] INFO:colcon.colcon_notification.desktop_notification:Sending desktop notification using 'notify2'
[1.738s] DEBUG:colcon.colcon_notification.desktop_notification.notify2:Failed to initialize notify2: org.freedesktop.DBus.Error.NotSupported: Unable to autolaunch a dbus-daemon without a $DISPLAY for X11
[1.738s] DEBUG:colcon.colcon_core.event_reactor:joined thread
[1.740s] INFO:colcon.colcon_core.shell:Creating prefix script '/home/sakuto/ros2_ws/install/local_setup.ps1'
[1.741s] INFO:colcon.colcon_core.shell:Creating prefix util module '/home/sakuto/ros2_ws/install/_local_setup_util_ps1.py'
[1.742s] INFO:colcon.colcon_core.shell:Creating prefix chain script '/home/sakuto/ros2_ws/install/setup.ps1'
[1.744s] INFO:colcon.colcon_core.shell:Creating prefix script '/home/sakuto/ros2_ws/install/local_setup.sh'
[1.744s] INFO:colcon.colcon_core.shell:Creating prefix util module '/home/sakuto/ros2_ws/install/_local_setup_util_sh.py'
[1.745s] INFO:colcon.colcon_core.shell:Creating prefix chain script '/home/sakuto/ros2_ws/install/setup.sh'
[1.746s] INFO:colcon.colcon_core.shell:Creating prefix script '/home/sakuto/ros2_ws/install/local_setup.bash'
[1.746s] INFO:colcon.colcon_core.shell:Creating prefix chain script '/home/sakuto/ros2_ws/install/setup.bash'
[1.747s] INFO:colcon.colcon_core.shell:Creating prefix script '/home/sakuto/ros2_ws/install/local_setup.zsh'
[1.747s] INFO:colcon.colcon_core.shell:Creating prefix chain script '/home/sakuto/ros2_ws/install/setup.zsh'
