[1.578s] DEBUG:colcon:Command line arguments: ['/usr/bin/colcon', 'build']
[1.578s] DEBUG:colcon:Parsed command line arguments: Namespace(log_base=None, log_level=None, verb_name='build', build_base='build', install_base='install', merge_install=False, symlink_install=False, test_result_base=None, continue_on_error=False, executor='parallel', parallel_workers=8, event_handlers=None, ignore_user_meta=False, metas=['./colcon.meta'], base_paths=['.'], packages_ignore=None, packages_ignore_regex=None, paths=None, packages_up_to=None, packages_up_to_regex=None, packages_above=None, packages_above_and_dependencies=None, packages_above_depth=None, packages_select_by_dep=None, packages_skip_by_dep=None, packages_skip_up_to=None, packages_select_build_failed=False, packages_skip_build_finished=False, packages_select_test_failures=False, packages_skip_test_passed=False, packages_select=None, packages_skip=None, packages_select_regex=None, packages_skip_regex=None, packages_start=None, packages_end=None, allow_overriding=[], cmake_args=None, cmake_target=None, cmake_target_skip_unavailable=False, cmake_clean_cache=False, cmake_clean_first=False, cmake_force_configure=False, ament_cmake_args=None, catkin_cmake_args=None, catkin_skip_building_tests=False, verb_parser=<colcon_defaults.argument_parser.defaults.DefaultArgumentsDecorator object at 0x7fdcb1b8f130>, verb_extension=<colcon_core.verb.build.BuildVerb object at 0x7fdcb1d36ce0>, main=<bound method BuildVerb.main of <colcon_core.verb.build.BuildVerb object at 0x7fdcb1d36ce0>>)
[1.669s] Level 1:colcon.colcon_core.package_discovery:discover_packages(colcon_meta) check parameters
[1.669s] Level 1:colcon.colcon_core.package_discovery:discover_packages(recursive) check parameters
[1.669s] Level 1:colcon.colcon_core.package_discovery:discover_packages(ignore) check parameters
[1.669s] Level 1:colcon.colcon_core.package_discovery:discover_packages(path) check parameters
[1.669s] Level 1:colcon.colcon_core.package_discovery:discover_packages(colcon_meta) discover
[1.669s] Level 1:colcon.colcon_core.package_discovery:discover_packages(recursive) discover
[1.669s] INFO:colcon.colcon_core.package_discovery:Crawling recursively for packages in '/home/sakuto/ros2_ws'
[1.669s] Level 1:colcon.colcon_core.package_identification:_identify(.) by extensions ['ignore', 'ignore_ament_install']
[1.670s] Level 1:colcon.colcon_core.package_identification:_identify(.) by extension 'ignore'
[1.670s] Level 1:colcon.colcon_core.package_identification:_identify(.) by extension 'ignore_ament_install'
[1.670s] Level 1:colcon.colcon_core.package_identification:_identify(.) by extensions ['colcon_pkg']
[1.670s] Level 1:colcon.colcon_core.package_identification:_identify(.) by extension 'colcon_pkg'
[1.670s] Level 1:colcon.colcon_core.package_identification:_identify(.) by extensions ['colcon_meta']
[1.670s] Level 1:colcon.colcon_core.package_identification:_identify(.) by extension 'colcon_meta'
[1.670s] Level 1:colcon.colcon_core.package_identification:_identify(.) by extensions ['ros']
[1.670s] Level 1:colcon.colcon_core.package_identification:_identify(.) by extension 'ros'
[1.705s] Level 1:colcon.colcon_core.package_identification:_identify(.) by extensions ['cmake', 'python']
[1.705s] Level 1:colcon.colcon_core.package_identification:_identify(.) by extension 'cmake'
[1.705s] Level 1:colcon.colcon_core.package_identification:_identify(.) by extension 'python'
[1.705s] Level 1:colcon.colcon_core.package_identification:_identify(.) by extensions ['python_setup_py']
[1.705s] Level 1:colcon.colcon_core.package_identification:_identify(.) by extension 'python_setup_py'
[1.705s] Level 1:colcon.colcon_core.package_identification:_identify(build) by extensions ['ignore', 'ignore_ament_install']
[1.705s] Level 1:colcon.colcon_core.package_identification:_identify(build) by extension 'ignore'
[1.705s] Level 1:colcon.colcon_core.package_identification:_identify(build) ignored
[1.705s] Level 1:colcon.colcon_core.package_identification:_identify(install) by extensions ['ignore', 'ignore_ament_install']
[1.705s] Level 1:colcon.colcon_core.package_identification:_identify(install) by extension 'ignore'
[1.706s] Level 1:colcon.colcon_core.package_identification:_identify(install) ignored
[1.706s] Level 1:colcon.colcon_core.package_identification:_identify(log) by extensions ['ignore', 'ignore_ament_install']
[1.706s] Level 1:colcon.colcon_core.package_identification:_identify(log) by extension 'ignore'
[1.706s] Level 1:colcon.colcon_core.package_identification:_identify(log) ignored
[1.706s] Level 1:colcon.colcon_core.package_identification:_identify(src) by extensions ['ignore', 'ignore_ament_install']
[1.706s] Level 1:colcon.colcon_core.package_identification:_identify(src) by extension 'ignore'
[1.706s] Level 1:colcon.colcon_core.package_identification:_identify(src) by extension 'ignore_ament_install'
[1.706s] Level 1:colcon.colcon_core.package_identification:_identify(src) by extensions ['colcon_pkg']
[1.706s] Level 1:colcon.colcon_core.package_identification:_identify(src) by extension 'colcon_pkg'
[1.706s] Level 1:colcon.colcon_core.package_identification:_identify(src) by extensions ['colcon_meta']
[1.706s] Level 1:colcon.colcon_core.package_identification:_identify(src) by extension 'colcon_meta'
[1.706s] Level 1:colcon.colcon_core.package_identification:_identify(src) by extensions ['ros']
[1.706s] Level 1:colcon.colcon_core.package_identification:_identify(src) by extension 'ros'
[1.706s] Level 1:colcon.colcon_core.package_identification:_identify(src) by extensions ['cmake', 'python']
[1.706s] Level 1:colcon.colcon_core.package_identification:_identify(src) by extension 'cmake'
[1.706s] Level 1:colcon.colcon_core.package_identification:_identify(src) by extension 'python'
[1.706s] Level 1:colcon.colcon_core.package_identification:_identify(src) by extensions ['python_setup_py']
[1.706s] Level 1:colcon.colcon_core.package_identification:_identify(src) by extension 'python_setup_py'
[1.707s] Level 1:colcon.colcon_core.package_identification:_identify(src/mypkg) by extensions ['ignore', 'ignore_ament_install']
[1.707s] Level 1:colcon.colcon_core.package_identification:_identify(src/mypkg) by extension 'ignore'
[1.707s] Level 1:colcon.colcon_core.package_identification:_identify(src/mypkg) by extension 'ignore_ament_install'
[1.707s] Level 1:colcon.colcon_core.package_identification:_identify(src/mypkg) by extensions ['colcon_pkg']
[1.707s] Level 1:colcon.colcon_core.package_identification:_identify(src/mypkg) by extension 'colcon_pkg'
[1.708s] Level 1:colcon.colcon_core.package_identification:_identify(src/mypkg) by extensions ['colcon_meta']
[1.708s] Level 1:colcon.colcon_core.package_identification:_identify(src/mypkg) by extension 'colcon_meta'
[1.708s] Level 1:colcon.colcon_core.package_identification:_identify(src/mypkg) by extensions ['ros']
[1.708s] Level 1:colcon.colcon_core.package_identification:_identify(src/mypkg) by extension 'ros'
[1.714s] DEBUG:colcon.colcon_core.package_identification:Package 'src/mypkg' with type 'ros.ament_python' and name 'mypkg'
[1.714s] Level 1:colcon.colcon_core.package_identification:_identify(src/person_msgs) by extensions ['ignore', 'ignore_ament_install']
[1.714s] Level 1:colcon.colcon_core.package_identification:_identify(src/person_msgs) by extension 'ignore'
[1.714s] Level 1:colcon.colcon_core.package_identification:_identify(src/person_msgs) by extension 'ignore_ament_install'
[1.714s] Level 1:colcon.colcon_core.package_identification:_identify(src/person_msgs) by extensions ['colcon_pkg']
[1.714s] Level 1:colcon.colcon_core.package_identification:_identify(src/person_msgs) by extension 'colcon_pkg'
[1.715s] Level 1:colcon.colcon_core.package_identification:_identify(src/person_msgs) by extensions ['colcon_meta']
[1.715s] Level 1:colcon.colcon_core.package_identification:_identify(src/person_msgs) by extension 'colcon_meta'
[1.715s] Level 1:colcon.colcon_core.package_identification:_identify(src/person_msgs) by extensions ['ros']
[1.715s] Level 1:colcon.colcon_core.package_identification:_identify(src/person_msgs) by extension 'ros'
[1.716s] DEBUG:colcon.colcon_core.package_identification:Package 'src/person_msgs' with type 'ros.ament_cmake' and name 'person_msgs'
[1.716s] Level 1:colcon.colcon_core.package_discovery:discover_packages(recursive) using defaults
[1.716s] Level 1:colcon.colcon_core.package_discovery:discover_packages(ignore) discover
[1.716s] Level 1:colcon.colcon_core.package_discovery:discover_packages(ignore) using defaults
[1.716s] Level 1:colcon.colcon_core.package_discovery:discover_packages(path) discover
[1.716s] Level 1:colcon.colcon_core.package_discovery:discover_packages(path) using defaults
[1.977s] Level 1:colcon.colcon_core.package_discovery:discover_packages(prefix_path) check parameters
[1.978s] Level 1:colcon.colcon_core.package_discovery:discover_packages(prefix_path) discover
[1.988s] DEBUG:colcon.colcon_installed_package_information.package_discovery:Found 2 installed packages in /home/sakuto/ros2_ws/install
[1.989s] DEBUG:colcon.colcon_installed_package_information.package_discovery:Found 270 installed packages in /opt/ros/humble
[1.991s] Level 1:colcon.colcon_core.package_discovery:discover_packages(prefix_path) using defaults
[2.050s] Level 5:colcon.colcon_core.verb:set package 'mypkg' build argument 'cmake_args' from command line to 'None'
[2.050s] Level 5:colcon.colcon_core.verb:set package 'mypkg' build argument 'cmake_target' from command line to 'None'
[2.050s] Level 5:colcon.colcon_core.verb:set package 'mypkg' build argument 'cmake_target_skip_unavailable' from command line to 'False'
[2.050s] Level 5:colcon.colcon_core.verb:set package 'mypkg' build argument 'cmake_clean_cache' from command line to 'False'
[2.050s] Level 5:colcon.colcon_core.verb:set package 'mypkg' build argument 'cmake_clean_first' from command line to 'False'
[2.050s] Level 5:colcon.colcon_core.verb:set package 'mypkg' build argument 'cmake_force_configure' from command line to 'False'
[2.050s] Level 5:colcon.colcon_core.verb:set package 'mypkg' build argument 'ament_cmake_args' from command line to 'None'
[2.050s] Level 5:colcon.colcon_core.verb:set package 'mypkg' build argument 'catkin_cmake_args' from command line to 'None'
[2.050s] Level 5:colcon.colcon_core.verb:set package 'mypkg' build argument 'catkin_skip_building_tests' from command line to 'False'
[2.051s] DEBUG:colcon.colcon_core.verb:Building package 'mypkg' with the following arguments: {'ament_cmake_args': None, 'build_base': '/home/sakuto/ros2_ws/build/mypkg', 'catkin_cmake_args': None, 'catkin_skip_building_tests': False, 'cmake_args': None, 'cmake_clean_cache': False, 'cmake_clean_first': False, 'cmake_force_configure': False, 'cmake_target': None, 'cmake_target_skip_unavailable': False, 'install_base': '/home/sakuto/ros2_ws/install/mypkg', 'merge_install': False, 'path': '/home/sakuto/ros2_ws/src/mypkg', 'symlink_install': False, 'test_result_base': None}
[2.051s] Level 5:colcon.colcon_core.verb:set package 'person_msgs' build argument 'cmake_args' from command line to 'None'
[2.051s] Level 5:colcon.colcon_core.verb:set package 'person_msgs' build argument 'cmake_target' from command line to 'None'
[2.051s] Level 5:colcon.colcon_core.verb:set package 'person_msgs' build argument 'cmake_target_skip_unavailable' from command line to 'False'
[2.052s] Level 5:colcon.colcon_core.verb:set package 'person_msgs' build argument 'cmake_clean_cache' from command line to 'False'
[2.052s] Level 5:colcon.colcon_core.verb:set package 'person_msgs' build argument 'cmake_clean_first' from command line to 'False'
[2.052s] Level 5:colcon.colcon_core.verb:set package 'person_msgs' build argument 'cmake_force_configure' from command line to 'False'
[2.052s] Level 5:colcon.colcon_core.verb:set package 'person_msgs' build argument 'ament_cmake_args' from command line to 'None'
[2.052s] Level 5:colcon.colcon_core.verb:set package 'person_msgs' build argument 'catkin_cmake_args' from command line to 'None'
[2.052s] Level 5:colcon.colcon_core.verb:set package 'person_msgs' build argument 'catkin_skip_building_tests' from command line to 'False'
[2.052s] DEBUG:colcon.colcon_core.verb:Building package 'person_msgs' with the following arguments: {'ament_cmake_args': None, 'build_base': '/home/sakuto/ros2_ws/build/person_msgs', 'catkin_cmake_args': None, 'catkin_skip_building_tests': False, 'cmake_args': None, 'cmake_clean_cache': False, 'cmake_clean_first': False, 'cmake_force_configure': False, 'cmake_target': None, 'cmake_target_skip_unavailable': False, 'install_base': '/home/sakuto/ros2_ws/install/person_msgs', 'merge_install': False, 'path': '/home/sakuto/ros2_ws/src/person_msgs', 'symlink_install': False, 'test_result_base': None}
[2.053s] INFO:colcon.colcon_core.executor:Executing jobs using 'parallel' executor
[2.057s] DEBUG:colcon.colcon_parallel_executor.executor.parallel:run_until_complete
[2.057s] INFO:colcon.colcon_ros.task.ament_python.build:Building ROS package in '/home/sakuto/ros2_ws/src/mypkg' with build type 'ament_python'
[2.057s] Level 1:colcon.colcon_core.shell:create_environment_hook('mypkg', 'ament_prefix_path')
[2.072s] INFO:colcon.colcon_core.plugin_system:Skipping extension 'colcon_core.shell.bat': Not used on non-Windows systems
[2.073s] INFO:colcon.colcon_core.shell:Creating environment hook '/home/sakuto/ros2_ws/install/mypkg/share/mypkg/hook/ament_prefix_path.ps1'
[2.074s] INFO:colcon.colcon_core.shell:Creating environment descriptor '/home/sakuto/ros2_ws/install/mypkg/share/mypkg/hook/ament_prefix_path.dsv'
[2.075s] INFO:colcon.colcon_core.shell:Creating environment hook '/home/sakuto/ros2_ws/install/mypkg/share/mypkg/hook/ament_prefix_path.sh'
[2.078s] INFO:colcon.colcon_core.shell:Skip shell extension 'powershell' for command environment: Not usable outside of PowerShell
[2.078s] DEBUG:colcon.colcon_core.shell:Skip shell extension 'dsv' for command environment
[2.083s] INFO:colcon.colcon_ros.task.ament_cmake.build:Building ROS package in '/home/sakuto/ros2_ws/src/person_msgs' with build type 'ament_cmake'
[2.083s] INFO:colcon.colcon_cmake.task.cmake.build:Building CMake package in '/home/sakuto/ros2_ws/src/person_msgs'
[2.085s] INFO:colcon.colcon_core.shell:Skip shell extension 'powershell' for command environment: Not usable outside of PowerShell
[2.085s] DEBUG:colcon.colcon_core.shell:Skip shell extension 'dsv' for command environment
[2.338s] INFO:colcon.colcon_core.task.python.build:Building Python package in '/home/sakuto/ros2_ws/src/mypkg'
[2.340s] INFO:colcon.colcon_core.shell:Skip shell extension 'powershell' for command environment: Not usable outside of PowerShell
[2.340s] DEBUG:colcon.colcon_core.shell:Skip shell extension 'dsv' for command environment
[2.350s] DEBUG:colcon.colcon_core.event_handler.log_command:Invoking command in '/home/sakuto/ros2_ws/build/person_msgs': CMAKE_PREFIX_PATH=${CMAKE_PREFIX_PATH}:/home/sakuto/ros2_ws/install/mypkg:/opt/ros/humble /usr/bin/cmake --build /home/sakuto/ros2_ws/build/person_msgs -- -j8 -l8
[2.784s] DEBUG:colcon.colcon_core.event_handler.log_command:Invoking command in '/home/sakuto/ros2_ws/src/mypkg': PYTHONPATH=/home/sakuto/ros2_ws/build/mypkg/prefix_override:/home/sakuto/ros2_ws/install/mypkg/lib/python3.10/site-packages:${PYTHONPATH} /usr/bin/python3 setup.py egg_info --egg-base ../../build/mypkg build --build-base /home/sakuto/ros2_ws/build/mypkg/build install --record /home/sakuto/ros2_ws/build/mypkg/install.log --single-version-externally-managed
[2.939s] DEBUG:colcon.colcon_core.event_handler.log_command:Invoked command in '/home/sakuto/ros2_ws/build/person_msgs' returned '0': CMAKE_PREFIX_PATH=${CMAKE_PREFIX_PATH}:/home/sakuto/ros2_ws/install/mypkg:/opt/ros/humble /usr/bin/cmake --build /home/sakuto/ros2_ws/build/person_msgs -- -j8 -l8
[3.008s] DEBUG:colcon.colcon_core.event_handler.log_command:Invoking command in '/home/sakuto/ros2_ws/build/person_msgs': CMAKE_PREFIX_PATH=${CMAKE_PREFIX_PATH}:/home/sakuto/ros2_ws/install/mypkg:/opt/ros/humble /usr/bin/cmake --install /home/sakuto/ros2_ws/build/person_msgs
[3.098s] DEBUG:colcon.colcon_core.event_handler.log_command:Invoked command in '/home/sakuto/ros2_ws/src/mypkg' returned '0': PYTHONPATH=/home/sakuto/ros2_ws/build/mypkg/prefix_override:/home/sakuto/ros2_ws/install/mypkg/lib/python3.10/site-packages:${PYTHONPATH} /usr/bin/python3 setup.py egg_info --egg-base ../../build/mypkg build --build-base /home/sakuto/ros2_ws/build/mypkg/build install --record /home/sakuto/ros2_ws/build/mypkg/install.log --single-version-externally-managed
[3.196s] Level 1:colcon.colcon_core.environment:checking '/home/sakuto/ros2_ws/install/mypkg' for CMake module files
[3.197s] Level 1:colcon.colcon_core.environment:checking '/home/sakuto/ros2_ws/install/mypkg' for CMake config files
[3.214s] Level 1:colcon.colcon_core.environment:checking '/home/sakuto/ros2_ws/install/mypkg/lib'
[3.214s] Level 1:colcon.colcon_core.environment:checking '/home/sakuto/ros2_ws/install/mypkg/bin'
[3.214s] Level 1:colcon.colcon_core.environment:checking '/home/sakuto/ros2_ws/install/mypkg/lib/pkgconfig/mypkg.pc'
[3.215s] Level 1:colcon.colcon_core.environment:checking '/home/sakuto/ros2_ws/install/mypkg/lib/python3.10/site-packages'
[3.215s] Level 1:colcon.colcon_core.shell:create_environment_hook('mypkg', 'pythonpath')
[3.219s] INFO:colcon.colcon_core.shell:Creating environment hook '/home/sakuto/ros2_ws/install/mypkg/share/mypkg/hook/pythonpath.ps1'
[3.219s] INFO:colcon.colcon_core.shell:Creating environment descriptor '/home/sakuto/ros2_ws/install/mypkg/share/mypkg/hook/pythonpath.dsv'
[3.220s] INFO:colcon.colcon_core.shell:Creating environment hook '/home/sakuto/ros2_ws/install/mypkg/share/mypkg/hook/pythonpath.sh'
[3.221s] Level 1:colcon.colcon_core.environment:checking '/home/sakuto/ros2_ws/install/mypkg/bin'
[3.221s] Level 1:colcon.colcon_core.environment:create_environment_scripts_only(mypkg)
[3.224s] INFO:colcon.colcon_core.shell:Creating package script '/home/sakuto/ros2_ws/install/mypkg/share/mypkg/package.ps1'
[3.228s] INFO:colcon.colcon_core.shell:Creating package descriptor '/home/sakuto/ros2_ws/install/mypkg/share/mypkg/package.dsv'
[3.238s] INFO:colcon.colcon_core.shell:Creating package script '/home/sakuto/ros2_ws/install/mypkg/share/mypkg/package.sh'
[3.241s] INFO:colcon.colcon_core.shell:Creating package script '/home/sakuto/ros2_ws/install/mypkg/share/mypkg/package.bash'
[3.249s] INFO:colcon.colcon_core.shell:Creating package script '/home/sakuto/ros2_ws/install/mypkg/share/mypkg/package.zsh'
[3.265s] Level 1:colcon.colcon_core.environment:create_file_with_runtime_dependencies(/home/sakuto/ros2_ws/install/mypkg/share/colcon-core/packages/mypkg)
[3.272s] Level 1:colcon.colcon_core.environment:create_environment_scripts_only(person_msgs)
[3.277s] Level 1:colcon.colcon_core.environment:checking '/home/sakuto/ros2_ws/install/person_msgs' for CMake module files
[3.278s] DEBUG:colcon.colcon_core.event_handler.log_command:Invoked command in '/home/sakuto/ros2_ws/build/person_msgs' returned '0': CMAKE_PREFIX_PATH=${CMAKE_PREFIX_PATH}:/home/sakuto/ros2_ws/install/mypkg:/opt/ros/humble /usr/bin/cmake --install /home/sakuto/ros2_ws/build/person_msgs
[3.279s] Level 1:colcon.colcon_core.environment:checking '/home/sakuto/ros2_ws/install/person_msgs' for CMake config files
[3.280s] Level 1:colcon.colcon_core.shell:create_environment_hook('person_msgs', 'cmake_prefix_path')
[3.282s] INFO:colcon.colcon_core.shell:Creating environment hook '/home/sakuto/ros2_ws/install/person_msgs/share/person_msgs/hook/cmake_prefix_path.ps1'
[3.283s] INFO:colcon.colcon_core.shell:Creating environment descriptor '/home/sakuto/ros2_ws/install/person_msgs/share/person_msgs/hook/cmake_prefix_path.dsv'
[3.283s] INFO:colcon.colcon_core.shell:Creating environment hook '/home/sakuto/ros2_ws/install/person_msgs/share/person_msgs/hook/cmake_prefix_path.sh'
[3.284s] Level 1:colcon.colcon_core.environment:checking '/home/sakuto/ros2_ws/install/person_msgs/lib'
[3.284s] Level 1:colcon.colcon_core.shell:create_environment_hook('person_msgs', 'ld_library_path_lib')
[3.285s] INFO:colcon.colcon_core.shell:Creating environment hook '/home/sakuto/ros2_ws/install/person_msgs/share/person_msgs/hook/ld_library_path_lib.ps1'
[3.286s] INFO:colcon.colcon_core.shell:Creating environment descriptor '/home/sakuto/ros2_ws/install/person_msgs/share/person_msgs/hook/ld_library_path_lib.dsv'
[3.286s] INFO:colcon.colcon_core.shell:Creating environment hook '/home/sakuto/ros2_ws/install/person_msgs/share/person_msgs/hook/ld_library_path_lib.sh'
[3.287s] Level 1:colcon.colcon_core.environment:checking '/home/sakuto/ros2_ws/install/person_msgs/bin'
[3.287s] Level 1:colcon.colcon_core.environment:checking '/home/sakuto/ros2_ws/install/person_msgs/lib/pkgconfig/person_msgs.pc'
[3.287s] Level 1:colcon.colcon_core.environment:checking '/home/sakuto/ros2_ws/install/person_msgs/lib/python3.10/site-packages'
[3.287s] Level 1:colcon.colcon_core.environment:checking '/home/sakuto/ros2_ws/install/person_msgs/bin'
[3.289s] INFO:colcon.colcon_core.shell:Creating package script '/home/sakuto/ros2_ws/install/person_msgs/share/person_msgs/package.ps1'
[3.289s] INFO:colcon.colcon_core.shell:Creating package descriptor '/home/sakuto/ros2_ws/install/person_msgs/share/person_msgs/package.dsv'
[3.289s] INFO:colcon.colcon_core.shell:Creating package script '/home/sakuto/ros2_ws/install/person_msgs/share/person_msgs/package.sh'
[3.290s] INFO:colcon.colcon_core.shell:Creating package script '/home/sakuto/ros2_ws/install/person_msgs/share/person_msgs/package.bash'
[3.290s] INFO:colcon.colcon_core.shell:Creating package script '/home/sakuto/ros2_ws/install/person_msgs/share/person_msgs/package.zsh'
[3.290s] Level 1:colcon.colcon_core.environment:create_file_with_runtime_dependencies(/home/sakuto/ros2_ws/install/person_msgs/share/colcon-core/packages/person_msgs)
[3.354s] Level 1:colcon.colcon_core.environment:create_environment_scripts_only(person_msgs)
[3.356s] Level 1:colcon.colcon_core.environment:checking '/home/sakuto/ros2_ws/install/person_msgs' for CMake module files
[3.356s] Level 1:colcon.colcon_core.environment:checking '/home/sakuto/ros2_ws/install/person_msgs' for CMake config files
[3.357s] Level 1:colcon.colcon_core.shell:create_environment_hook('person_msgs', 'cmake_prefix_path')
[3.358s] INFO:colcon.colcon_core.shell:Creating environment hook '/home/sakuto/ros2_ws/install/person_msgs/share/person_msgs/hook/cmake_prefix_path.ps1'
[3.358s] INFO:colcon.colcon_core.shell:Creating environment descriptor '/home/sakuto/ros2_ws/install/person_msgs/share/person_msgs/hook/cmake_prefix_path.dsv'
[3.358s] INFO:colcon.colcon_core.shell:Creating environment hook '/home/sakuto/ros2_ws/install/person_msgs/share/person_msgs/hook/cmake_prefix_path.sh'
[3.359s] Level 1:colcon.colcon_core.environment:checking '/home/sakuto/ros2_ws/install/person_msgs/lib'
[3.359s] Level 1:colcon.colcon_core.shell:create_environment_hook('person_msgs', 'ld_library_path_lib')
[3.360s] INFO:colcon.colcon_core.shell:Creating environment hook '/home/sakuto/ros2_ws/install/person_msgs/share/person_msgs/hook/ld_library_path_lib.ps1'
[3.360s] INFO:colcon.colcon_core.shell:Creating environment descriptor '/home/sakuto/ros2_ws/install/person_msgs/share/person_msgs/hook/ld_library_path_lib.dsv'
[3.360s] INFO:colcon.colcon_core.shell:Creating environment hook '/home/sakuto/ros2_ws/install/person_msgs/share/person_msgs/hook/ld_library_path_lib.sh'
[3.361s] Level 1:colcon.colcon_core.environment:checking '/home/sakuto/ros2_ws/install/person_msgs/bin'
[3.361s] Level 1:colcon.colcon_core.environment:checking '/home/sakuto/ros2_ws/install/person_msgs/lib/pkgconfig/person_msgs.pc'
[3.361s] Level 1:colcon.colcon_core.environment:checking '/home/sakuto/ros2_ws/install/person_msgs/lib/python3.10/site-packages'
[3.361s] Level 1:colcon.colcon_core.environment:checking '/home/sakuto/ros2_ws/install/person_msgs/bin'
[3.362s] INFO:colcon.colcon_core.shell:Creating package script '/home/sakuto/ros2_ws/install/person_msgs/share/person_msgs/package.ps1'
[3.363s] INFO:colcon.colcon_core.shell:Creating package descriptor '/home/sakuto/ros2_ws/install/person_msgs/share/person_msgs/package.dsv'
[3.363s] INFO:colcon.colcon_core.shell:Creating package script '/home/sakuto/ros2_ws/install/person_msgs/share/person_msgs/package.sh'
[3.364s] INFO:colcon.colcon_core.shell:Creating package script '/home/sakuto/ros2_ws/install/person_msgs/share/person_msgs/package.bash'
[3.364s] INFO:colcon.colcon_core.shell:Creating package script '/home/sakuto/ros2_ws/install/person_msgs/share/person_msgs/package.zsh'
[3.365s] Level 1:colcon.colcon_core.environment:create_file_with_runtime_dependencies(/home/sakuto/ros2_ws/install/person_msgs/share/colcon-core/packages/person_msgs)
[3.365s] DEBUG:colcon.colcon_parallel_executor.executor.parallel:closing loop
[3.366s] DEBUG:colcon.colcon_parallel_executor.executor.parallel:loop closed
[3.366s] DEBUG:colcon.colcon_parallel_executor.executor.parallel:run_until_complete finished with '0'
[3.367s] DEBUG:colcon.colcon_core.event_reactor:joining thread
[3.509s] INFO:colcon.colcon_core.plugin_system:Skipping extension 'colcon_notification.desktop_notification.notify_send': Could not find 'notify-send'
[3.509s] INFO:colcon.colcon_core.plugin_system:Skipping extension 'colcon_notification.desktop_notification.terminal_notifier': Not used on non-Darwin systems
[3.509s] INFO:colcon.colcon_core.plugin_system:Skipping extension 'colcon_notification.desktop_notification.win32': Not used on non-Windows systems
[3.509s] INFO:colcon.colcon_notification.desktop_notification:Sending desktop notification using 'notify2'
[3.509s] DEBUG:colcon.colcon_notification.desktop_notification.notify2:Failed to initialize notify2: org.freedesktop.DBus.Error.NotSupported: Unable to autolaunch a dbus-daemon without a $DISPLAY for X11
[3.510s] DEBUG:colcon.colcon_core.event_reactor:joined thread
[3.512s] INFO:colcon.colcon_core.shell:Creating prefix script '/home/sakuto/ros2_ws/install/local_setup.ps1'
[3.519s] INFO:colcon.colcon_core.shell:Creating prefix util module '/home/sakuto/ros2_ws/install/_local_setup_util_ps1.py'
[3.522s] INFO:colcon.colcon_core.shell:Creating prefix chain script '/home/sakuto/ros2_ws/install/setup.ps1'
[3.525s] INFO:colcon.colcon_core.shell:Creating prefix script '/home/sakuto/ros2_ws/install/local_setup.sh'
[3.526s] INFO:colcon.colcon_core.shell:Creating prefix util module '/home/sakuto/ros2_ws/install/_local_setup_util_sh.py'
[3.527s] INFO:colcon.colcon_core.shell:Creating prefix chain script '/home/sakuto/ros2_ws/install/setup.sh'
[3.529s] INFO:colcon.colcon_core.shell:Creating prefix script '/home/sakuto/ros2_ws/install/local_setup.bash'
[3.530s] INFO:colcon.colcon_core.shell:Creating prefix chain script '/home/sakuto/ros2_ws/install/setup.bash'
[3.532s] INFO:colcon.colcon_core.shell:Creating prefix script '/home/sakuto/ros2_ws/install/local_setup.zsh'
[3.533s] INFO:colcon.colcon_core.shell:Creating prefix chain script '/home/sakuto/ros2_ws/install/setup.zsh'
