[0.606s] Invoking command in '/home/sakuto/ros2_ws/src/mypkg': PYTHONPATH=/home/sakuto/ros2_ws/build/mypkg/prefix_override:/home/sakuto/ros2_ws/install/mypkg/lib/python3.10/site-packages:${PYTHONPATH} /usr/bin/python3 setup.py egg_info --egg-base ../../build/mypkg build --build-base /home/sakuto/ros2_ws/build/mypkg/build install --record /home/sakuto/ros2_ws/build/mypkg/install.log --single-version-externally-managed
[0.846s] running egg_info
[0.846s] writing ../../build/mypkg/mypkg.egg-info/PKG-INFO
[0.847s] writing dependency_links to ../../build/mypkg/mypkg.egg-info/dependency_links.txt
[0.847s] writing entry points to ../../build/mypkg/mypkg.egg-info/entry_points.txt
[0.847s] writing requirements to ../../build/mypkg/mypkg.egg-info/requires.txt
[0.848s] writing top-level names to ../../build/mypkg/mypkg.egg-info/top_level.txt
[0.849s] reading manifest file '../../build/mypkg/mypkg.egg-info/SOURCES.txt'
[0.851s] writing manifest file '../../build/mypkg/mypkg.egg-info/SOURCES.txt'
[0.851s] running build
[0.851s] running build_py
[0.851s] running install
[0.851s] /usr/lib/python3/dist-packages/setuptools/command/install.py:34: SetuptoolsDeprecationWarning: setup.py install is deprecated. Use build and pip and other standards-based tools.
[0.852s]   warnings.warn(
[0.852s] running install_lib
[0.853s] running install_data
[0.854s] running install_egg_info
[0.855s] removing '/home/sakuto/ros2_ws/install/mypkg/lib/python3.10/site-packages/mypkg-0.0.0-py3.10.egg-info' (and everything under it)
[0.856s] Copying ../../build/mypkg/mypkg.egg-info to /home/sakuto/ros2_ws/install/mypkg/lib/python3.10/site-packages/mypkg-0.0.0-py3.10.egg-info
[0.857s] running install_scripts
[0.882s] Installing listener script to /home/sakuto/ros2_ws/install/mypkg/lib/mypkg
[0.882s] Installing talker script to /home/sakuto/ros2_ws/install/mypkg/lib/mypkg
[0.883s] writing list of installed files to '/home/sakuto/ros2_ws/build/mypkg/install.log'
[0.916s] Invoked command in '/home/sakuto/ros2_ws/src/mypkg' returned '0': PYTHONPATH=/home/sakuto/ros2_ws/build/mypkg/prefix_override:/home/sakuto/ros2_ws/install/mypkg/lib/python3.10/site-packages:${PYTHONPATH} /usr/bin/python3 setup.py egg_info --egg-base ../../build/mypkg build --build-base /home/sakuto/ros2_ws/build/mypkg/build install --record /home/sakuto/ros2_ws/build/mypkg/install.log --single-version-externally-managed
