[0.331s] Invoking command in '/home/sakuto/ros2_ws/src/mypkg': PYTHONPATH=/home/sakuto/ros2_ws/build/mypkg/prefix_override:/home/sakuto/ros2_ws/install/mypkg/lib/python3.10/site-packages:${PYTHONPATH} /usr/bin/python3 setup.py egg_info --egg-base ../../build/mypkg build --build-base /home/sakuto/ros2_ws/build/mypkg/build install --record /home/sakuto/ros2_ws/build/mypkg/install.log --single-version-externally-managed
[0.451s] running egg_info
[0.451s] writing ../../build/mypkg/mypkg.egg-info/PKG-INFO
[0.451s] writing dependency_links to ../../build/mypkg/mypkg.egg-info/dependency_links.txt
[0.451s] writing entry points to ../../build/mypkg/mypkg.egg-info/entry_points.txt
[0.452s] writing requirements to ../../build/mypkg/mypkg.egg-info/requires.txt
[0.452s] writing top-level names to ../../build/mypkg/mypkg.egg-info/top_level.txt
[0.453s] reading manifest file '../../build/mypkg/mypkg.egg-info/SOURCES.txt'
[0.453s] writing manifest file '../../build/mypkg/mypkg.egg-info/SOURCES.txt'
[0.453s] running build
[0.453s] running build_py
[0.453s] copying mypkg/talker.py -> /home/sakuto/ros2_ws/build/mypkg/build/lib/mypkg
[0.454s] running install
[0.454s] /usr/lib/python3/dist-packages/setuptools/command/install.py:34: SetuptoolsDeprecationWarning: setup.py install is deprecated. Use build and pip and other standards-based tools.
[0.454s]   warnings.warn(
[0.454s] running install_lib
[0.454s] copying /home/sakuto/ros2_ws/build/mypkg/build/lib/mypkg/talker.py -> /home/sakuto/ros2_ws/install/mypkg/lib/python3.10/site-packages/mypkg
[0.455s] byte-compiling /home/sakuto/ros2_ws/install/mypkg/lib/python3.10/site-packages/mypkg/talker.py to talker.cpython-310.pyc
[0.455s] running install_data
[0.455s] copying package.xml -> /home/sakuto/ros2_ws/install/mypkg/share/mypkg
[0.455s] running install_egg_info
[0.456s] removing '/home/sakuto/ros2_ws/install/mypkg/lib/python3.10/site-packages/mypkg-0.0.0-py3.10.egg-info' (and everything under it)
[0.456s] Copying ../../build/mypkg/mypkg.egg-info to /home/sakuto/ros2_ws/install/mypkg/lib/python3.10/site-packages/mypkg-0.0.0-py3.10.egg-info
[0.457s] running install_scripts
[0.470s] Installing talker script to /home/sakuto/ros2_ws/install/mypkg/lib/mypkg
[0.470s] writing list of installed files to '/home/sakuto/ros2_ws/build/mypkg/install.log'
[0.485s] Invoked command in '/home/sakuto/ros2_ws/src/mypkg' returned '0': PYTHONPATH=/home/sakuto/ros2_ws/build/mypkg/prefix_override:/home/sakuto/ros2_ws/install/mypkg/lib/python3.10/site-packages:${PYTHONPATH} /usr/bin/python3 setup.py egg_info --egg-base ../../build/mypkg build --build-base /home/sakuto/ros2_ws/build/mypkg/build install --record /home/sakuto/ros2_ws/build/mypkg/install.log --single-version-externally-managed
